[ 2017-10-16T15:37:37+08:00 ] ::1 /itcenter/
INFO: [ app_init ] --START--
INFO: Run Behavior\BuildLiteBehavior [ RunTime:0.000000s ]
INFO: [ app_init ] --END-- [ RunTime:0.032002s ]
INFO: [ app_begin ] --START--
INFO: Run Behavior\ReadHtmlCacheBehavior [ RunTime:0.002000s ]
INFO: [ app_begin ] --END-- [ RunTime:0.002000s ]
INFO: [ view_parse ] --START--
INFO: [ template_filter ] --START--
INFO: Run Behavior\ContentReplaceBehavior [ RunTime:0.013000s ]
INFO: [ template_filter ] --END-- [ RunTime:0.013000s ]
INFO: Run Behavior\ParseTemplateBehavior [ RunTime:0.041002s ]
INFO: [ view_parse ] --END-- [ RunTime:0.041002s ]
INFO: [ view_filter ] --START--
INFO: Run Behavior\WriteHtmlCacheBehavior [ RunTime:0.005001s ]
INFO: [ view_filter ] --END-- [ RunTime:0.006001s ]
INFO: [ app_end ] --START--
INFO: Run Behavior\ShowPageTraceBehavior [ RunTime:0.002000s ]
INFO: [ app_end ] --END-- [ RunTime:0.003000s ]

[ 2017-10-16T15:37:39+08:00 ] ::1 /itcenter/index.php/Home/Index/login.html
INFO: [ app_init ] --START--
INFO: Run Behavior\BuildLiteBehavior [ RunTime:0.000000s ]
INFO: [ app_init ] --END-- [ RunTime:0.001000s ]
INFO: [ app_begin ] --START--
INFO: Run Behavior\ReadHtmlCacheBehavior [ RunTime:0.001000s ]
INFO: [ app_begin ] --END-- [ RunTime:0.001000s ]
SQL: SHOW COLUMNS FROM `manager` [ RunTime:0.0470s ]
SQL: SELECT * FROM `manager` WHERE `name` = 'xuyuanfan' LIMIT 1   [ RunTime:0.0020s ]
NOTIC: [8] Undefined variable: userData D:\software\wamp\www\ITCenter\Application\Home\Controller\IndexController.class.php 第 16 行.

[ 2017-10-16T15:37:39+08:00 ] ::1 /itcenter/index.php/Home/Asset/assetList.html
INFO: [ app_init ] --START--
INFO: Run Behavior\BuildLiteBehavior [ RunTime:0.000000s ]
INFO: [ app_init ] --END-- [ RunTime:0.001000s ]
INFO: [ app_begin ] --START--
INFO: Run Behavior\ReadHtmlCacheBehavior [ RunTime:0.001000s ]
INFO: [ app_begin ] --END-- [ RunTime:0.001000s ]
INFO: [ view_parse ] --START--
INFO: [ template_filter ] --START--
INFO: Run Behavior\ContentReplaceBehavior [ RunTime:0.000000s ]
INFO: [ template_filter ] --END-- [ RunTime:0.000000s ]
INFO: Run Behavior\ParseTemplateBehavior [ RunTime:0.049003s ]
INFO: [ view_parse ] --END-- [ RunTime:0.049003s ]
INFO: [ view_filter ] --START--
INFO: Run Behavior\WriteHtmlCacheBehavior [ RunTime:0.001000s ]
INFO: [ view_filter ] --END-- [ RunTime:0.001000s ]
INFO: [ app_end ] --START--
INFO: Run Behavior\ShowPageTraceBehavior [ RunTime:0.002000s ]
INFO: [ app_end ] --END-- [ RunTime:0.002000s ]

[ 2017-10-16T15:37:39+08:00 ] ::1 /itcenter/index.php/Home/Asset/getOptionData/type/1.html
INFO: [ app_init ] --START--
INFO: Run Behavior\BuildLiteBehavior [ RunTime:0.000000s ]
INFO: [ app_init ] --END-- [ RunTime:0.001000s ]
INFO: [ app_begin ] --START--
INFO: Run Behavior\ReadHtmlCacheBehavior [ RunTime:0.001000s ]
INFO: [ app_begin ] --END-- [ RunTime:0.001000s ]
SQL: SHOW COLUMNS FROM `option` [ RunTime:0.0030s ]
SQL: SELECT `id`,`option_name` FROM `option` WHERE `type` = '1'  [ RunTime:0.0010s ]

[ 2017-10-16T15:37:39+08:00 ] ::1 /itcenter/index.php/Home/Asset/getOptionData/type/3.html
INFO: [ app_init ] --START--
INFO: Run Behavior\BuildLiteBehavior [ RunTime:0.000000s ]
INFO: [ app_init ] --END-- [ RunTime:0.001000s ]
INFO: [ app_begin ] --START--
INFO: Run Behavior\ReadHtmlCacheBehavior [ RunTime:0.000000s ]
INFO: [ app_begin ] --END-- [ RunTime:0.000000s ]
SQL: SHOW COLUMNS FROM `option` [ RunTime:0.0010s ]
SQL: SELECT `id`,`option_name` FROM `option` WHERE `type` = '3'  [ RunTime:0.0010s ]

[ 2017-10-16T15:37:39+08:00 ] ::1 /itcenter/index.php/Home/Asset/getOptionData/type/2.html
INFO: [ app_init ] --START--
INFO: Run Behavior\BuildLiteBehavior [ RunTime:0.000000s ]
INFO: [ app_init ] --END-- [ RunTime:0.001000s ]
INFO: [ app_begin ] --START--
INFO: Run Behavior\ReadHtmlCacheBehavior [ RunTime:0.001000s ]
INFO: [ app_begin ] --END-- [ RunTime:0.002000s ]
SQL: SHOW COLUMNS FROM `option` [ RunTime:0.0020s ]
SQL: SELECT `id`,`option_name` FROM `option` WHERE `type` = '2'  [ RunTime:0.0010s ]

[ 2017-10-16T15:37:39+08:00 ] ::1 /itcenter/index.php/Home/Asset/getOptionData/type/5.html
INFO: [ app_init ] --START--
INFO: Run Behavior\BuildLiteBehavior [ RunTime:0.000000s ]
INFO: [ app_init ] --END-- [ RunTime:0.001000s ]
INFO: [ app_begin ] --START--
INFO: Run Behavior\ReadHtmlCacheBehavior [ RunTime:0.001000s ]
INFO: [ app_begin ] --END-- [ RunTime:0.001000s ]
SQL: SHOW COLUMNS FROM `option` [ RunTime:0.0020s ]
SQL: SELECT `id`,`option_name` FROM `option` WHERE `type` = '5'  [ RunTime:0.0010s ]

[ 2017-10-16T15:37:39+08:00 ] ::1 /itcenter/index.php/Home/Asset/getOptionData/type/4.html
INFO: [ app_init ] --START--
INFO: Run Behavior\BuildLiteBehavior [ RunTime:0.000000s ]
INFO: [ app_init ] --END-- [ RunTime:0.001000s ]
INFO: [ app_begin ] --START--
INFO: Run Behavior\ReadHtmlCacheBehavior [ RunTime:0.001000s ]
INFO: [ app_begin ] --END-- [ RunTime:0.001000s ]
SQL: SHOW COLUMNS FROM `option` [ RunTime:0.0010s ]
SQL: SELECT `id`,`option_name` FROM `option` WHERE `type` = '4'  [ RunTime:0.0000s ]

[ 2017-10-16T15:37:39+08:00 ] ::1 /itcenter/index.php/Home/Asset/getOptionData/type/1.html
INFO: [ app_init ] --START--
INFO: Run Behavior\BuildLiteBehavior [ RunTime:0.000000s ]
INFO: [ app_init ] --END-- [ RunTime:0.001000s ]
INFO: [ app_begin ] --START--
INFO: Run Behavior\ReadHtmlCacheBehavior [ RunTime:0.001000s ]
INFO: [ app_begin ] --END-- [ RunTime:0.001000s ]
SQL: SHOW COLUMNS FROM `option` [ RunTime:0.0020s ]
SQL: SELECT `id`,`option_name` FROM `option` WHERE `type` = '1'  [ RunTime:0.0010s ]

[ 2017-10-16T15:37:39+08:00 ] ::1 /itcenter/index.php/Home/Asset/getOptionData/type/2.html
INFO: [ app_init ] --START--
INFO: Run Behavior\BuildLiteBehavior [ RunTime:0.000000s ]
INFO: [ app_init ] --END-- [ RunTime:0.000000s ]
INFO: [ app_begin ] --START--
INFO: Run Behavior\ReadHtmlCacheBehavior [ RunTime:0.001000s ]
INFO: [ app_begin ] --END-- [ RunTime:0.002000s ]
SQL: SHOW COLUMNS FROM `option` [ RunTime:0.0010s ]
SQL: SELECT `id`,`option_name` FROM `option` WHERE `type` = '2'  [ RunTime:0.0010s ]

[ 2017-10-16T15:37:39+08:00 ] ::1 /itcenter/index.php/Home/Asset/getOptionData/type/3.html
INFO: [ app_init ] --START--
INFO: Run Behavior\BuildLiteBehavior [ RunTime:0.000000s ]
INFO: [ app_init ] --END-- [ RunTime:0.001000s ]
INFO: [ app_begin ] --START--
INFO: Run Behavior\ReadHtmlCacheBehavior [ RunTime:0.001000s ]
INFO: [ app_begin ] --END-- [ RunTime:0.002000s ]
SQL: SHOW COLUMNS FROM `option` [ RunTime:0.0020s ]
SQL: SELECT `id`,`option_name` FROM `option` WHERE `type` = '3'  [ RunTime:0.0010s ]

[ 2017-10-16T15:37:39+08:00 ] ::1 /itcenter/index.php/Home/Asset/getOptionData/type/5.html
INFO: [ app_init ] --START--
INFO: Run Behavior\BuildLiteBehavior [ RunTime:0.000000s ]
INFO: [ app_init ] --END-- [ RunTime:0.000000s ]
INFO: [ app_begin ] --START--
INFO: Run Behavior\ReadHtmlCacheBehavior [ RunTime:0.001000s ]
INFO: [ app_begin ] --END-- [ RunTime:0.002000s ]
SQL: SHOW COLUMNS FROM `option` [ RunTime:0.0010s ]
SQL: SELECT `id`,`option_name` FROM `option` WHERE `type` = '5'  [ RunTime:0.0010s ]

[ 2017-10-16T15:37:39+08:00 ] ::1 /itcenter/index.php/Home/Asset/getOptionData/type/4.html
INFO: [ app_init ] --START--
INFO: Run Behavior\BuildLiteBehavior [ RunTime:0.000000s ]
INFO: [ app_init ] --END-- [ RunTime:0.001000s ]
INFO: [ app_begin ] --START--
INFO: Run Behavior\ReadHtmlCacheBehavior [ RunTime:0.001000s ]
INFO: [ app_begin ] --END-- [ RunTime:0.001000s ]
SQL: SHOW COLUMNS FROM `option` [ RunTime:0.0020s ]
SQL: SELECT `id`,`option_name` FROM `option` WHERE `type` = '4'  [ RunTime:0.0010s ]

[ 2017-10-16T15:37:39+08:00 ] ::1 /itcenter/index.php/Home/Asset/getAssetData.html
INFO: [ app_init ] --START--
INFO: Run Behavior\BuildLiteBehavior [ RunTime:0.000000s ]
INFO: [ app_init ] --END-- [ RunTime:0.001000s ]
INFO: [ app_begin ] --START--
INFO: Run Behavior\ReadHtmlCacheBehavior [ RunTime:0.001000s ]
INFO: [ app_begin ] --END-- [ RunTime:0.001000s ]
SQL: SHOW COLUMNS FROM `option` [ RunTime:0.0020s ]
SQL: SELECT * FROM `option`  [ RunTime:0.0010s ]
SQL: SHOW COLUMNS FROM `asset` [ RunTime:0.0370s ]
SQL: SELECT * FROM `asset`  [ RunTime:0.0010s ]
NOTIC: [8] Undefined offset: 0 D:\software\wamp\www\ITCenter\Application\Home\Controller\AssetController.class.php 第 22 行.
NOTIC: [8] Undefined offset: 0 D:\software\wamp\www\ITCenter\Application\Home\Controller\AssetController.class.php 第 23 行.

[ 2017-10-16T15:37:42+08:00 ] ::1 /itcenter/index.php/Home/Asset/assetList.html
INFO: [ app_init ] --START--
INFO: Run Behavior\BuildLiteBehavior [ RunTime:0.000000s ]
INFO: [ app_init ] --END-- [ RunTime:0.001000s ]
INFO: [ app_begin ] --START--
INFO: Run Behavior\ReadHtmlCacheBehavior [ RunTime:0.000000s ]
INFO: [ app_begin ] --END-- [ RunTime:0.001000s ]
INFO: [ view_parse ] --START--
INFO: [ template_filter ] --START--
INFO: Run Behavior\ContentReplaceBehavior [ RunTime:0.001000s ]
INFO: [ template_filter ] --END-- [ RunTime:0.001000s ]
INFO: Run Behavior\ParseTemplateBehavior [ RunTime:0.020001s ]
INFO: [ view_parse ] --END-- [ RunTime:0.021001s ]
INFO: [ view_filter ] --START--
INFO: Run Behavior\WriteHtmlCacheBehavior [ RunTime:0.000000s ]
INFO: [ view_filter ] --END-- [ RunTime:0.000000s ]
INFO: [ app_end ] --START--
INFO: Run Behavior\ShowPageTraceBehavior [ RunTime:0.001000s ]
INFO: [ app_end ] --END-- [ RunTime:0.001000s ]

[ 2017-10-16T15:37:43+08:00 ] ::1 /itcenter/index.php/Home/Asset/getOptionData/type/1.html
INFO: [ app_init ] --START--
INFO: Run Behavior\BuildLiteBehavior [ RunTime:0.000000s ]
INFO: [ app_init ] --END-- [ RunTime:0.000000s ]
INFO: [ app_begin ] --START--
INFO: Run Behavior\ReadHtmlCacheBehavior [ RunTime:0.001000s ]
INFO: [ app_begin ] --END-- [ RunTime:0.001000s ]
SQL: SHOW COLUMNS FROM `option` [ RunTime:0.0020s ]
SQL: SELECT `id`,`option_name` FROM `option` WHERE `type` = '1'  [ RunTime:0.0020s ]

[ 2017-10-16T15:37:43+08:00 ] ::1 /itcenter/index.php/Home/Asset/getOptionData/type/2.html
INFO: [ app_init ] --START--
INFO: Run Behavior\BuildLiteBehavior [ RunTime:0.000000s ]
INFO: [ app_init ] --END-- [ RunTime:0.001000s ]
INFO: [ app_begin ] --START--
INFO: Run Behavior\ReadHtmlCacheBehavior [ RunTime:0.001000s ]
INFO: [ app_begin ] --END-- [ RunTime:0.001000s ]
SQL: SHOW COLUMNS FROM `option` [ RunTime:0.0030s ]
SQL: SELECT `id`,`option_name` FROM `option` WHERE `type` = '2'  [ RunTime:0.0010s ]

[ 2017-10-16T15:37:43+08:00 ] ::1 /itcenter/index.php/Home/Asset/getOptionData/type/3.html
INFO: [ app_init ] --START--
INFO: Run Behavior\BuildLiteBehavior [ RunTime:0.000000s ]
INFO: [ app_init ] --END-- [ RunTime:0.001000s ]
INFO: [ app_begin ] --START--
INFO: Run Behavior\ReadHtmlCacheBehavior [ RunTime:0.001000s ]
INFO: [ app_begin ] --END-- [ RunTime:0.002000s ]
SQL: SHOW COLUMNS FROM `option` [ RunTime:0.0020s ]
SQL: SELECT `id`,`option_name` FROM `option` WHERE `type` = '3'  [ RunTime:0.0010s ]

[ 2017-10-16T15:37:43+08:00 ] ::1 /itcenter/index.php/Home/Asset/getOptionData/type/5.html
INFO: [ app_init ] --START--
INFO: Run Behavior\BuildLiteBehavior [ RunTime:0.000000s ]
INFO: [ app_init ] --END-- [ RunTime:0.001000s ]
INFO: [ app_begin ] --START--
INFO: Run Behavior\ReadHtmlCacheBehavior [ RunTime:0.001000s ]
INFO: [ app_begin ] --END-- [ RunTime:0.001000s ]
SQL: SHOW COLUMNS FROM `option` [ RunTime:0.0010s ]
SQL: SELECT `id`,`option_name` FROM `option` WHERE `type` = '5'  [ RunTime:0.0010s ]

[ 2017-10-16T15:37:43+08:00 ] ::1 /itcenter/index.php/Home/Asset/getOptionData/type/4.html
INFO: [ app_init ] --START--
INFO: Run Behavior\BuildLiteBehavior [ RunTime:0.000000s ]
INFO: [ app_init ] --END-- [ RunTime:0.001000s ]
INFO: [ app_begin ] --START--
INFO: Run Behavior\ReadHtmlCacheBehavior [ RunTime:0.001000s ]
INFO: [ app_begin ] --END-- [ RunTime:0.001000s ]
SQL: SHOW COLUMNS FROM `option` [ RunTime:0.0020s ]
SQL: SELECT `id`,`option_name` FROM `option` WHERE `type` = '4'  [ RunTime:0.0010s ]

[ 2017-10-16T15:37:43+08:00 ] ::1 /itcenter/index.php/Home/Asset/getOptionData/type/1.html
INFO: [ app_init ] --START--
INFO: Run Behavior\BuildLiteBehavior [ RunTime:0.000000s ]
INFO: [ app_init ] --END-- [ RunTime:0.001000s ]
INFO: [ app_begin ] --START--
INFO: Run Behavior\ReadHtmlCacheBehavior [ RunTime:0.001000s ]
INFO: [ app_begin ] --END-- [ RunTime:0.001000s ]
SQL: SHOW COLUMNS FROM `option` [ RunTime:0.0010s ]
SQL: SELECT `id`,`option_name` FROM `option` WHERE `type` = '1'  [ RunTime:0.0000s ]

[ 2017-10-16T15:37:43+08:00 ] ::1 /itcenter/index.php/Home/Asset/getOptionData/type/2.html
INFO: [ app_init ] --START--
INFO: Run Behavior\BuildLiteBehavior [ RunTime:0.000000s ]
INFO: [ app_init ] --END-- [ RunTime:0.001000s ]
INFO: [ app_begin ] --START--
INFO: Run Behavior\ReadHtmlCacheBehavior [ RunTime:0.001000s ]
INFO: [ app_begin ] --END-- [ RunTime:0.001000s ]
SQL: SHOW COLUMNS FROM `option` [ RunTime:0.0010s ]
SQL: SELECT `id`,`option_name` FROM `option` WHERE `type` = '2'  [ RunTime:0.0010s ]

[ 2017-10-16T15:37:43+08:00 ] ::1 /itcenter/index.php/Home/Asset/getOptionData/type/3.html
INFO: [ app_init ] --START--
INFO: Run Behavior\BuildLiteBehavior [ RunTime:0.000000s ]
INFO: [ app_init ] --END-- [ RunTime:0.001000s ]
INFO: [ app_begin ] --START--
INFO: Run Behavior\ReadHtmlCacheBehavior [ RunTime:0.001000s ]
INFO: [ app_begin ] --END-- [ RunTime:0.001000s ]
SQL: SHOW COLUMNS FROM `option` [ RunTime:0.0010s ]
SQL: SELECT `id`,`option_name` FROM `option` WHERE `type` = '3'  [ RunTime:0.0000s ]

[ 2017-10-16T15:37:43+08:00 ] ::1 /itcenter/index.php/Home/Asset/getOptionData/type/5.html
INFO: [ app_init ] --START--
INFO: Run Behavior\BuildLiteBehavior [ RunTime:0.000000s ]
INFO: [ app_init ] --END-- [ RunTime:0.001000s ]
INFO: [ app_begin ] --START--
INFO: Run Behavior\ReadHtmlCacheBehavior [ RunTime:0.001000s ]
INFO: [ app_begin ] --END-- [ RunTime:0.002000s ]
SQL: SHOW COLUMNS FROM `option` [ RunTime:0.0010s ]
SQL: SELECT `id`,`option_name` FROM `option` WHERE `type` = '5'  [ RunTime:0.0000s ]

[ 2017-10-16T15:37:43+08:00 ] ::1 /itcenter/index.php/Home/Asset/getOptionData/type/4.html
INFO: [ app_init ] --START--
INFO: Run Behavior\BuildLiteBehavior [ RunTime:0.000000s ]
INFO: [ app_init ] --END-- [ RunTime:0.001000s ]
INFO: [ app_begin ] --START--
INFO: Run Behavior\ReadHtmlCacheBehavior [ RunTime:0.001000s ]
INFO: [ app_begin ] --END-- [ RunTime:0.001000s ]
SQL: SHOW COLUMNS FROM `option` [ RunTime:0.0010s ]
SQL: SELECT `id`,`option_name` FROM `option` WHERE `type` = '4'  [ RunTime:0.0000s ]

[ 2017-10-16T15:37:43+08:00 ] ::1 /itcenter/index.php/Home/Asset/getAssetData.html
INFO: [ app_init ] --START--
INFO: Run Behavior\BuildLiteBehavior [ RunTime:0.000000s ]
INFO: [ app_init ] --END-- [ RunTime:0.001000s ]
INFO: [ app_begin ] --START--
INFO: Run Behavior\ReadHtmlCacheBehavior [ RunTime:0.001000s ]
INFO: [ app_begin ] --END-- [ RunTime:0.002001s ]
SQL: SHOW COLUMNS FROM `option` [ RunTime:0.0020s ]
SQL: SELECT * FROM `option`  [ RunTime:0.0010s ]
SQL: SHOW COLUMNS FROM `asset` [ RunTime:0.0040s ]
SQL: SELECT * FROM `asset`  [ RunTime:0.0010s ]
NOTIC: [8] Undefined offset: 0 D:\software\wamp\www\ITCenter\Application\Home\Controller\AssetController.class.php 第 22 行.
NOTIC: [8] Undefined offset: 0 D:\software\wamp\www\ITCenter\Application\Home\Controller\AssetController.class.php 第 23 行.

[ 2017-10-16T15:37:58+08:00 ] ::1 /itcenter/index.php/Home/Asset/assetEdit
INFO: [ app_init ] --START--
INFO: Run Behavior\BuildLiteBehavior [ RunTime:0.000000s ]
INFO: [ app_init ] --END-- [ RunTime:0.001000s ]
INFO: [ app_begin ] --START--
INFO: Run Behavior\ReadHtmlCacheBehavior [ RunTime:0.001000s ]
INFO: [ app_begin ] --END-- [ RunTime:0.002000s ]
SQL: SHOW COLUMNS FROM `asset` [ RunTime:0.0010s ]
NOTIC: [8] Undefined index: id D:\software\wamp\www\ITCenter\Application\Home\Controller\AssetController.class.php 第 89 行.
SQL: SELECT * FROM `asset` WHERE `id` = null LIMIT 1   [ RunTime:0.0320s ]

[ 2017-10-16T17:04:34+08:00 ] ::1 /itcenter/index.php/Home/Asset/assetList.html
INFO: [ app_init ] --START--
INFO: Run Behavior\BuildLiteBehavior [ RunTime:0.000000s ]
INFO: [ app_init ] --END-- [ RunTime:0.001000s ]
INFO: [ app_begin ] --START--
INFO: Run Behavior\ReadHtmlCacheBehavior [ RunTime:0.001000s ]
INFO: [ app_begin ] --END-- [ RunTime:0.001000s ]
INFO: [ view_parse ] --START--
INFO: [ template_filter ] --START--
INFO: Run Behavior\ContentReplaceBehavior [ RunTime:0.000000s ]
INFO: [ template_filter ] --END-- [ RunTime:0.000000s ]
INFO: Run Behavior\ParseTemplateBehavior [ RunTime:0.023001s ]
INFO: [ view_parse ] --END-- [ RunTime:0.023001s ]
INFO: [ view_filter ] --START--
INFO: Run Behavior\WriteHtmlCacheBehavior [ RunTime:0.001000s ]
INFO: [ view_filter ] --END-- [ RunTime:0.001000s ]
INFO: [ app_end ] --START--
INFO: Run Behavior\ShowPageTraceBehavior [ RunTime:0.002000s ]
INFO: [ app_end ] --END-- [ RunTime:0.002000s ]

[ 2017-10-16T17:04:34+08:00 ] ::1 /itcenter/index.php/Home/Asset/getOptionData/type/1.html
INFO: [ app_init ] --START--
INFO: Run Behavior\BuildLiteBehavior [ RunTime:0.000000s ]
INFO: [ app_init ] --END-- [ RunTime:0.001000s ]
INFO: [ app_begin ] --START--
INFO: Run Behavior\ReadHtmlCacheBehavior [ RunTime:0.001000s ]
INFO: [ app_begin ] --END-- [ RunTime:0.001000s ]
SQL: SHOW COLUMNS FROM `option` [ RunTime:0.0030s ]
SQL: SELECT `id`,`option_name` FROM `option` WHERE `type` = '1'  [ RunTime:0.0000s ]

[ 2017-10-16T17:04:35+08:00 ] ::1 /itcenter/index.php/Home/Asset/getOptionData/type/5.html
INFO: [ app_init ] --START--
INFO: Run Behavior\BuildLiteBehavior [ RunTime:0.000000s ]
INFO: [ app_init ] --END-- [ RunTime:0.002001s ]
INFO: [ app_begin ] --START--
INFO: Run Behavior\ReadHtmlCacheBehavior [ RunTime:0.001000s ]
INFO: [ app_begin ] --END-- [ RunTime:0.001000s ]
SQL: SHOW COLUMNS FROM `option` [ RunTime:0.0010s ]
SQL: SELECT `id`,`option_name` FROM `option` WHERE `type` = '5'  [ RunTime:0.0000s ]

[ 2017-10-16T17:04:35+08:00 ] ::1 /itcenter/index.php/Home/Asset/getOptionData/type/3.html
INFO: [ app_init ] --START--
INFO: Run Behavior\BuildLiteBehavior [ RunTime:0.000000s ]
INFO: [ app_init ] --END-- [ RunTime:0.002000s ]
INFO: [ app_begin ] --START--
INFO: Run Behavior\ReadHtmlCacheBehavior [ RunTime:0.001000s ]
INFO: [ app_begin ] --END-- [ RunTime:0.001000s ]
SQL: SHOW COLUMNS FROM `option` [ RunTime:0.0020s ]
SQL: SELECT `id`,`option_name` FROM `option` WHERE `type` = '3'  [ RunTime:0.0010s ]

[ 2017-10-16T17:04:35+08:00 ] ::1 /itcenter/index.php/Home/Asset/getOptionData/type/2.html
INFO: [ app_init ] --START--
INFO: Run Behavior\BuildLiteBehavior [ RunTime:0.001000s ]
INFO: [ app_init ] --END-- [ RunTime:0.003001s ]
INFO: [ app_begin ] --START--
INFO: Run Behavior\ReadHtmlCacheBehavior [ RunTime:0.001000s ]
INFO: [ app_begin ] --END-- [ RunTime:0.001000s ]
SQL: SHOW COLUMNS FROM `option` [ RunTime:0.0010s ]
SQL: SELECT `id`,`option_name` FROM `option` WHERE `type` = '2'  [ RunTime:0.0000s ]

[ 2017-10-16T17:04:35+08:00 ] ::1 /itcenter/index.php/Home/Asset/getOptionData/type/2.html
INFO: [ app_init ] --START--
INFO: Run Behavior\BuildLiteBehavior [ RunTime:0.000000s ]
INFO: [ app_init ] --END-- [ RunTime:0.001000s ]
INFO: [ app_begin ] --START--
INFO: Run Behavior\ReadHtmlCacheBehavior [ RunTime:0.000000s ]
INFO: [ app_begin ] --END-- [ RunTime:0.001000s ]
SQL: SHOW COLUMNS FROM `option` [ RunTime:0.0010s ]
SQL: SELECT `id`,`option_name` FROM `option` WHERE `type` = '2'  [ RunTime:0.0010s ]

[ 2017-10-16T17:04:35+08:00 ] ::1 /itcenter/index.php/Home/Asset/getOptionData/type/4.html
INFO: [ app_init ] --START--
INFO: Run Behavior\BuildLiteBehavior [ RunTime:0.000000s ]
INFO: [ app_init ] --END-- [ RunTime:0.001000s ]
INFO: [ app_begin ] --START--
INFO: Run Behavior\ReadHtmlCacheBehavior [ RunTime:0.001000s ]
INFO: [ app_begin ] --END-- [ RunTime:0.001000s ]
SQL: SHOW COLUMNS FROM `option` [ RunTime:0.0020s ]
SQL: SELECT `id`,`option_name` FROM `option` WHERE `type` = '4'  [ RunTime:0.0010s ]

[ 2017-10-16T17:04:35+08:00 ] ::1 /itcenter/index.php/Home/Asset/getOptionData/type/1.html
INFO: [ app_init ] --START--
INFO: Run Behavior\BuildLiteBehavior [ RunTime:0.000000s ]
INFO: [ app_init ] --END-- [ RunTime:0.001000s ]
INFO: [ app_begin ] --START--
INFO: Run Behavior\ReadHtmlCacheBehavior [ RunTime:0.001000s ]
INFO: [ app_begin ] --END-- [ RunTime:0.001000s ]
SQL: SHOW COLUMNS FROM `option` [ RunTime:0.0010s ]
SQL: SELECT `id`,`option_name` FROM `option` WHERE `type` = '1'  [ RunTime:0.0010s ]

[ 2017-10-16T17:04:35+08:00 ] ::1 /itcenter/index.php/Home/Asset/getOptionData/type/3.html
INFO: [ app_init ] --START--
INFO: Run Behavior\BuildLiteBehavior [ RunTime:0.000000s ]
INFO: [ app_init ] --END-- [ RunTime:0.001000s ]
INFO: [ app_begin ] --START--
INFO: Run Behavior\ReadHtmlCacheBehavior [ RunTime:0.001000s ]
INFO: [ app_begin ] --END-- [ RunTime:0.001000s ]
SQL: SHOW COLUMNS FROM `option` [ RunTime:0.0010s ]
SQL: SELECT `id`,`option_name` FROM `option` WHERE `type` = '3'  [ RunTime:0.0000s ]

[ 2017-10-16T17:04:35+08:00 ] ::1 /itcenter/index.php/Home/Asset/getOptionData/type/5.html
INFO: [ app_init ] --START--
INFO: Run Behavior\BuildLiteBehavior [ RunTime:0.000000s ]
INFO: [ app_init ] --END-- [ RunTime:0.001001s ]
INFO: [ app_begin ] --START--
INFO: Run Behavior\ReadHtmlCacheBehavior [ RunTime:0.001000s ]
INFO: [ app_begin ] --END-- [ RunTime:0.002000s ]
SQL: SHOW COLUMNS FROM `option` [ RunTime:0.0000s ]
SQL: SELECT `id`,`option_name` FROM `option` WHERE `type` = '5'  [ RunTime:0.0010s ]

[ 2017-10-16T17:04:35+08:00 ] ::1 /itcenter/index.php/Home/Asset/getOptionData/type/4.html
INFO: [ app_init ] --START--
INFO: Run Behavior\BuildLiteBehavior [ RunTime:0.000000s ]
INFO: [ app_init ] --END-- [ RunTime:0.001000s ]
INFO: [ app_begin ] --START--
INFO: Run Behavior\ReadHtmlCacheBehavior [ RunTime:0.001000s ]
INFO: [ app_begin ] --END-- [ RunTime:0.001000s ]
SQL: SHOW COLUMNS FROM `option` [ RunTime:0.0000s ]
SQL: SELECT `id`,`option_name` FROM `option` WHERE `type` = '4'  [ RunTime:0.0000s ]

[ 2017-10-16T17:04:35+08:00 ] ::1 /itcenter/index.php/Home/Asset/getAssetData.html
INFO: [ app_init ] --START--
INFO: Run Behavior\BuildLiteBehavior [ RunTime:0.000000s ]
INFO: [ app_init ] --END-- [ RunTime:0.001000s ]
INFO: [ app_begin ] --START--
INFO: Run Behavior\ReadHtmlCacheBehavior [ RunTime:0.001000s ]
INFO: [ app_begin ] --END-- [ RunTime:0.001000s ]
SQL: SHOW COLUMNS FROM `option` [ RunTime:0.0010s ]
SQL: SELECT * FROM `option`  [ RunTime:0.0010s ]
SQL: SHOW COLUMNS FROM `asset` [ RunTime:0.0020s ]
SQL: SELECT * FROM `asset`  [ RunTime:0.0010s ]
NOTIC: [8] Undefined offset: 0 D:\software\wamp\www\ITCenter\Application\Home\Controller\AssetController.class.php 第 22 行.
NOTIC: [8] Undefined offset: 0 D:\software\wamp\www\ITCenter\Application\Home\Controller\AssetController.class.php 第 23 行.

[ 2017-10-16T17:04:44+08:00 ] ::1 /itcenter/index.php/Home/Asset/getAssetData.html
INFO: [ app_init ] --START--
INFO: Run Behavior\BuildLiteBehavior [ RunTime:0.000000s ]
INFO: [ app_init ] --END-- [ RunTime:0.001000s ]
INFO: [ app_begin ] --START--
INFO: Run Behavior\ReadHtmlCacheBehavior [ RunTime:0.000000s ]
INFO: [ app_begin ] --END-- [ RunTime:0.000000s ]
SQL: SHOW COLUMNS FROM `option` [ RunTime:0.0010s ]
SQL: SELECT * FROM `option`  [ RunTime:0.0010s ]
SQL: SHOW COLUMNS FROM `asset` [ RunTime:0.0010s ]
SQL: SELECT * FROM `asset`  [ RunTime:0.0010s ]
NOTIC: [8] Undefined offset: 0 D:\software\wamp\www\ITCenter\Application\Home\Controller\AssetController.class.php 第 22 行.
NOTIC: [8] Undefined offset: 0 D:\software\wamp\www\ITCenter\Application\Home\Controller\AssetController.class.php 第 23 行.

[ 2017-10-16T17:04:46+08:00 ] ::1 /itcenter/index.php/Home/Asset/getAssetData.html
INFO: [ app_init ] --START--
INFO: Run Behavior\BuildLiteBehavior [ RunTime:0.000000s ]
INFO: [ app_init ] --END-- [ RunTime:0.001000s ]
INFO: [ app_begin ] --START--
INFO: Run Behavior\ReadHtmlCacheBehavior [ RunTime:0.001000s ]
INFO: [ app_begin ] --END-- [ RunTime:0.001000s ]
SQL: SHOW COLUMNS FROM `option` [ RunTime:0.0010s ]
SQL: SELECT * FROM `option`  [ RunTime:0.0010s ]
SQL: SHOW COLUMNS FROM `asset` [ RunTime:0.0010s ]
SQL: SELECT * FROM `asset`  [ RunTime:0.0010s ]
NOTIC: [8] Undefined offset: 0 D:\software\wamp\www\ITCenter\Application\Home\Controller\AssetController.class.php 第 22 行.
NOTIC: [8] Undefined offset: 0 D:\software\wamp\www\ITCenter\Application\Home\Controller\AssetController.class.php 第 23 行.

[ 2017-10-16T17:13:30+08:00 ] ::1 /itcenter/index.php/Home/Asset/assetList.html
INFO: [ app_init ] --START--
INFO: Run Behavior\BuildLiteBehavior [ RunTime:0.000000s ]
INFO: [ app_init ] --END-- [ RunTime:0.000000s ]
INFO: [ app_begin ] --START--
INFO: Run Behavior\ReadHtmlCacheBehavior [ RunTime:0.000000s ]
INFO: [ app_begin ] --END-- [ RunTime:0.001000s ]
INFO: [ view_parse ] --START--
INFO: [ template_filter ] --START--
INFO: Run Behavior\ContentReplaceBehavior [ RunTime:0.000000s ]
INFO: [ template_filter ] --END-- [ RunTime:0.001000s ]
INFO: Run Behavior\ParseTemplateBehavior [ RunTime:0.019001s ]
INFO: [ view_parse ] --END-- [ RunTime:0.019001s ]
INFO: [ view_filter ] --START--
INFO: Run Behavior\WriteHtmlCacheBehavior [ RunTime:0.001000s ]
INFO: [ view_filter ] --END-- [ RunTime:0.001000s ]
INFO: [ app_end ] --START--
INFO: Run Behavior\ShowPageTraceBehavior [ RunTime:0.002000s ]
INFO: [ app_end ] --END-- [ RunTime:0.002000s ]

[ 2017-10-16T17:13:30+08:00 ] ::1 /itcenter/index.php/Home/Asset/getOptionData/type/1.html
INFO: [ app_init ] --START--
INFO: Run Behavior\BuildLiteBehavior [ RunTime:0.000000s ]
INFO: [ app_init ] --END-- [ RunTime:0.004000s ]
INFO: [ app_begin ] --START--
INFO: Run Behavior\ReadHtmlCacheBehavior [ RunTime:0.001000s ]
INFO: [ app_begin ] --END-- [ RunTime:0.001000s ]
SQL: SHOW COLUMNS FROM `option` [ RunTime:0.0050s ]
SQL: SELECT `id`,`option_name` FROM `option` WHERE `type` = '1'  [ RunTime:0.0010s ]

[ 2017-10-16T17:13:30+08:00 ] ::1 /itcenter/index.php/Home/Asset/getOptionData/type/2.html
INFO: [ app_init ] --START--
INFO: Run Behavior\BuildLiteBehavior [ RunTime:0.000000s ]
INFO: [ app_init ] --END-- [ RunTime:0.001000s ]
INFO: [ app_begin ] --START--
INFO: Run Behavior\ReadHtmlCacheBehavior [ RunTime:0.003000s ]
INFO: [ app_begin ] --END-- [ RunTime:0.003000s ]
SQL: SHOW COLUMNS FROM `option` [ RunTime:0.0010s ]
SQL: SELECT `id`,`option_name` FROM `option` WHERE `type` = '2'  [ RunTime:0.0000s ]

[ 2017-10-16T17:13:30+08:00 ] ::1 /itcenter/index.php/Home/Asset/getOptionData/type/3.html
INFO: [ app_init ] --START--
INFO: Run Behavior\BuildLiteBehavior [ RunTime:0.000000s ]
INFO: [ app_init ] --END-- [ RunTime:0.002000s ]
INFO: [ app_begin ] --START--
INFO: Run Behavior\ReadHtmlCacheBehavior [ RunTime:0.002000s ]
INFO: [ app_begin ] --END-- [ RunTime:0.004000s ]
SQL: SHOW COLUMNS FROM `option` [ RunTime:0.0010s ]
SQL: SELECT `id`,`option_name` FROM `option` WHERE `type` = '3'  [ RunTime:0.0020s ]

[ 2017-10-16T17:13:30+08:00 ] ::1 /itcenter/index.php/Home/Asset/getOptionData/type/4.html
INFO: [ app_init ] --START--
INFO: Run Behavior\BuildLiteBehavior [ RunTime:0.000000s ]
INFO: [ app_init ] --END-- [ RunTime:0.002000s ]
INFO: [ app_begin ] --START--
INFO: Run Behavior\ReadHtmlCacheBehavior [ RunTime:0.001000s ]
INFO: [ app_begin ] --END-- [ RunTime:0.001000s ]
SQL: SHOW COLUMNS FROM `option` [ RunTime:0.0000s ]
SQL: SELECT `id`,`option_name` FROM `option` WHERE `type` = '4'  [ RunTime:0.0010s ]

[ 2017-10-16T17:13:30+08:00 ] ::1 /itcenter/index.php/Home/Asset/getOptionData/type/5.html
INFO: [ app_init ] --START--
INFO: Run Behavior\BuildLiteBehavior [ RunTime:0.001000s ]
INFO: [ app_init ] --END-- [ RunTime:0.002000s ]
INFO: [ app_begin ] --START--
INFO: Run Behavior\ReadHtmlCacheBehavior [ RunTime:0.001000s ]
INFO: [ app_begin ] --END-- [ RunTime:0.001000s ]
SQL: SHOW COLUMNS FROM `option` [ RunTime:0.0010s ]
SQL: SELECT `id`,`option_name` FROM `option` WHERE `type` = '5'  [ RunTime:0.0010s ]

[ 2017-10-16T17:13:30+08:00 ] ::1 /itcenter/index.php/Home/Asset/getOptionData/type/1.html
INFO: [ app_init ] --START--
INFO: Run Behavior\BuildLiteBehavior [ RunTime:0.000000s ]
INFO: [ app_init ] --END-- [ RunTime:0.001000s ]
INFO: [ app_begin ] --START--
INFO: Run Behavior\ReadHtmlCacheBehavior [ RunTime:0.002000s ]
INFO: [ app_begin ] --END-- [ RunTime:0.002000s ]
SQL: SHOW COLUMNS FROM `option` [ RunTime:0.0010s ]
SQL: SELECT `id`,`option_name` FROM `option` WHERE `type` = '1'  [ RunTime:0.0010s ]

[ 2017-10-16T17:13:30+08:00 ] ::1 /itcenter/index.php/Home/Asset/getOptionData/type/2.html
INFO: [ app_init ] --START--
INFO: Run Behavior\BuildLiteBehavior [ RunTime:0.000000s ]
INFO: [ app_init ] --END-- [ RunTime:0.001000s ]
INFO: [ app_begin ] --START--
INFO: Run Behavior\ReadHtmlCacheBehavior [ RunTime:0.000000s ]
INFO: [ app_begin ] --END-- [ RunTime:0.001000s ]
SQL: SHOW COLUMNS FROM `option` [ RunTime:0.0010s ]
SQL: SELECT `id`,`option_name` FROM `option` WHERE `type` = '2'  [ RunTime:0.0010s ]

[ 2017-10-16T17:13:30+08:00 ] ::1 /itcenter/index.php/Home/Asset/getOptionData/type/3.html
INFO: [ app_init ] --START--
INFO: Run Behavior\BuildLiteBehavior [ RunTime:0.000000s ]
INFO: [ app_init ] --END-- [ RunTime:0.000000s ]
INFO: [ app_begin ] --START--
INFO: Run Behavior\ReadHtmlCacheBehavior [ RunTime:0.001000s ]
INFO: [ app_begin ] --END-- [ RunTime:0.001000s ]
SQL: SHOW COLUMNS FROM `option` [ RunTime:0.0010s ]
SQL: SELECT `id`,`option_name` FROM `option` WHERE `type` = '3'  [ RunTime:0.0000s ]

[ 2017-10-16T17:13:30+08:00 ] ::1 /itcenter/index.php/Home/Asset/getOptionData/type/5.html
INFO: [ app_init ] --START--
INFO: Run Behavior\BuildLiteBehavior [ RunTime:0.000000s ]
INFO: [ app_init ] --END-- [ RunTime:0.001000s ]
INFO: [ app_begin ] --START--
INFO: Run Behavior\ReadHtmlCacheBehavior [ RunTime:0.001000s ]
INFO: [ app_begin ] --END-- [ RunTime:0.001000s ]
SQL: SHOW COLUMNS FROM `option` [ RunTime:0.0010s ]
SQL: SELECT `id`,`option_name` FROM `option` WHERE `type` = '5'  [ RunTime:0.0000s ]

[ 2017-10-16T17:13:30+08:00 ] ::1 /itcenter/index.php/Home/Asset/getOptionData/type/4.html
INFO: [ app_init ] --START--
INFO: Run Behavior\BuildLiteBehavior [ RunTime:0.000000s ]
INFO: [ app_init ] --END-- [ RunTime:0.001000s ]
INFO: [ app_begin ] --START--
INFO: Run Behavior\ReadHtmlCacheBehavior [ RunTime:0.000000s ]
INFO: [ app_begin ] --END-- [ RunTime:0.001000s ]
SQL: SHOW COLUMNS FROM `option` [ RunTime:0.0010s ]
SQL: SELECT `id`,`option_name` FROM `option` WHERE `type` = '4'  [ RunTime:0.0000s ]

[ 2017-10-16T17:13:30+08:00 ] ::1 /itcenter/index.php/Home/Asset/getAssetData.html
INFO: [ app_init ] --START--
INFO: Run Behavior\BuildLiteBehavior [ RunTime:0.000000s ]
INFO: [ app_init ] --END-- [ RunTime:0.001000s ]
INFO: [ app_begin ] --START--
INFO: Run Behavior\ReadHtmlCacheBehavior [ RunTime:0.001000s ]
INFO: [ app_begin ] --END-- [ RunTime:0.001000s ]
SQL: SHOW COLUMNS FROM `option` [ RunTime:0.0000s ]
SQL: SELECT * FROM `option`  [ RunTime:0.0010s ]
SQL: SHOW COLUMNS FROM `asset` [ RunTime:0.0010s ]
SQL: SELECT * FROM `asset`  [ RunTime:0.0010s ]
NOTIC: [8] Undefined offset: 0 D:\software\wamp\www\ITCenter\Application\Home\Controller\AssetController.class.php 第 22 行.
NOTIC: [8] Undefined offset: 0 D:\software\wamp\www\ITCenter\Application\Home\Controller\AssetController.class.php 第 23 行.

[ 2017-10-16T17:13:34+08:00 ] ::1 /itcenter/index.php/Home/Asset/getAssetData.html
INFO: [ app_init ] --START--
INFO: Run Behavior\BuildLiteBehavior [ RunTime:0.000000s ]
INFO: [ app_init ] --END-- [ RunTime:0.001000s ]
INFO: [ app_begin ] --START--
INFO: Run Behavior\ReadHtmlCacheBehavior [ RunTime:0.000000s ]
INFO: [ app_begin ] --END-- [ RunTime:0.000000s ]
SQL: SHOW COLUMNS FROM `option` [ RunTime:0.0010s ]
SQL: SELECT * FROM `option`  [ RunTime:0.0010s ]
SQL: SHOW COLUMNS FROM `asset` [ RunTime:0.0020s ]
SQL: SELECT * FROM `asset`  [ RunTime:0.0010s ]
NOTIC: [8] Undefined offset: 0 D:\software\wamp\www\ITCenter\Application\Home\Controller\AssetController.class.php 第 22 行.
NOTIC: [8] Undefined offset: 0 D:\software\wamp\www\ITCenter\Application\Home\Controller\AssetController.class.php 第 23 行.

[ 2017-10-16T17:13:37+08:00 ] ::1 /itcenter/index.php/Home/Asset/getAssetData.html
INFO: [ app_init ] --START--
INFO: Run Behavior\BuildLiteBehavior [ RunTime:0.000000s ]
INFO: [ app_init ] --END-- [ RunTime:0.001000s ]
INFO: [ app_begin ] --START--
INFO: Run Behavior\ReadHtmlCacheBehavior [ RunTime:0.001000s ]
INFO: [ app_begin ] --END-- [ RunTime:0.001000s ]
SQL: SHOW COLUMNS FROM `option` [ RunTime:0.0010s ]
SQL: SELECT * FROM `option`  [ RunTime:0.0010s ]
SQL: SHOW COLUMNS FROM `asset` [ RunTime:0.0010s ]
SQL: SELECT * FROM `asset`  [ RunTime:0.0010s ]
NOTIC: [8] Undefined offset: 0 D:\software\wamp\www\ITCenter\Application\Home\Controller\AssetController.class.php 第 22 行.
NOTIC: [8] Undefined offset: 0 D:\software\wamp\www\ITCenter\Application\Home\Controller\AssetController.class.php 第 23 行.

[ 2017-10-16T17:25:25+08:00 ] ::1 /itcenter/index.php/Home/Asset/assetList.html
INFO: [ app_init ] --START--
INFO: Run Behavior\BuildLiteBehavior [ RunTime:0.000000s ]
INFO: [ app_init ] --END-- [ RunTime:0.001000s ]
INFO: [ app_begin ] --START--
INFO: Run Behavior\ReadHtmlCacheBehavior [ RunTime:0.001000s ]
INFO: [ app_begin ] --END-- [ RunTime:0.001000s ]
INFO: [ view_parse ] --START--
INFO: [ template_filter ] --START--
INFO: Run Behavior\ContentReplaceBehavior [ RunTime:0.000000s ]
INFO: [ template_filter ] --END-- [ RunTime:0.000000s ]
INFO: Run Behavior\ParseTemplateBehavior [ RunTime:0.017001s ]
INFO: [ view_parse ] --END-- [ RunTime:0.017001s ]
INFO: [ view_filter ] --START--
INFO: Run Behavior\WriteHtmlCacheBehavior [ RunTime:0.001000s ]
INFO: [ view_filter ] --END-- [ RunTime:0.001000s ]
INFO: [ app_end ] --START--
INFO: Run Behavior\ShowPageTraceBehavior [ RunTime:0.000000s ]
INFO: [ app_end ] --END-- [ RunTime:0.001000s ]

[ 2017-10-16T17:25:26+08:00 ] ::1 /itcenter/index.php/Home/Asset/getOptionData/type/1.html
INFO: [ app_init ] --START--
INFO: Run Behavior\BuildLiteBehavior [ RunTime:0.000000s ]
INFO: [ app_init ] --END-- [ RunTime:0.001000s ]
INFO: [ app_begin ] --START--
INFO: Run Behavior\ReadHtmlCacheBehavior [ RunTime:0.000000s ]
INFO: [ app_begin ] --END-- [ RunTime:0.000000s ]
SQL: SHOW COLUMNS FROM `option` [ RunTime:0.0030s ]
SQL: SELECT `id`,`option_name` FROM `option` WHERE `type` = '1'  [ RunTime:0.0010s ]

[ 2017-10-16T17:25:26+08:00 ] ::1 /itcenter/index.php/Home/Asset/getOptionData/type/3.html
INFO: [ app_init ] --START--
INFO: Run Behavior\BuildLiteBehavior [ RunTime:0.000000s ]
INFO: [ app_init ] --END-- [ RunTime:0.002000s ]
INFO: [ app_begin ] --START--
INFO: Run Behavior\ReadHtmlCacheBehavior [ RunTime:0.001000s ]
INFO: [ app_begin ] --END-- [ RunTime:0.002000s ]
SQL: SHOW COLUMNS FROM `option` [ RunTime:0.0010s ]
SQL: SELECT `id`,`option_name` FROM `option` WHERE `type` = '3'  [ RunTime:0.0010s ]

[ 2017-10-16T17:25:26+08:00 ] ::1 /itcenter/index.php/Home/Asset/getOptionData/type/2.html
INFO: [ app_init ] --START--
INFO: Run Behavior\BuildLiteBehavior [ RunTime:0.000000s ]
INFO: [ app_init ] --END-- [ RunTime:0.005000s ]
INFO: [ app_begin ] --START--
INFO: Run Behavior\ReadHtmlCacheBehavior [ RunTime:0.002000s ]
INFO: [ app_begin ] --END-- [ RunTime:0.002000s ]
SQL: SHOW COLUMNS FROM `option` [ RunTime:0.0010s ]
SQL: SELECT `id`,`option_name` FROM `option` WHERE `type` = '2'  [ RunTime:0.0010s ]

[ 2017-10-16T17:25:26+08:00 ] ::1 /itcenter/index.php/Home/Asset/getOptionData/type/4.html
INFO: [ app_init ] --START--
INFO: Run Behavior\BuildLiteBehavior [ RunTime:0.000000s ]
INFO: [ app_init ] --END-- [ RunTime:0.001001s ]
INFO: [ app_begin ] --START--
INFO: Run Behavior\ReadHtmlCacheBehavior [ RunTime:0.002000s ]
INFO: [ app_begin ] --END-- [ RunTime:0.002000s ]
SQL: SHOW COLUMNS FROM `option` [ RunTime:0.0010s ]
SQL: SELECT `id`,`option_name` FROM `option` WHERE `type` = '4'  [ RunTime:0.0000s ]

[ 2017-10-16T17:25:26+08:00 ] ::1 /itcenter/index.php/Home/Asset/getOptionData/type/5.html
INFO: [ app_init ] --START--
INFO: Run Behavior\BuildLiteBehavior [ RunTime:0.001000s ]
INFO: [ app_init ] --END-- [ RunTime:0.003000s ]
INFO: [ app_begin ] --START--
INFO: Run Behavior\ReadHtmlCacheBehavior [ RunTime:0.002000s ]
INFO: [ app_begin ] --END-- [ RunTime:0.002000s ]
SQL: SHOW COLUMNS FROM `option` [ RunTime:0.0010s ]
SQL: SELECT `id`,`option_name` FROM `option` WHERE `type` = '5'  [ RunTime:0.0010s ]

[ 2017-10-16T17:25:26+08:00 ] ::1 /itcenter/index.php/Home/Asset/getOptionData/type/1.html
INFO: [ app_init ] --START--
INFO: Run Behavior\BuildLiteBehavior [ RunTime:0.000000s ]
INFO: [ app_init ] --END-- [ RunTime:0.002000s ]
INFO: [ app_begin ] --START--
INFO: Run Behavior\ReadHtmlCacheBehavior [ RunTime:0.001000s ]
INFO: [ app_begin ] --END-- [ RunTime:0.002000s ]
SQL: SHOW COLUMNS FROM `option` [ RunTime:0.0010s ]
SQL: SELECT `id`,`option_name` FROM `option` WHERE `type` = '1'  [ RunTime:0.0010s ]

[ 2017-10-16T17:25:26+08:00 ] ::1 /itcenter/index.php/Home/Asset/getOptionData/type/2.html
INFO: [ app_init ] --START--
INFO: Run Behavior\BuildLiteBehavior [ RunTime:0.000000s ]
INFO: [ app_init ] --END-- [ RunTime:0.001000s ]
INFO: [ app_begin ] --START--
INFO: Run Behavior\ReadHtmlCacheBehavior [ RunTime:0.001000s ]
INFO: [ app_begin ] --END-- [ RunTime:0.001000s ]
SQL: SHOW COLUMNS FROM `option` [ RunTime:0.0010s ]
SQL: SELECT `id`,`option_name` FROM `option` WHERE `type` = '2'  [ RunTime:0.0010s ]

[ 2017-10-16T17:25:26+08:00 ] ::1 /itcenter/index.php/Home/Asset/getOptionData/type/3.html
INFO: [ app_init ] --START--
INFO: Run Behavior\BuildLiteBehavior [ RunTime:0.000000s ]
INFO: [ app_init ] --END-- [ RunTime:0.001000s ]
INFO: [ app_begin ] --START--
INFO: Run Behavior\ReadHtmlCacheBehavior [ RunTime:0.001000s ]
INFO: [ app_begin ] --END-- [ RunTime:0.001000s ]
SQL: SHOW COLUMNS FROM `option` [ RunTime:0.0010s ]
SQL: SELECT `id`,`option_name` FROM `option` WHERE `type` = '3'  [ RunTime:0.0010s ]

[ 2017-10-16T17:25:26+08:00 ] ::1 /itcenter/index.php/Home/Asset/getOptionData/type/5.html
INFO: [ app_init ] --START--
INFO: Run Behavior\BuildLiteBehavior [ RunTime:0.000000s ]
INFO: [ app_init ] --END-- [ RunTime:0.001000s ]
INFO: [ app_begin ] --START--
INFO: Run Behavior\ReadHtmlCacheBehavior [ RunTime:0.001000s ]
INFO: [ app_begin ] --END-- [ RunTime:0.001000s ]
SQL: SHOW COLUMNS FROM `option` [ RunTime:0.0010s ]
SQL: SELECT `id`,`option_name` FROM `option` WHERE `type` = '5'  [ RunTime:0.0010s ]

[ 2017-10-16T17:25:26+08:00 ] ::1 /itcenter/index.php/Home/Asset/getOptionData/type/4.html
INFO: [ app_init ] --START--
INFO: Run Behavior\BuildLiteBehavior [ RunTime:0.000000s ]
INFO: [ app_init ] --END-- [ RunTime:0.001000s ]
INFO: [ app_begin ] --START--
INFO: Run Behavior\ReadHtmlCacheBehavior [ RunTime:0.001000s ]
INFO: [ app_begin ] --END-- [ RunTime:0.001000s ]
SQL: SHOW COLUMNS FROM `option` [ RunTime:0.0010s ]
SQL: SELECT `id`,`option_name` FROM `option` WHERE `type` = '4'  [ RunTime:0.0000s ]

[ 2017-10-16T17:25:26+08:00 ] ::1 /itcenter/index.php/Home/Asset/getAssetData.html
INFO: [ app_init ] --START--
INFO: Run Behavior\BuildLiteBehavior [ RunTime:0.000000s ]
INFO: [ app_init ] --END-- [ RunTime:0.001000s ]
INFO: [ app_begin ] --START--
INFO: Run Behavior\ReadHtmlCacheBehavior [ RunTime:0.000000s ]
INFO: [ app_begin ] --END-- [ RunTime:0.000000s ]
SQL: SHOW COLUMNS FROM `option` [ RunTime:0.0010s ]
SQL: SELECT * FROM `option`  [ RunTime:0.0010s ]
SQL: SHOW COLUMNS FROM `asset` [ RunTime:0.0010s ]
SQL: SELECT * FROM `asset` ORDER BY purchase_date LIMIT 0,10   [ RunTime:0.0010s ]
NOTIC: [8] Undefined offset: 0 D:\software\wamp\www\ITCenter\Application\Home\Controller\AssetController.class.php 第 24 行.
NOTIC: [8] Undefined offset: 0 D:\software\wamp\www\ITCenter\Application\Home\Controller\AssetController.class.php 第 25 行.

[ 2017-10-16T17:25:31+08:00 ] ::1 /itcenter/index.php/Home/Asset/getAssetData.html
INFO: [ app_init ] --START--
INFO: Run Behavior\BuildLiteBehavior [ RunTime:0.000000s ]
INFO: [ app_init ] --END-- [ RunTime:0.000000s ]
INFO: [ app_begin ] --START--
INFO: Run Behavior\ReadHtmlCacheBehavior [ RunTime:0.001000s ]
INFO: [ app_begin ] --END-- [ RunTime:0.001000s ]
SQL: SHOW COLUMNS FROM `option` [ RunTime:0.0000s ]
SQL: SELECT * FROM `option`  [ RunTime:0.0010s ]
SQL: SHOW COLUMNS FROM `asset` [ RunTime:0.0010s ]
SQL: SELECT * FROM `asset` ORDER BY purchase_date LIMIT 10,10   [ RunTime:0.0010s ]

[ 2017-10-16T17:25:33+08:00 ] ::1 /itcenter/index.php/Home/Asset/getAssetData.html
INFO: [ app_init ] --START--
INFO: Run Behavior\BuildLiteBehavior [ RunTime:0.000000s ]
INFO: [ app_init ] --END-- [ RunTime:0.001000s ]
INFO: [ app_begin ] --START--
INFO: Run Behavior\ReadHtmlCacheBehavior [ RunTime:0.000000s ]
INFO: [ app_begin ] --END-- [ RunTime:0.001000s ]
SQL: SHOW COLUMNS FROM `option` [ RunTime:0.0000s ]
SQL: SELECT * FROM `option`  [ RunTime:0.0010s ]
SQL: SHOW COLUMNS FROM `asset` [ RunTime:0.0010s ]
SQL: SELECT * FROM `asset` ORDER BY purchase_date LIMIT 0,10   [ RunTime:0.0010s ]
NOTIC: [8] Undefined offset: 0 D:\software\wamp\www\ITCenter\Application\Home\Controller\AssetController.class.php 第 24 行.
NOTIC: [8] Undefined offset: 0 D:\software\wamp\www\ITCenter\Application\Home\Controller\AssetController.class.php 第 25 行.

[ 2017-10-16T17:25:34+08:00 ] ::1 /itcenter/index.php/Home/Asset/getAssetData.html
INFO: [ app_init ] --START--
INFO: Run Behavior\BuildLiteBehavior [ RunTime:0.000000s ]
INFO: [ app_init ] --END-- [ RunTime:0.001000s ]
INFO: [ app_begin ] --START--
INFO: Run Behavior\ReadHtmlCacheBehavior [ RunTime:0.001000s ]
INFO: [ app_begin ] --END-- [ RunTime:0.001000s ]
SQL: SHOW COLUMNS FROM `option` [ RunTime:0.0010s ]
SQL: SELECT * FROM `option`  [ RunTime:0.0010s ]
SQL: SHOW COLUMNS FROM `asset` [ RunTime:0.0010s ]
SQL: SELECT * FROM `asset` ORDER BY purchase_date LIMIT 10,10   [ RunTime:0.0000s ]

[ 2017-10-16T17:25:36+08:00 ] ::1 /itcenter/index.php/Home/Asset/getAssetData.html
INFO: [ app_init ] --START--
INFO: Run Behavior\BuildLiteBehavior [ RunTime:0.000000s ]
INFO: [ app_init ] --END-- [ RunTime:0.001000s ]
INFO: [ app_begin ] --START--
INFO: Run Behavior\ReadHtmlCacheBehavior [ RunTime:0.001000s ]
INFO: [ app_begin ] --END-- [ RunTime:0.001000s ]
SQL: SHOW COLUMNS FROM `option` [ RunTime:0.0000s ]
SQL: SELECT * FROM `option`  [ RunTime:0.0010s ]
SQL: SHOW COLUMNS FROM `asset` [ RunTime:0.0020s ]
SQL: SELECT * FROM `asset` ORDER BY purchase_date LIMIT 0,10   [ RunTime:0.0000s ]
NOTIC: [8] Undefined offset: 0 D:\software\wamp\www\ITCenter\Application\Home\Controller\AssetController.class.php 第 24 行.
NOTIC: [8] Undefined offset: 0 D:\software\wamp\www\ITCenter\Application\Home\Controller\AssetController.class.php 第 25 行.

[ 2017-10-16T17:25:40+08:00 ] ::1 /itcenter/index.php/Home/Asset/getAssetData.html
INFO: [ app_init ] --START--
INFO: Run Behavior\BuildLiteBehavior [ RunTime:0.000000s ]
INFO: [ app_init ] --END-- [ RunTime:0.001000s ]
INFO: [ app_begin ] --START--
INFO: Run Behavior\ReadHtmlCacheBehavior [ RunTime:0.001000s ]
INFO: [ app_begin ] --END-- [ RunTime:0.001000s ]
SQL: SHOW COLUMNS FROM `option` [ RunTime:0.0010s ]
SQL: SELECT * FROM `option`  [ RunTime:0.0010s ]
SQL: SHOW COLUMNS FROM `asset` [ RunTime:0.0010s ]
SQL: SELECT * FROM `asset` ORDER BY purchase_date LIMIT 0,20   [ RunTime:0.0000s ]
NOTIC: [8] Undefined offset: 0 D:\software\wamp\www\ITCenter\Application\Home\Controller\AssetController.class.php 第 24 行.
NOTIC: [8] Undefined offset: 0 D:\software\wamp\www\ITCenter\Application\Home\Controller\AssetController.class.php 第 25 行.

[ 2017-10-16T17:26:03+08:00 ] ::1 /itcenter/index.php/Home/Asset/getAssetData.html
INFO: [ app_init ] --START--
INFO: Run Behavior\BuildLiteBehavior [ RunTime:0.000000s ]
INFO: [ app_init ] --END-- [ RunTime:0.000000s ]
INFO: [ app_begin ] --START--
INFO: Run Behavior\ReadHtmlCacheBehavior [ RunTime:0.000000s ]
INFO: [ app_begin ] --END-- [ RunTime:0.000000s ]
SQL: SHOW COLUMNS FROM `option` [ RunTime:0.0010s ]
SQL: SELECT * FROM `option`  [ RunTime:0.0010s ]
SQL: SHOW COLUMNS FROM `asset` [ RunTime:0.0010s ]
SQL: SELECT * FROM `asset` ORDER BY purchase_date LIMIT 0,10   [ RunTime:0.0010s ]
NOTIC: [8] Undefined offset: 0 D:\software\wamp\www\ITCenter\Application\Home\Controller\AssetController.class.php 第 24 行.
NOTIC: [8] Undefined offset: 0 D:\software\wamp\www\ITCenter\Application\Home\Controller\AssetController.class.php 第 25 行.

[ 2017-10-16T17:26:06+08:00 ] ::1 /itcenter/index.php/Home/Asset/getAssetData.html
INFO: [ app_init ] --START--
INFO: Run Behavior\BuildLiteBehavior [ RunTime:0.000000s ]
INFO: [ app_init ] --END-- [ RunTime:0.001000s ]
INFO: [ app_begin ] --START--
INFO: Run Behavior\ReadHtmlCacheBehavior [ RunTime:0.000000s ]
INFO: [ app_begin ] --END-- [ RunTime:0.001000s ]
SQL: SHOW COLUMNS FROM `option` [ RunTime:0.0010s ]
SQL: SELECT * FROM `option`  [ RunTime:0.0010s ]
SQL: SHOW COLUMNS FROM `asset` [ RunTime:0.0010s ]
SQL: SELECT * FROM `asset` ORDER BY purchase_date LIMIT 10,10   [ RunTime:0.0000s ]

[ 2017-10-16T17:26:08+08:00 ] ::1 /itcenter/index.php/Home/Asset/getAssetData.html
INFO: [ app_init ] --START--
INFO: Run Behavior\BuildLiteBehavior [ RunTime:0.000000s ]
INFO: [ app_init ] --END-- [ RunTime:0.001000s ]
INFO: [ app_begin ] --START--
INFO: Run Behavior\ReadHtmlCacheBehavior [ RunTime:0.000000s ]
INFO: [ app_begin ] --END-- [ RunTime:0.001000s ]
SQL: SHOW COLUMNS FROM `option` [ RunTime:0.0020s ]
SQL: SELECT * FROM `option`  [ RunTime:0.0010s ]
SQL: SHOW COLUMNS FROM `asset` [ RunTime:0.0020s ]
SQL: SELECT * FROM `asset` ORDER BY purchase_date LIMIT 0,20   [ RunTime:0.0000s ]
NOTIC: [8] Undefined offset: 0 D:\software\wamp\www\ITCenter\Application\Home\Controller\AssetController.class.php 第 24 行.
NOTIC: [8] Undefined offset: 0 D:\software\wamp\www\ITCenter\Application\Home\Controller\AssetController.class.php 第 25 行.

[ 2017-10-16T17:27:51+08:00 ] ::1 /itcenter/index.php/Home/Asset/assetEdit
INFO: [ app_init ] --START--
INFO: Run Behavior\BuildLiteBehavior [ RunTime:0.000000s ]
INFO: [ app_init ] --END-- [ RunTime:0.001000s ]
INFO: [ app_begin ] --START--
INFO: Run Behavior\ReadHtmlCacheBehavior [ RunTime:0.001000s ]
INFO: [ app_begin ] --END-- [ RunTime:0.001000s ]
SQL: SHOW COLUMNS FROM `asset` [ RunTime:0.0010s ]
SQL: SELECT * FROM `asset` WHERE `id` = 21 LIMIT 1   [ RunTime:0.0010s ]

