[ 2017-12-10T11:52:30+08:00 ] ::1 /itcenter/
INFO: [ app_init ] --START--
INFO: Run Behavior\BuildLiteBehavior [ RunTime:0.000000s ]
INFO: [ app_init ] --END-- [ RunTime:0.001000s ]
INFO: [ app_begin ] --START--
INFO: Run Behavior\ReadHtmlCacheBehavior [ RunTime:0.001000s ]
INFO: [ app_begin ] --END-- [ RunTime:0.001000s ]
INFO: [ view_parse ] --START--
INFO: [ template_filter ] --START--
INFO: Run Behavior\ContentReplaceBehavior [ RunTime:0.075004s ]
INFO: [ template_filter ] --END-- [ RunTime:0.076004s ]
INFO: Run Behavior\ParseTemplateBehavior [ RunTime:0.256014s ]
INFO: [ view_parse ] --END-- [ RunTime:0.256014s ]
INFO: [ view_filter ] --START--
INFO: Run Behavior\WriteHtmlCacheBehavior [ RunTime:0.000000s ]
INFO: [ view_filter ] --END-- [ RunTime:0.000000s ]
INFO: [ app_end ] --START--
INFO: Run Behavior\ShowPageTraceBehavior [ RunTime:0.000000s ]
INFO: [ app_end ] --END-- [ RunTime:0.001000s ]

[ 2017-12-10T11:52:40+08:00 ] ::1 /itcenter/index.php/Home/Index/login.html
INFO: [ app_init ] --START--
INFO: Run Behavior\BuildLiteBehavior [ RunTime:0.000000s ]
INFO: [ app_init ] --END-- [ RunTime:0.001000s ]
INFO: [ app_begin ] --START--
INFO: Run Behavior\ReadHtmlCacheBehavior [ RunTime:0.001001s ]
INFO: [ app_begin ] --END-- [ RunTime:0.002001s ]
SQL: SHOW COLUMNS FROM `manager` [ RunTime:0.8971s ]
SQL: SELECT * FROM `manager` WHERE `name` = 'xuyuanfan' LIMIT 1   [ RunTime:0.1170s ]
NOTIC: [8] Undefined variable: userData G:\wamp\www\ITCenter\Application\Home\Controller\IndexController.class.php 第 16 行.

[ 2017-12-10T11:52:40+08:00 ] ::1 /itcenter/index.php/Home/Asset/assetList.html
INFO: [ app_init ] --START--
INFO: Run Behavior\BuildLiteBehavior [ RunTime:0.000000s ]
INFO: [ app_init ] --END-- [ RunTime:0.001000s ]
INFO: [ app_begin ] --START--
INFO: Run Behavior\ReadHtmlCacheBehavior [ RunTime:0.001000s ]
INFO: [ app_begin ] --END-- [ RunTime:0.001000s ]
INFO: [ view_parse ] --START--
INFO: [ template_filter ] --START--
INFO: Run Behavior\ContentReplaceBehavior [ RunTime:0.000000s ]
INFO: [ template_filter ] --END-- [ RunTime:0.000000s ]
INFO: Run Behavior\ParseTemplateBehavior [ RunTime:0.031002s ]
INFO: [ view_parse ] --END-- [ RunTime:0.031002s ]
INFO: [ view_filter ] --START--
INFO: Run Behavior\WriteHtmlCacheBehavior [ RunTime:0.001000s ]
INFO: [ view_filter ] --END-- [ RunTime:0.001000s ]
INFO: [ app_end ] --START--
INFO: Run Behavior\ShowPageTraceBehavior [ RunTime:0.001000s ]
INFO: [ app_end ] --END-- [ RunTime:0.001000s ]

[ 2017-12-10T11:52:46+08:00 ] ::1 /itcenter/index.php/Home/Allocation/getIdData.html
INFO: [ app_init ] --START--
INFO: Run Behavior\BuildLiteBehavior [ RunTime:0.000000s ]
INFO: [ app_init ] --END-- [ RunTime:0.001000s ]
INFO: [ app_begin ] --START--
INFO: Run Behavior\ReadHtmlCacheBehavior [ RunTime:0.001000s ]
INFO: [ app_begin ] --END-- [ RunTime:0.001000s ]
SQL: SHOW COLUMNS FROM `asset` [ RunTime:0.2160s ]
SQL: SELECT `id` FROM `asset`  [ RunTime:1.4451s ]

[ 2017-12-10T11:52:46+08:00 ] ::1 /itcenter/index.php/Home/Asset/getOptionData/type/3.html
INFO: [ app_init ] --START--
INFO: Run Behavior\BuildLiteBehavior [ RunTime:0.000000s ]
INFO: [ app_init ] --END-- [ RunTime:0.001000s ]
INFO: [ app_begin ] --START--
INFO: Run Behavior\ReadHtmlCacheBehavior [ RunTime:0.001000s ]
INFO: [ app_begin ] --END-- [ RunTime:0.001000s ]
SQL: SHOW COLUMNS FROM `option` [ RunTime:0.1330s ]
SQL: SELECT `id`,`option_name` FROM `option` WHERE `type` = '3'  [ RunTime:0.0010s ]

[ 2017-12-10T11:52:46+08:00 ] ::1 /itcenter/index.php/Home/Asset/getOptionData/type/4.html
INFO: [ app_init ] --START--
INFO: Run Behavior\BuildLiteBehavior [ RunTime:0.000000s ]
INFO: [ app_init ] --END-- [ RunTime:0.001000s ]
INFO: [ app_begin ] --START--
INFO: Run Behavior\ReadHtmlCacheBehavior [ RunTime:0.001001s ]
INFO: [ app_begin ] --END-- [ RunTime:0.001001s ]
SQL: SHOW COLUMNS FROM `option` [ RunTime:0.0030s ]
SQL: SELECT `id`,`option_name` FROM `option` WHERE `type` = '4'  [ RunTime:0.0000s ]

[ 2017-12-10T11:52:46+08:00 ] ::1 /itcenter/index.php/Home/Asset/getOptionData/type/5.html
INFO: [ app_init ] --START--
INFO: Run Behavior\BuildLiteBehavior [ RunTime:0.000000s ]
INFO: [ app_init ] --END-- [ RunTime:0.001000s ]
INFO: [ app_begin ] --START--
INFO: Run Behavior\ReadHtmlCacheBehavior [ RunTime:0.005001s ]
INFO: [ app_begin ] --END-- [ RunTime:0.005001s ]
SQL: SHOW COLUMNS FROM `option` [ RunTime:0.0030s ]
SQL: SELECT `id`,`option_name` FROM `option` WHERE `type` = '5'  [ RunTime:0.0000s ]

[ 2017-12-10T11:52:47+08:00 ] ::1 /itcenter/index.php/Home/Asset/getOptionData/type/2.html
INFO: [ app_init ] --START--
INFO: Run Behavior\BuildLiteBehavior [ RunTime:0.001000s ]
INFO: [ app_init ] --END-- [ RunTime:0.002000s ]
INFO: [ app_begin ] --START--
INFO: Run Behavior\ReadHtmlCacheBehavior [ RunTime:0.001000s ]
INFO: [ app_begin ] --END-- [ RunTime:0.001000s ]
SQL: SHOW COLUMNS FROM `option` [ RunTime:0.0020s ]
SQL: SELECT `id`,`option_name` FROM `option` WHERE `type` = '2'  [ RunTime:0.0010s ]

[ 2017-12-10T11:52:47+08:00 ] ::1 /itcenter/index.php/Home/Asset/getOptionData/type/1.html
INFO: [ app_init ] --START--
INFO: Run Behavior\BuildLiteBehavior [ RunTime:0.000000s ]
INFO: [ app_init ] --END-- [ RunTime:0.000000s ]
INFO: [ app_begin ] --START--
INFO: Run Behavior\ReadHtmlCacheBehavior [ RunTime:0.001000s ]
INFO: [ app_begin ] --END-- [ RunTime:0.001000s ]
SQL: SHOW COLUMNS FROM `option` [ RunTime:0.0030s ]
SQL: SELECT `id`,`option_name` FROM `option` WHERE `type` = '1'  [ RunTime:0.0010s ]

[ 2017-12-10T11:52:47+08:00 ] ::1 /itcenter/index.php/Home/Asset/getOptionData/type/2.html
INFO: [ app_init ] --START--
INFO: Run Behavior\BuildLiteBehavior [ RunTime:0.000000s ]
INFO: [ app_init ] --END-- [ RunTime:0.000000s ]
INFO: [ app_begin ] --START--
INFO: Run Behavior\ReadHtmlCacheBehavior [ RunTime:0.001000s ]
INFO: [ app_begin ] --END-- [ RunTime:0.001000s ]
SQL: SHOW COLUMNS FROM `option` [ RunTime:0.0030s ]
SQL: SELECT `id`,`option_name` FROM `option` WHERE `type` = '2'  [ RunTime:0.0010s ]

[ 2017-12-10T11:52:48+08:00 ] ::1 /itcenter/index.php/Home/Asset/getOptionData/type/3.html
INFO: [ app_init ] --START--
INFO: Run Behavior\BuildLiteBehavior [ RunTime:0.000000s ]
INFO: [ app_init ] --END-- [ RunTime:0.001000s ]
INFO: [ app_begin ] --START--
INFO: Run Behavior\ReadHtmlCacheBehavior [ RunTime:0.001000s ]
INFO: [ app_begin ] --END-- [ RunTime:0.001000s ]
SQL: SHOW COLUMNS FROM `option` [ RunTime:0.0050s ]
SQL: SELECT `id`,`option_name` FROM `option` WHERE `type` = '3'  [ RunTime:0.0000s ]

[ 2017-12-10T11:52:48+08:00 ] ::1 /itcenter/index.php/Home/Asset/getOptionData/type/5.html
INFO: [ app_init ] --START--
INFO: Run Behavior\BuildLiteBehavior [ RunTime:0.000000s ]
INFO: [ app_init ] --END-- [ RunTime:0.001000s ]
INFO: [ app_begin ] --START--
INFO: Run Behavior\ReadHtmlCacheBehavior [ RunTime:0.000000s ]
INFO: [ app_begin ] --END-- [ RunTime:0.000000s ]
SQL: SHOW COLUMNS FROM `option` [ RunTime:0.0030s ]
SQL: SELECT `id`,`option_name` FROM `option` WHERE `type` = '5'  [ RunTime:0.0000s ]

[ 2017-12-10T11:52:48+08:00 ] ::1 /itcenter/index.php/Home/Asset/getOptionData/type/1.html
INFO: [ app_init ] --START--
INFO: Run Behavior\BuildLiteBehavior [ RunTime:0.000000s ]
INFO: [ app_init ] --END-- [ RunTime:0.000000s ]
INFO: [ app_begin ] --START--
INFO: Run Behavior\ReadHtmlCacheBehavior [ RunTime:0.001000s ]
INFO: [ app_begin ] --END-- [ RunTime:0.001000s ]
SQL: SHOW COLUMNS FROM `option` [ RunTime:0.0020s ]
SQL: SELECT `id`,`option_name` FROM `option` WHERE `type` = '1'  [ RunTime:0.0010s ]

[ 2017-12-10T11:52:48+08:00 ] ::1 /itcenter/index.php/Home/Asset/getOptionData/type/4.html
INFO: [ app_init ] --START--
INFO: Run Behavior\BuildLiteBehavior [ RunTime:0.000000s ]
INFO: [ app_init ] --END-- [ RunTime:0.001000s ]
INFO: [ app_begin ] --START--
INFO: Run Behavior\ReadHtmlCacheBehavior [ RunTime:0.000000s ]
INFO: [ app_begin ] --END-- [ RunTime:0.000000s ]
SQL: SHOW COLUMNS FROM `option` [ RunTime:0.0030s ]
SQL: SELECT `id`,`option_name` FROM `option` WHERE `type` = '4'  [ RunTime:0.0010s ]

[ 2017-12-10T11:52:48+08:00 ] ::1 /itcenter/index.php/Home/Asset/getAssetData.html
INFO: [ app_init ] --START--
INFO: Run Behavior\BuildLiteBehavior [ RunTime:0.000000s ]
INFO: [ app_init ] --END-- [ RunTime:0.001000s ]
INFO: [ app_begin ] --START--
INFO: Run Behavior\ReadHtmlCacheBehavior [ RunTime:0.001000s ]
INFO: [ app_begin ] --END-- [ RunTime:0.001000s ]
SQL: SHOW COLUMNS FROM `option` [ RunTime:0.0030s ]
SQL: SELECT * FROM `option`  [ RunTime:0.0010s ]
SQL: SHOW COLUMNS FROM `asset` [ RunTime:0.0030s ]
NOTIC: [8] Undefined index: sID G:\wamp\www\ITCenter\Application\Home\Controller\AssetController.class.php 第 19 行.
NOTIC: [8] Undefined index: sType G:\wamp\www\ITCenter\Application\Home\Controller\AssetController.class.php 第 22 行.
NOTIC: [8] Undefined index: sBrand G:\wamp\www\ITCenter\Application\Home\Controller\AssetController.class.php 第 25 行.
NOTIC: [8] Undefined index: sModel G:\wamp\www\ITCenter\Application\Home\Controller\AssetController.class.php 第 28 行.
NOTIC: [8] Undefined index: sNumber G:\wamp\www\ITCenter\Application\Home\Controller\AssetController.class.php 第 31 行.
NOTIC: [8] Undefined index: sNetWork G:\wamp\www\ITCenter\Application\Home\Controller\AssetController.class.php 第 34 行.
NOTIC: [8] Undefined index: sSource G:\wamp\www\ITCenter\Application\Home\Controller\AssetController.class.php 第 37 行.
NOTIC: [8] Undefined index: sState G:\wamp\www\ITCenter\Application\Home\Controller\AssetController.class.php 第 40 行.
NOTIC: [8] Undefined index: sPurchaseDateS G:\wamp\www\ITCenter\Application\Home\Controller\AssetController.class.php 第 43 行.
SQL: SELECT * FROM `asset` ORDER BY create_date desc LIMIT 0,20   [ RunTime:0.4210s ]
NOTIC: [8] Undefined index:  G:\wamp\www\ITCenter\Application\Home\Controller\AssetController.class.php 第 55 行.
NOTIC: [8] Undefined index:  G:\wamp\www\ITCenter\Application\Home\Controller\AssetController.class.php 第 56 行.
NOTIC: [8] Undefined index:  G:\wamp\www\ITCenter\Application\Home\Controller\AssetController.class.php 第 58 行.
NOTIC: [8] Undefined index:  G:\wamp\www\ITCenter\Application\Home\Controller\AssetController.class.php 第 55 行.
NOTIC: [8] Undefined index:  G:\wamp\www\ITCenter\Application\Home\Controller\AssetController.class.php 第 56 行.
NOTIC: [8] Undefined index:  G:\wamp\www\ITCenter\Application\Home\Controller\AssetController.class.php 第 57 行.
NOTIC: [8] Undefined index:  G:\wamp\www\ITCenter\Application\Home\Controller\AssetController.class.php 第 58 行.
SQL: SELECT COUNT(*) AS tp_count FROM `asset` LIMIT 1   [ RunTime:0.0000s ]

[ 2017-12-10T11:52:49+08:00 ] ::1 /itcenter/index.php/Home/Asset/assetList.html
INFO: [ app_init ] --START--
INFO: Run Behavior\BuildLiteBehavior [ RunTime:0.000000s ]
INFO: [ app_init ] --END-- [ RunTime:0.000000s ]
INFO: [ app_begin ] --START--
INFO: Run Behavior\ReadHtmlCacheBehavior [ RunTime:0.001000s ]
INFO: [ app_begin ] --END-- [ RunTime:0.001000s ]
INFO: [ view_parse ] --START--
INFO: [ template_filter ] --START--
INFO: Run Behavior\ContentReplaceBehavior [ RunTime:0.000000s ]
INFO: [ template_filter ] --END-- [ RunTime:0.000000s ]
INFO: Run Behavior\ParseTemplateBehavior [ RunTime:0.019001s ]
INFO: [ view_parse ] --END-- [ RunTime:0.021001s ]
INFO: [ view_filter ] --START--
INFO: Run Behavior\WriteHtmlCacheBehavior [ RunTime:0.001000s ]
INFO: [ view_filter ] --END-- [ RunTime:0.001000s ]
INFO: [ app_end ] --START--
INFO: Run Behavior\ShowPageTraceBehavior [ RunTime:0.001001s ]
INFO: [ app_end ] --END-- [ RunTime:0.001001s ]

[ 2017-12-10T11:52:50+08:00 ] ::1 /itcenter/index.php/Home/Allocation/getIdData.html
INFO: [ app_init ] --START--
INFO: Run Behavior\BuildLiteBehavior [ RunTime:0.000000s ]
INFO: [ app_init ] --END-- [ RunTime:0.006000s ]
INFO: [ app_begin ] --START--
INFO: Run Behavior\ReadHtmlCacheBehavior [ RunTime:0.000000s ]
INFO: [ app_begin ] --END-- [ RunTime:0.002001s ]
SQL: SHOW COLUMNS FROM `asset` [ RunTime:0.0050s ]
SQL: SELECT `id` FROM `asset`  [ RunTime:0.0000s ]

[ 2017-12-10T11:52:50+08:00 ] ::1 /itcenter/index.php/Home/Asset/getOptionData/type/1.html
INFO: [ app_init ] --START--
INFO: Run Behavior\BuildLiteBehavior [ RunTime:0.000000s ]
INFO: [ app_init ] --END-- [ RunTime:0.000000s ]
INFO: [ app_begin ] --START--
INFO: Run Behavior\ReadHtmlCacheBehavior [ RunTime:0.001000s ]
INFO: [ app_begin ] --END-- [ RunTime:0.001000s ]
SQL: SHOW COLUMNS FROM `option` [ RunTime:0.0030s ]
SQL: SELECT `id`,`option_name` FROM `option` WHERE `type` = '1'  [ RunTime:0.0000s ]

[ 2017-12-10T11:52:50+08:00 ] ::1 /itcenter/index.php/Home/Asset/getOptionData/type/2.html
INFO: [ app_init ] --START--
INFO: Run Behavior\BuildLiteBehavior [ RunTime:0.000000s ]
INFO: [ app_init ] --END-- [ RunTime:0.001000s ]
INFO: [ app_begin ] --START--
INFO: Run Behavior\ReadHtmlCacheBehavior [ RunTime:0.001000s ]
INFO: [ app_begin ] --END-- [ RunTime:0.001000s ]
SQL: SHOW COLUMNS FROM `option` [ RunTime:0.0030s ]
SQL: SELECT `id`,`option_name` FROM `option` WHERE `type` = '2'  [ RunTime:0.0000s ]

[ 2017-12-10T11:52:50+08:00 ] ::1 /itcenter/index.php/Home/Asset/getOptionData/type/3.html
INFO: [ app_init ] --START--
INFO: Run Behavior\BuildLiteBehavior [ RunTime:0.000000s ]
INFO: [ app_init ] --END-- [ RunTime:0.001000s ]
INFO: [ app_begin ] --START--
INFO: Run Behavior\ReadHtmlCacheBehavior [ RunTime:0.001000s ]
INFO: [ app_begin ] --END-- [ RunTime:0.001000s ]
SQL: SHOW COLUMNS FROM `option` [ RunTime:0.0040s ]
SQL: SELECT `id`,`option_name` FROM `option` WHERE `type` = '3'  [ RunTime:0.0050s ]

[ 2017-12-10T11:52:50+08:00 ] ::1 /itcenter/index.php/Home/Asset/getOptionData/type/5.html
INFO: [ app_init ] --START--
INFO: Run Behavior\BuildLiteBehavior [ RunTime:0.000000s ]
INFO: [ app_init ] --END-- [ RunTime:0.001000s ]
INFO: [ app_begin ] --START--
INFO: Run Behavior\ReadHtmlCacheBehavior [ RunTime:0.001000s ]
INFO: [ app_begin ] --END-- [ RunTime:0.001000s ]
SQL: SHOW COLUMNS FROM `option` [ RunTime:0.0030s ]
SQL: SELECT `id`,`option_name` FROM `option` WHERE `type` = '5'  [ RunTime:0.0000s ]

[ 2017-12-10T11:52:51+08:00 ] ::1 /itcenter/index.php/Home/Asset/getOptionData/type/4.html
INFO: [ app_init ] --START--
INFO: Run Behavior\BuildLiteBehavior [ RunTime:0.000000s ]
INFO: [ app_init ] --END-- [ RunTime:0.000000s ]
INFO: [ app_begin ] --START--
INFO: Run Behavior\ReadHtmlCacheBehavior [ RunTime:0.000000s ]
INFO: [ app_begin ] --END-- [ RunTime:0.001000s ]
SQL: SHOW COLUMNS FROM `option` [ RunTime:0.0040s ]
SQL: SELECT `id`,`option_name` FROM `option` WHERE `type` = '4'  [ RunTime:0.0000s ]

[ 2017-12-10T11:52:51+08:00 ] ::1 /itcenter/index.php/Home/Asset/getOptionData/type/1.html
INFO: [ app_init ] --START--
INFO: Run Behavior\BuildLiteBehavior [ RunTime:0.001000s ]
INFO: [ app_init ] --END-- [ RunTime:0.001000s ]
INFO: [ app_begin ] --START--
INFO: Run Behavior\ReadHtmlCacheBehavior [ RunTime:0.001000s ]
INFO: [ app_begin ] --END-- [ RunTime:0.001000s ]
SQL: SHOW COLUMNS FROM `option` [ RunTime:0.0030s ]
SQL: SELECT `id`,`option_name` FROM `option` WHERE `type` = '1'  [ RunTime:0.0000s ]

[ 2017-12-10T11:52:51+08:00 ] ::1 /itcenter/index.php/Home/Asset/getOptionData/type/2.html
INFO: [ app_init ] --START--
INFO: Run Behavior\BuildLiteBehavior [ RunTime:0.000000s ]
INFO: [ app_init ] --END-- [ RunTime:0.000000s ]
INFO: [ app_begin ] --START--
INFO: Run Behavior\ReadHtmlCacheBehavior [ RunTime:0.001000s ]
INFO: [ app_begin ] --END-- [ RunTime:0.001000s ]
SQL: SHOW COLUMNS FROM `option` [ RunTime:0.0040s ]
SQL: SELECT `id`,`option_name` FROM `option` WHERE `type` = '2'  [ RunTime:0.0000s ]

[ 2017-12-10T11:52:51+08:00 ] ::1 /itcenter/index.php/Home/Asset/getOptionData/type/3.html
INFO: [ app_init ] --START--
INFO: Run Behavior\BuildLiteBehavior [ RunTime:0.001000s ]
INFO: [ app_init ] --END-- [ RunTime:0.002000s ]
INFO: [ app_begin ] --START--
INFO: Run Behavior\ReadHtmlCacheBehavior [ RunTime:0.001000s ]
INFO: [ app_begin ] --END-- [ RunTime:0.001000s ]
SQL: SHOW COLUMNS FROM `option` [ RunTime:0.0070s ]
SQL: SELECT `id`,`option_name` FROM `option` WHERE `type` = '3'  [ RunTime:0.0000s ]

[ 2017-12-10T11:52:51+08:00 ] ::1 /itcenter/index.php/Home/Asset/getOptionData/type/5.html
INFO: [ app_init ] --START--
INFO: Run Behavior\BuildLiteBehavior [ RunTime:0.000000s ]
INFO: [ app_init ] --END-- [ RunTime:0.001000s ]
INFO: [ app_begin ] --START--
INFO: Run Behavior\ReadHtmlCacheBehavior [ RunTime:0.000000s ]
INFO: [ app_begin ] --END-- [ RunTime:0.001000s ]
SQL: SHOW COLUMNS FROM `option` [ RunTime:0.0050s ]
SQL: SELECT `id`,`option_name` FROM `option` WHERE `type` = '5'  [ RunTime:0.0010s ]

[ 2017-12-10T11:52:51+08:00 ] ::1 /itcenter/index.php/Home/Asset/getOptionData/type/4.html
INFO: [ app_init ] --START--
INFO: Run Behavior\BuildLiteBehavior [ RunTime:0.000000s ]
INFO: [ app_init ] --END-- [ RunTime:0.001000s ]
INFO: [ app_begin ] --START--
INFO: Run Behavior\ReadHtmlCacheBehavior [ RunTime:0.001000s ]
INFO: [ app_begin ] --END-- [ RunTime:0.002000s ]
SQL: SHOW COLUMNS FROM `option` [ RunTime:0.0030s ]
SQL: SELECT `id`,`option_name` FROM `option` WHERE `type` = '4'  [ RunTime:0.0000s ]

[ 2017-12-10T11:52:51+08:00 ] ::1 /itcenter/index.php/Home/Asset/getAssetData.html
INFO: [ app_init ] --START--
INFO: Run Behavior\BuildLiteBehavior [ RunTime:0.000000s ]
INFO: [ app_init ] --END-- [ RunTime:0.000000s ]
INFO: [ app_begin ] --START--
INFO: Run Behavior\ReadHtmlCacheBehavior [ RunTime:0.001000s ]
INFO: [ app_begin ] --END-- [ RunTime:0.001000s ]
SQL: SHOW COLUMNS FROM `option` [ RunTime:0.0030s ]
SQL: SELECT * FROM `option`  [ RunTime:0.0010s ]
SQL: SHOW COLUMNS FROM `asset` [ RunTime:0.0030s ]
NOTIC: [8] Undefined index: sID G:\wamp\www\ITCenter\Application\Home\Controller\AssetController.class.php 第 19 行.
NOTIC: [8] Undefined index: sType G:\wamp\www\ITCenter\Application\Home\Controller\AssetController.class.php 第 22 行.
NOTIC: [8] Undefined index: sBrand G:\wamp\www\ITCenter\Application\Home\Controller\AssetController.class.php 第 25 行.
NOTIC: [8] Undefined index: sModel G:\wamp\www\ITCenter\Application\Home\Controller\AssetController.class.php 第 28 行.
NOTIC: [8] Undefined index: sNumber G:\wamp\www\ITCenter\Application\Home\Controller\AssetController.class.php 第 31 行.
NOTIC: [8] Undefined index: sNetWork G:\wamp\www\ITCenter\Application\Home\Controller\AssetController.class.php 第 34 行.
NOTIC: [8] Undefined index: sSource G:\wamp\www\ITCenter\Application\Home\Controller\AssetController.class.php 第 37 行.
NOTIC: [8] Undefined index: sState G:\wamp\www\ITCenter\Application\Home\Controller\AssetController.class.php 第 40 行.
NOTIC: [8] Undefined index: sPurchaseDateS G:\wamp\www\ITCenter\Application\Home\Controller\AssetController.class.php 第 43 行.
SQL: SELECT * FROM `asset` ORDER BY create_date desc LIMIT 0,20   [ RunTime:0.0000s ]
NOTIC: [8] Undefined index:  G:\wamp\www\ITCenter\Application\Home\Controller\AssetController.class.php 第 55 行.
NOTIC: [8] Undefined index:  G:\wamp\www\ITCenter\Application\Home\Controller\AssetController.class.php 第 56 行.
NOTIC: [8] Undefined index:  G:\wamp\www\ITCenter\Application\Home\Controller\AssetController.class.php 第 58 行.
NOTIC: [8] Undefined index:  G:\wamp\www\ITCenter\Application\Home\Controller\AssetController.class.php 第 55 行.
NOTIC: [8] Undefined index:  G:\wamp\www\ITCenter\Application\Home\Controller\AssetController.class.php 第 56 行.
NOTIC: [8] Undefined index:  G:\wamp\www\ITCenter\Application\Home\Controller\AssetController.class.php 第 57 行.
NOTIC: [8] Undefined index:  G:\wamp\www\ITCenter\Application\Home\Controller\AssetController.class.php 第 58 行.
SQL: SELECT COUNT(*) AS tp_count FROM `asset` LIMIT 1   [ RunTime:0.0000s ]

[ 2017-12-10T12:00:06+08:00 ] ::1 /itcenter/index.php/Home/Asset/assetList.html
INFO: [ app_init ] --START--
INFO: Run Behavior\BuildLiteBehavior [ RunTime:0.000000s ]
INFO: [ app_init ] --END-- [ RunTime:0.001000s ]
INFO: [ app_begin ] --START--
INFO: Run Behavior\ReadHtmlCacheBehavior [ RunTime:0.001000s ]
INFO: [ app_begin ] --END-- [ RunTime:0.001000s ]
INFO: [ view_parse ] --START--
INFO: [ template_filter ] --START--
INFO: Run Behavior\ContentReplaceBehavior [ RunTime:0.000000s ]
INFO: [ template_filter ] --END-- [ RunTime:0.001000s ]
INFO: Run Behavior\ParseTemplateBehavior [ RunTime:0.056003s ]
INFO: [ view_parse ] --END-- [ RunTime:0.056003s ]
INFO: [ view_filter ] --START--
INFO: Run Behavior\WriteHtmlCacheBehavior [ RunTime:0.000000s ]
INFO: [ view_filter ] --END-- [ RunTime:0.001000s ]
INFO: [ app_end ] --START--
INFO: Run Behavior\ShowPageTraceBehavior [ RunTime:0.002000s ]
INFO: [ app_end ] --END-- [ RunTime:0.003000s ]

[ 2017-12-10T12:00:06+08:00 ] ::1 /itcenter/index.php/Home/Allocation/getIdData.html
INFO: [ app_init ] --START--
INFO: Run Behavior\BuildLiteBehavior [ RunTime:0.000000s ]
INFO: [ app_init ] --END-- [ RunTime:0.001000s ]
INFO: [ app_begin ] --START--
INFO: Run Behavior\ReadHtmlCacheBehavior [ RunTime:0.000000s ]
INFO: [ app_begin ] --END-- [ RunTime:0.002000s ]
SQL: SHOW COLUMNS FROM `asset` [ RunTime:0.0050s ]
SQL: SELECT `id` FROM `asset`  [ RunTime:0.0010s ]

[ 2017-12-10T12:00:06+08:00 ] ::1 /itcenter/index.php/Home/Asset/getOptionData/type/1.html
INFO: [ app_init ] --START--
INFO: Run Behavior\BuildLiteBehavior [ RunTime:0.000000s ]
INFO: [ app_init ] --END-- [ RunTime:0.001000s ]
INFO: [ app_begin ] --START--
INFO: Run Behavior\ReadHtmlCacheBehavior [ RunTime:0.001000s ]
INFO: [ app_begin ] --END-- [ RunTime:0.002000s ]
SQL: SHOW COLUMNS FROM `option` [ RunTime:0.0060s ]
SQL: SELECT `id`,`option_name` FROM `option` WHERE `type` = '1'  [ RunTime:0.0000s ]

[ 2017-12-10T12:00:06+08:00 ] ::1 /itcenter/index.php/Home/Asset/getOptionData/type/3.html
INFO: [ app_init ] --START--
INFO: Run Behavior\BuildLiteBehavior [ RunTime:0.000000s ]
INFO: [ app_init ] --END-- [ RunTime:0.001000s ]
INFO: [ app_begin ] --START--
INFO: Run Behavior\ReadHtmlCacheBehavior [ RunTime:0.001000s ]
INFO: [ app_begin ] --END-- [ RunTime:0.002001s ]
SQL: SHOW COLUMNS FROM `option` [ RunTime:0.0030s ]
SQL: SELECT `id`,`option_name` FROM `option` WHERE `type` = '3'  [ RunTime:0.0000s ]

[ 2017-12-10T12:00:06+08:00 ] ::1 /itcenter/index.php/Home/Asset/getOptionData/type/5.html
INFO: [ app_init ] --START--
INFO: Run Behavior\BuildLiteBehavior [ RunTime:0.000000s ]
INFO: [ app_init ] --END-- [ RunTime:0.001000s ]
INFO: [ app_begin ] --START--
INFO: Run Behavior\ReadHtmlCacheBehavior [ RunTime:0.048003s ]
INFO: [ app_begin ] --END-- [ RunTime:0.048003s ]
SQL: SHOW COLUMNS FROM `option` [ RunTime:0.0030s ]
SQL: SELECT `id`,`option_name` FROM `option` WHERE `type` = '5'  [ RunTime:0.0010s ]

[ 2017-12-10T12:00:06+08:00 ] ::1 /itcenter/index.php/Home/Asset/getOptionData/type/2.html
INFO: [ app_init ] --START--
INFO: Run Behavior\BuildLiteBehavior [ RunTime:0.000000s ]
INFO: [ app_init ] --END-- [ RunTime:0.001000s ]
INFO: [ app_begin ] --START--
INFO: Run Behavior\ReadHtmlCacheBehavior [ RunTime:0.002000s ]
INFO: [ app_begin ] --END-- [ RunTime:0.040002s ]
SQL: SHOW COLUMNS FROM `option` [ RunTime:0.0030s ]
SQL: SELECT `id`,`option_name` FROM `option` WHERE `type` = '2'  [ RunTime:0.0010s ]

[ 2017-12-10T12:00:06+08:00 ] ::1 /itcenter/index.php/Home/Asset/getOptionData/type/4.html
INFO: [ app_init ] --START--
INFO: Run Behavior\BuildLiteBehavior [ RunTime:0.000000s ]
INFO: [ app_init ] --END-- [ RunTime:0.001000s ]
INFO: [ app_begin ] --START--
INFO: Run Behavior\ReadHtmlCacheBehavior [ RunTime:0.001000s ]
INFO: [ app_begin ] --END-- [ RunTime:0.001000s ]
SQL: SHOW COLUMNS FROM `option` [ RunTime:0.0040s ]
SQL: SELECT `id`,`option_name` FROM `option` WHERE `type` = '4'  [ RunTime:0.0000s ]

[ 2017-12-10T12:00:06+08:00 ] ::1 /itcenter/index.php/Home/Asset/getOptionData/type/1.html
INFO: [ app_init ] --START--
INFO: Run Behavior\BuildLiteBehavior [ RunTime:0.000000s ]
INFO: [ app_init ] --END-- [ RunTime:0.001000s ]
INFO: [ app_begin ] --START--
INFO: Run Behavior\ReadHtmlCacheBehavior [ RunTime:0.001000s ]
INFO: [ app_begin ] --END-- [ RunTime:0.001000s ]
SQL: SHOW COLUMNS FROM `option` [ RunTime:0.0040s ]
SQL: SELECT `id`,`option_name` FROM `option` WHERE `type` = '1'  [ RunTime:0.0010s ]

[ 2017-12-10T12:00:06+08:00 ] ::1 /itcenter/index.php/Home/Asset/getOptionData/type/2.html
INFO: [ app_init ] --START--
INFO: Run Behavior\BuildLiteBehavior [ RunTime:0.000000s ]
INFO: [ app_init ] --END-- [ RunTime:0.003000s ]
INFO: [ app_begin ] --START--
INFO: Run Behavior\ReadHtmlCacheBehavior [ RunTime:0.001000s ]
INFO: [ app_begin ] --END-- [ RunTime:0.002000s ]
SQL: SHOW COLUMNS FROM `option` [ RunTime:0.0060s ]
SQL: SELECT `id`,`option_name` FROM `option` WHERE `type` = '2'  [ RunTime:0.0010s ]

[ 2017-12-10T12:00:07+08:00 ] ::1 /itcenter/index.php/Home/Asset/getOptionData/type/3.html
INFO: [ app_init ] --START--
INFO: Run Behavior\BuildLiteBehavior [ RunTime:0.000000s ]
INFO: [ app_init ] --END-- [ RunTime:0.001000s ]
INFO: [ app_begin ] --START--
INFO: Run Behavior\ReadHtmlCacheBehavior [ RunTime:0.003001s ]
INFO: [ app_begin ] --END-- [ RunTime:0.003001s ]
SQL: SHOW COLUMNS FROM `option` [ RunTime:0.0060s ]
SQL: SELECT `id`,`option_name` FROM `option` WHERE `type` = '3'  [ RunTime:0.0010s ]

[ 2017-12-10T12:00:07+08:00 ] ::1 /itcenter/index.php/Home/Asset/getOptionData/type/5.html
INFO: [ app_init ] --START--
INFO: Run Behavior\BuildLiteBehavior [ RunTime:0.000000s ]
INFO: [ app_init ] --END-- [ RunTime:0.002000s ]
INFO: [ app_begin ] --START--
INFO: Run Behavior\ReadHtmlCacheBehavior [ RunTime:0.001000s ]
INFO: [ app_begin ] --END-- [ RunTime:0.001000s ]
SQL: SHOW COLUMNS FROM `option` [ RunTime:0.0030s ]
SQL: SELECT `id`,`option_name` FROM `option` WHERE `type` = '5'  [ RunTime:0.0000s ]

[ 2017-12-10T12:00:07+08:00 ] ::1 /itcenter/index.php/Home/Asset/getOptionData/type/4.html
INFO: [ app_init ] --START--
INFO: Run Behavior\BuildLiteBehavior [ RunTime:0.000000s ]
INFO: [ app_init ] --END-- [ RunTime:0.001000s ]
INFO: [ app_begin ] --START--
INFO: Run Behavior\ReadHtmlCacheBehavior [ RunTime:0.001000s ]
INFO: [ app_begin ] --END-- [ RunTime:0.001000s ]
SQL: SHOW COLUMNS FROM `option` [ RunTime:0.0020s ]
SQL: SELECT `id`,`option_name` FROM `option` WHERE `type` = '4'  [ RunTime:0.0010s ]

[ 2017-12-10T12:00:07+08:00 ] ::1 /itcenter/index.php/Home/Asset/getAssetData.html
INFO: [ app_init ] --START--
INFO: Run Behavior\BuildLiteBehavior [ RunTime:0.000000s ]
INFO: [ app_init ] --END-- [ RunTime:0.001000s ]
INFO: [ app_begin ] --START--
INFO: Run Behavior\ReadHtmlCacheBehavior [ RunTime:0.001000s ]
INFO: [ app_begin ] --END-- [ RunTime:0.001000s ]
SQL: SHOW COLUMNS FROM `option` [ RunTime:0.0030s ]
SQL: SELECT * FROM `option`  [ RunTime:0.0010s ]
SQL: SHOW COLUMNS FROM `asset` [ RunTime:0.0030s ]
NOTIC: [8] Undefined index: sID G:\wamp\www\ITCenter\Application\Home\Controller\AssetController.class.php 第 19 行.
NOTIC: [8] Undefined index: sType G:\wamp\www\ITCenter\Application\Home\Controller\AssetController.class.php 第 22 行.
NOTIC: [8] Undefined index: sBrand G:\wamp\www\ITCenter\Application\Home\Controller\AssetController.class.php 第 25 行.
NOTIC: [8] Undefined index: sModel G:\wamp\www\ITCenter\Application\Home\Controller\AssetController.class.php 第 28 行.
NOTIC: [8] Undefined index: sNumber G:\wamp\www\ITCenter\Application\Home\Controller\AssetController.class.php 第 31 行.
NOTIC: [8] Undefined index: sNetWork G:\wamp\www\ITCenter\Application\Home\Controller\AssetController.class.php 第 34 行.
NOTIC: [8] Undefined index: sSource G:\wamp\www\ITCenter\Application\Home\Controller\AssetController.class.php 第 37 行.
NOTIC: [8] Undefined index: sState G:\wamp\www\ITCenter\Application\Home\Controller\AssetController.class.php 第 40 行.
NOTIC: [8] Undefined index: sPurchaseDateS G:\wamp\www\ITCenter\Application\Home\Controller\AssetController.class.php 第 43 行.
SQL: SELECT * FROM `asset` ORDER BY create_date desc LIMIT 0,20   [ RunTime:0.0150s ]
NOTIC: [8] Undefined index:  G:\wamp\www\ITCenter\Application\Home\Controller\AssetController.class.php 第 55 行.
NOTIC: [8] Undefined index:  G:\wamp\www\ITCenter\Application\Home\Controller\AssetController.class.php 第 56 行.
NOTIC: [8] Undefined index:  G:\wamp\www\ITCenter\Application\Home\Controller\AssetController.class.php 第 58 行.
NOTIC: [8] Undefined index:  G:\wamp\www\ITCenter\Application\Home\Controller\AssetController.class.php 第 55 行.
NOTIC: [8] Undefined index:  G:\wamp\www\ITCenter\Application\Home\Controller\AssetController.class.php 第 56 行.
NOTIC: [8] Undefined index:  G:\wamp\www\ITCenter\Application\Home\Controller\AssetController.class.php 第 57 行.
NOTIC: [8] Undefined index:  G:\wamp\www\ITCenter\Application\Home\Controller\AssetController.class.php 第 58 行.
SQL: SELECT COUNT(*) AS tp_count FROM `asset` LIMIT 1   [ RunTime:0.0000s ]

[ 2017-12-10T12:00:11+08:00 ] ::1 /ITCenter/index.php/Home/Asset/tableExport
INFO: [ app_init ] --START--
INFO: Run Behavior\BuildLiteBehavior [ RunTime:0.000000s ]
INFO: [ app_init ] --END-- [ RunTime:0.001000s ]
INFO: [ app_begin ] --START--
INFO: Run Behavior\ReadHtmlCacheBehavior [ RunTime:0.000000s ]
INFO: [ app_begin ] --END-- [ RunTime:0.001000s ]
SQL: SHOW COLUMNS FROM `option` [ RunTime:0.0020s ]
SQL: SELECT * FROM `option`  [ RunTime:0.0000s ]
SQL: SHOW COLUMNS FROM `asset` [ RunTime:0.0030s ]
NOTIC: [8] Undefined index: sNumber G:\wamp\www\ITCenter\Application\Home\Controller\AssetController.class.php 第 216 行.
SQL: SELECT * FROM `asset` ORDER BY create_date desc  [ RunTime:0.0010s ]
NOTIC: [8] Undefined index:  G:\wamp\www\ITCenter\Application\Home\Controller\AssetController.class.php 第 260 行.
NOTIC: [8] Undefined index:  G:\wamp\www\ITCenter\Application\Home\Controller\AssetController.class.php 第 261 行.
NOTIC: [8] Undefined index:  G:\wamp\www\ITCenter\Application\Home\Controller\AssetController.class.php 第 263 行.
NOTIC: [8] Undefined index:  G:\wamp\www\ITCenter\Application\Home\Controller\AssetController.class.php 第 264 行.
NOTIC: [8] Undefined index:  G:\wamp\www\ITCenter\Application\Home\Controller\AssetController.class.php 第 260 行.
NOTIC: [8] Undefined index:  G:\wamp\www\ITCenter\Application\Home\Controller\AssetController.class.php 第 261 行.
NOTIC: [8] Undefined index:  G:\wamp\www\ITCenter\Application\Home\Controller\AssetController.class.php 第 263 行.
NOTIC: [8] Undefined index:  G:\wamp\www\ITCenter\Application\Home\Controller\AssetController.class.php 第 264 行.
NOTIC: [8] Undefined index:  G:\wamp\www\ITCenter\Application\Home\Controller\AssetController.class.php 第 265 行.
NOTIC: [8] Undefined offset: 0 G:\wamp\www\ITCenter\Application\Home\Controller\AssetController.class.php 第 261 行.
NOTIC: [8] Undefined offset: 777 G:\wamp\www\ITCenter\Application\Home\Controller\AssetController.class.php 第 261 行.
NOTIC: [8] Undefined offset: 111 G:\wamp\www\ITCenter\Application\Home\Controller\AssetController.class.php 第 261 行.
NOTIC: [8] Undefined offset: 999 G:\wamp\www\ITCenter\Application\Home\Controller\AssetController.class.php 第 261 行.
NOTIC: [8] Undefined offset: 999999 G:\wamp\www\ITCenter\Application\Home\Controller\AssetController.class.php 第 261 行.
NOTIC: [8] Undefined offset: 0 G:\wamp\www\ITCenter\Application\Home\Controller\AssetController.class.php 第 261 行.
NOTIC: [8] Undefined offset: 44444 G:\wamp\www\ITCenter\Application\Home\Controller\AssetController.class.php 第 261 行.
NOTIC: [8] Undefined offset: 4545 G:\wamp\www\ITCenter\Application\Home\Controller\AssetController.class.php 第 261 行.
NOTIC: [8] Undefined offset: 1221 G:\wamp\www\ITCenter\Application\Home\Controller\AssetController.class.php 第 261 行.
NOTIC: [8] Undefined offset: 999 G:\wamp\www\ITCenter\Application\Home\Controller\AssetController.class.php 第 261 行.
NOTIC: [8] Undefined offset: 888 G:\wamp\www\ITCenter\Application\Home\Controller\AssetController.class.php 第 261 行.
NOTIC: [8] Undefined offset: 666 G:\wamp\www\ITCenter\Application\Home\Controller\AssetController.class.php 第 261 行.
NOTIC: [8] Undefined offset: 555 G:\wamp\www\ITCenter\Application\Home\Controller\AssetController.class.php 第 261 行.

[ 2017-12-10T12:02:37+08:00 ] ::1 /itcenter/index.php/Home/Asset/allocation.html
INFO: [ app_init ] --START--
INFO: Run Behavior\BuildLiteBehavior [ RunTime:0.000000s ]
INFO: [ app_init ] --END-- [ RunTime:0.001000s ]
INFO: [ app_begin ] --START--
INFO: Run Behavior\ReadHtmlCacheBehavior [ RunTime:0.001000s ]
INFO: [ app_begin ] --END-- [ RunTime:0.001000s ]
INFO: [ view_parse ] --START--
INFO: [ template_filter ] --START--
INFO: Run Behavior\ContentReplaceBehavior [ RunTime:0.000000s ]
INFO: [ template_filter ] --END-- [ RunTime:0.000000s ]
INFO: Run Behavior\ParseTemplateBehavior [ RunTime:0.065004s ]
INFO: [ view_parse ] --END-- [ RunTime:0.065004s ]
INFO: [ view_filter ] --START--
INFO: Run Behavior\WriteHtmlCacheBehavior [ RunTime:0.001000s ]
INFO: [ view_filter ] --END-- [ RunTime:0.001000s ]
INFO: [ app_end ] --START--
INFO: Run Behavior\ShowPageTraceBehavior [ RunTime:0.001000s ]
INFO: [ app_end ] --END-- [ RunTime:0.001000s ]

[ 2017-12-10T12:02:37+08:00 ] ::1 /itcenter/index.php/Home/Allocation/getIdData.html
INFO: [ app_init ] --START--
INFO: Run Behavior\BuildLiteBehavior [ RunTime:0.001000s ]
INFO: [ app_init ] --END-- [ RunTime:0.001000s ]
INFO: [ app_begin ] --START--
INFO: Run Behavior\ReadHtmlCacheBehavior [ RunTime:0.001000s ]
INFO: [ app_begin ] --END-- [ RunTime:0.001000s ]
SQL: SHOW COLUMNS FROM `asset` [ RunTime:0.0040s ]
SQL: SELECT `id` FROM `asset`  [ RunTime:0.0010s ]

[ 2017-12-10T12:02:37+08:00 ] ::1 /itcenter/index.php/Home/Asset/getOptionData/type/1.html
INFO: [ app_init ] --START--
INFO: Run Behavior\BuildLiteBehavior [ RunTime:0.000000s ]
INFO: [ app_init ] --END-- [ RunTime:0.001000s ]
INFO: [ app_begin ] --START--
INFO: Run Behavior\ReadHtmlCacheBehavior [ RunTime:0.001001s ]
INFO: [ app_begin ] --END-- [ RunTime:0.004001s ]
SQL: SHOW COLUMNS FROM `option` [ RunTime:0.0030s ]
SQL: SELECT `id`,`option_name` FROM `option` WHERE `type` = '1'  [ RunTime:0.0010s ]

[ 2017-12-10T12:02:38+08:00 ] ::1 /itcenter/index.php/Home/Asset/getOptionData/type/2.html
INFO: [ app_init ] --START--
INFO: Run Behavior\BuildLiteBehavior [ RunTime:0.001000s ]
INFO: [ app_init ] --END-- [ RunTime:0.005001s ]
INFO: [ app_begin ] --START--
INFO: Run Behavior\ReadHtmlCacheBehavior [ RunTime:0.001000s ]
INFO: [ app_begin ] --END-- [ RunTime:0.002000s ]
SQL: SHOW COLUMNS FROM `option` [ RunTime:0.0030s ]
SQL: SELECT `id`,`option_name` FROM `option` WHERE `type` = '2'  [ RunTime:0.0000s ]

[ 2017-12-10T12:02:38+08:00 ] ::1 /itcenter/index.php/Home/Asset/getOptionData/type/3.html
INFO: [ app_init ] --START--
INFO: Run Behavior\BuildLiteBehavior [ RunTime:0.001000s ]
INFO: [ app_init ] --END-- [ RunTime:0.005000s ]
INFO: [ app_begin ] --START--
INFO: Run Behavior\ReadHtmlCacheBehavior [ RunTime:0.005000s ]
INFO: [ app_begin ] --END-- [ RunTime:0.005000s ]
SQL: SHOW COLUMNS FROM `option` [ RunTime:0.0040s ]
SQL: SELECT `id`,`option_name` FROM `option` WHERE `type` = '3'  [ RunTime:0.0010s ]

[ 2017-12-10T12:02:38+08:00 ] ::1 /itcenter/index.php/Home/Allocation/getNameData.html
INFO: [ app_init ] --START--
INFO: Run Behavior\BuildLiteBehavior [ RunTime:0.000000s ]
INFO: [ app_init ] --END-- [ RunTime:0.001000s ]
INFO: [ app_begin ] --START--
INFO: Run Behavior\ReadHtmlCacheBehavior [ RunTime:0.002000s ]
INFO: [ app_begin ] --END-- [ RunTime:0.007001s ]
SQL: SHOW COLUMNS FROM `user` [ RunTime:0.0030s ]
SQL: SELECT `id`,`name` FROM `user`  [ RunTime:0.0010s ]

[ 2017-12-10T12:02:38+08:00 ] ::1 /itcenter/index.php/Home/Asset/getOptionData/type/6.html
INFO: [ app_init ] --START--
INFO: Run Behavior\BuildLiteBehavior [ RunTime:0.000000s ]
INFO: [ app_init ] --END-- [ RunTime:0.001000s ]
INFO: [ app_begin ] --START--
INFO: Run Behavior\ReadHtmlCacheBehavior [ RunTime:0.001000s ]
INFO: [ app_begin ] --END-- [ RunTime:0.001000s ]
SQL: SHOW COLUMNS FROM `option` [ RunTime:0.0040s ]
SQL: SELECT `id`,`option_name` FROM `option` WHERE `type` = '6'  [ RunTime:0.0030s ]

[ 2017-12-10T12:02:38+08:00 ] ::1 /itcenter/index.php/Home/Asset/getOptionData/type/4.html
INFO: [ app_init ] --START--
INFO: Run Behavior\BuildLiteBehavior [ RunTime:0.000000s ]
INFO: [ app_init ] --END-- [ RunTime:0.001000s ]
INFO: [ app_begin ] --START--
INFO: Run Behavior\ReadHtmlCacheBehavior [ RunTime:0.001000s ]
INFO: [ app_begin ] --END-- [ RunTime:0.002000s ]
SQL: SHOW COLUMNS FROM `option` [ RunTime:0.0040s ]
SQL: SELECT `id`,`option_name` FROM `option` WHERE `type` = '4'  [ RunTime:0.0010s ]

[ 2017-12-10T12:02:38+08:00 ] ::1 /itcenter/index.php/Home/Asset/getOptionData/type/5.html
INFO: [ app_init ] --START--
INFO: Run Behavior\BuildLiteBehavior [ RunTime:0.000000s ]
INFO: [ app_init ] --END-- [ RunTime:0.001000s ]
INFO: [ app_begin ] --START--
INFO: Run Behavior\ReadHtmlCacheBehavior [ RunTime:0.001000s ]
INFO: [ app_begin ] --END-- [ RunTime:0.001000s ]
SQL: SHOW COLUMNS FROM `option` [ RunTime:0.0040s ]
SQL: SELECT `id`,`option_name` FROM `option` WHERE `type` = '5'  [ RunTime:0.0010s ]

[ 2017-12-10T12:02:38+08:00 ] ::1 /itcenter/index.php/Home/Asset/getOptionData/type/1.html
INFO: [ app_init ] --START--
INFO: Run Behavior\BuildLiteBehavior [ RunTime:0.000000s ]
INFO: [ app_init ] --END-- [ RunTime:0.001000s ]
INFO: [ app_begin ] --START--
INFO: Run Behavior\ReadHtmlCacheBehavior [ RunTime:0.001000s ]
INFO: [ app_begin ] --END-- [ RunTime:0.001000s ]
SQL: SHOW COLUMNS FROM `option` [ RunTime:0.0030s ]
SQL: SELECT `id`,`option_name` FROM `option` WHERE `type` = '1'  [ RunTime:0.0000s ]

[ 2017-12-10T12:02:38+08:00 ] ::1 /itcenter/index.php/Home/Asset/getOptionData/type/2.html
INFO: [ app_init ] --START--
INFO: Run Behavior\BuildLiteBehavior [ RunTime:0.000000s ]
INFO: [ app_init ] --END-- [ RunTime:0.001000s ]
INFO: [ app_begin ] --START--
INFO: Run Behavior\ReadHtmlCacheBehavior [ RunTime:0.001000s ]
INFO: [ app_begin ] --END-- [ RunTime:0.001000s ]
SQL: SHOW COLUMNS FROM `option` [ RunTime:0.0040s ]
SQL: SELECT `id`,`option_name` FROM `option` WHERE `type` = '2'  [ RunTime:0.0020s ]

[ 2017-12-10T12:02:38+08:00 ] ::1 /itcenter/index.php/Home/Asset/getOptionData/type/3.html
INFO: [ app_init ] --START--
INFO: Run Behavior\BuildLiteBehavior [ RunTime:0.000000s ]
INFO: [ app_init ] --END-- [ RunTime:0.002001s ]
INFO: [ app_begin ] --START--
INFO: Run Behavior\ReadHtmlCacheBehavior [ RunTime:0.001000s ]
INFO: [ app_begin ] --END-- [ RunTime:0.001000s ]
SQL: SHOW COLUMNS FROM `option` [ RunTime:0.0030s ]
SQL: SELECT `id`,`option_name` FROM `option` WHERE `type` = '3'  [ RunTime:0.0000s ]

[ 2017-12-10T12:02:38+08:00 ] ::1 /itcenter/index.php/Home/Asset/getOptionData/type/5.html
INFO: [ app_init ] --START--
INFO: Run Behavior\BuildLiteBehavior [ RunTime:0.000000s ]
INFO: [ app_init ] --END-- [ RunTime:0.001000s ]
INFO: [ app_begin ] --START--
INFO: Run Behavior\ReadHtmlCacheBehavior [ RunTime:0.000000s ]
INFO: [ app_begin ] --END-- [ RunTime:0.001000s ]
SQL: SHOW COLUMNS FROM `option` [ RunTime:0.0030s ]
SQL: SELECT `id`,`option_name` FROM `option` WHERE `type` = '5'  [ RunTime:0.0000s ]

[ 2017-12-10T12:02:38+08:00 ] ::1 /itcenter/index.php/Home/Asset/getOptionData/type/4.html
INFO: [ app_init ] --START--
INFO: Run Behavior\BuildLiteBehavior [ RunTime:0.000000s ]
INFO: [ app_init ] --END-- [ RunTime:0.001000s ]
INFO: [ app_begin ] --START--
INFO: Run Behavior\ReadHtmlCacheBehavior [ RunTime:0.000000s ]
INFO: [ app_begin ] --END-- [ RunTime:0.000000s ]
SQL: SHOW COLUMNS FROM `option` [ RunTime:0.0040s ]
SQL: SELECT `id`,`option_name` FROM `option` WHERE `type` = '4'  [ RunTime:0.0010s ]

[ 2017-12-10T12:02:38+08:00 ] ::1 /itcenter/index.php/Home/Allocation/getNameData.html
INFO: [ app_init ] --START--
INFO: Run Behavior\BuildLiteBehavior [ RunTime:0.000000s ]
INFO: [ app_init ] --END-- [ RunTime:0.000000s ]
INFO: [ app_begin ] --START--
INFO: Run Behavior\ReadHtmlCacheBehavior [ RunTime:0.001000s ]
INFO: [ app_begin ] --END-- [ RunTime:0.001000s ]
SQL: SHOW COLUMNS FROM `user` [ RunTime:0.0030s ]
SQL: SELECT `id`,`name` FROM `user`  [ RunTime:0.0010s ]

[ 2017-12-10T12:02:38+08:00 ] ::1 /itcenter/index.php/Home/Asset/getOptionData/type/6.html
INFO: [ app_init ] --START--
INFO: Run Behavior\BuildLiteBehavior [ RunTime:0.000000s ]
INFO: [ app_init ] --END-- [ RunTime:0.001000s ]
INFO: [ app_begin ] --START--
INFO: Run Behavior\ReadHtmlCacheBehavior [ RunTime:0.001000s ]
INFO: [ app_begin ] --END-- [ RunTime:0.002000s ]
SQL: SHOW COLUMNS FROM `option` [ RunTime:0.0040s ]
SQL: SELECT `id`,`option_name` FROM `option` WHERE `type` = '6'  [ RunTime:0.0010s ]

[ 2017-12-10T12:02:38+08:00 ] ::1 /itcenter/index.php/Home/Asset/getOptionData/type/6.html
INFO: [ app_init ] --START--
INFO: Run Behavior\BuildLiteBehavior [ RunTime:0.000000s ]
INFO: [ app_init ] --END-- [ RunTime:0.001000s ]
INFO: [ app_begin ] --START--
INFO: Run Behavior\ReadHtmlCacheBehavior [ RunTime:0.000000s ]
INFO: [ app_begin ] --END-- [ RunTime:0.000000s ]
SQL: SHOW COLUMNS FROM `option` [ RunTime:0.0030s ]
SQL: SELECT `id`,`option_name` FROM `option` WHERE `type` = '6'  [ RunTime:0.0000s ]

[ 2017-12-10T12:02:38+08:00 ] ::1 /itcenter/index.php/Home/Allocation/getAllocatinData.html
INFO: [ app_init ] --START--
INFO: Run Behavior\BuildLiteBehavior [ RunTime:0.000000s ]
INFO: [ app_init ] --END-- [ RunTime:0.001000s ]
INFO: [ app_begin ] --START--
INFO: Run Behavior\ReadHtmlCacheBehavior [ RunTime:0.001000s ]
INFO: [ app_begin ] --END-- [ RunTime:0.001000s ]
SQL: SHOW COLUMNS FROM `option` [ RunTime:0.0030s ]
SQL: SELECT * FROM `option`  [ RunTime:0.0010s ]
NOTIC: [8] Undefined index: sID G:\wamp\www\ITCenter\Application\Home\Controller\AllocationController.class.php 第 18 行.
NOTIC: [8] Undefined index: sType G:\wamp\www\ITCenter\Application\Home\Controller\AllocationController.class.php 第 21 行.
NOTIC: [8] Undefined index: sBrand G:\wamp\www\ITCenter\Application\Home\Controller\AllocationController.class.php 第 24 行.
NOTIC: [8] Undefined index: sModel G:\wamp\www\ITCenter\Application\Home\Controller\AllocationController.class.php 第 27 行.
NOTIC: [8] Undefined index: sNumber G:\wamp\www\ITCenter\Application\Home\Controller\AllocationController.class.php 第 30 行.
NOTIC: [8] Undefined index: sNetWork G:\wamp\www\ITCenter\Application\Home\Controller\AllocationController.class.php 第 33 行.
NOTIC: [8] Undefined index: sSource G:\wamp\www\ITCenter\Application\Home\Controller\AllocationController.class.php 第 36 行.
NOTIC: [8] Undefined index: sPurchaseDateS G:\wamp\www\ITCenter\Application\Home\Controller\AllocationController.class.php 第 40 行.
NOTIC: [8] Undefined index: sUseDateS G:\wamp\www\ITCenter\Application\Home\Controller\AllocationController.class.php 第 47 行.
NOTIC: [8] Undefined index: sName G:\wamp\www\ITCenter\Application\Home\Controller\AllocationController.class.php 第 54 行.
NOTIC: [8] Undefined index: sDepartment G:\wamp\www\ITCenter\Application\Home\Controller\AllocationController.class.php 第 57 行.
NOTIC: [8] Undefined index: sState G:\wamp\www\ITCenter\Application\Home\Controller\AllocationController.class.php 第 60 行.
SQL: SHOW COLUMNS FROM `asset` [ RunTime:0.0030s ]
SQL: SHOW COLUMNS FROM `allocation` [ RunTime:0.0040s ]
SQL: SHOW COLUMNS FROM `user` [ RunTime:0.0380s ]
SQL: SELECT asset.type AS type,asset.brand AS brand,asset.model AS model,asset.number AS number,asset.network AS network,asset.source AS source,asset.purchase_date AS purchase_date,asset.remark AS asset_remark,asset.state AS state,asset.create_date AS asset_create_date,allocation.id AS id,allocation.asset_id AS asset_id,allocation.user_id AS user_id,allocation.use_date AS use_date,allocation.remark AS allocation_remark,allocation.create_date AS allocation_create_date,user.name AS name,user.department AS department,user.job AS job,user.office_phone AS office_phone,user.mobile_phone AS mobile_phone,user.create_date AS user_create_date FROM asset asset RIGHT JOIN allocation allocation ON allocation.asset_id=asset.id LEFT JOIN user user ON allocation.user_id=user.id ORDER BY allocation.create_date desc LIMIT 0,10   [ RunTime:0.2750s ]
NOTIC: [8] Undefined index:  G:\wamp\www\ITCenter\Application\Home\Controller\AllocationController.class.php 第 72 行.
NOTIC: [8] Undefined index:  G:\wamp\www\ITCenter\Application\Home\Controller\AllocationController.class.php 第 73 行.
NOTIC: [8] Undefined index:  G:\wamp\www\ITCenter\Application\Home\Controller\AllocationController.class.php 第 72 行.
NOTIC: [8] Undefined index:  G:\wamp\www\ITCenter\Application\Home\Controller\AllocationController.class.php 第 73 行.

[ 2017-12-10T12:06:03+08:00 ] ::1 /ITCenter/index.php/Home/Allocation/allocationEdit
INFO: [ app_init ] --START--
INFO: Run Behavior\BuildLiteBehavior [ RunTime:0.000000s ]
INFO: [ app_init ] --END-- [ RunTime:0.001000s ]
INFO: [ app_begin ] --START--
INFO: Run Behavior\ReadHtmlCacheBehavior [ RunTime:0.001000s ]
INFO: [ app_begin ] --END-- [ RunTime:0.001000s ]
SQL: SHOW COLUMNS FROM `asset` [ RunTime:0.0020s ]
SQL: SHOW COLUMNS FROM `allocation` [ RunTime:0.0040s ]
SQL: SHOW COLUMNS FROM `user` [ RunTime:0.0120s ]
SQL: SELECT asset.type AS type,asset.brand AS brand,asset.model AS model,asset.number AS number,asset.network AS network,asset.source AS source,asset.purchase_date AS purchase_date,asset.remark AS asset_remark,asset.state AS state,asset.create_date AS asset_create_date,allocation.id AS id,allocation.asset_id AS asset_id,allocation.user_id AS user_id,allocation.use_date AS use_date,allocation.remark AS allocation_remark,allocation.create_date AS allocation_create_date,user.name AS name,user.department AS department,user.job AS job,user.office_phone AS office_phone,user.mobile_phone AS mobile_phone,user.create_date AS user_create_date FROM asset asset RIGHT JOIN allocation allocation ON allocation.asset_id=asset.id LEFT JOIN user user ON allocation.user_id=user.id WHERE allocation.id = '7' LIMIT 1   [ RunTime:0.1180s ]

[ 2017-12-10T12:19:00+08:00 ] ::1 /itcenter/index.php/Home/Asset/allocation.html
INFO: [ app_init ] --START--
INFO: Run Behavior\BuildLiteBehavior [ RunTime:0.000000s ]
INFO: [ app_init ] --END-- [ RunTime:0.001000s ]
INFO: [ app_begin ] --START--
INFO: Run Behavior\ReadHtmlCacheBehavior [ RunTime:0.000000s ]
INFO: [ app_begin ] --END-- [ RunTime:0.001000s ]
INFO: [ view_parse ] --START--
INFO: [ template_filter ] --START--
INFO: Run Behavior\ContentReplaceBehavior [ RunTime:0.001000s ]
INFO: [ template_filter ] --END-- [ RunTime:0.001000s ]
INFO: Run Behavior\ParseTemplateBehavior [ RunTime:0.022001s ]
INFO: [ view_parse ] --END-- [ RunTime:0.022001s ]
INFO: [ view_filter ] --START--
INFO: Run Behavior\WriteHtmlCacheBehavior [ RunTime:0.001000s ]
INFO: [ view_filter ] --END-- [ RunTime:0.001000s ]
INFO: [ app_end ] --START--
INFO: Run Behavior\ShowPageTraceBehavior [ RunTime:0.000000s ]
INFO: [ app_end ] --END-- [ RunTime:0.001000s ]

[ 2017-12-10T12:19:00+08:00 ] ::1 /itcenter/index.php/Home/Allocation/getIdData.html
INFO: [ app_init ] --START--
INFO: Run Behavior\BuildLiteBehavior [ RunTime:0.000000s ]
INFO: [ app_init ] --END-- [ RunTime:0.001000s ]
INFO: [ app_begin ] --START--
INFO: Run Behavior\ReadHtmlCacheBehavior [ RunTime:0.000000s ]
INFO: [ app_begin ] --END-- [ RunTime:0.000000s ]
SQL: SHOW COLUMNS FROM `asset` [ RunTime:0.0030s ]
SQL: SELECT `id` FROM `asset`  [ RunTime:0.0010s ]

[ 2017-12-10T12:19:00+08:00 ] ::1 /itcenter/index.php/Home/Asset/getOptionData/type/1.html
INFO: [ app_init ] --START--
INFO: Run Behavior\BuildLiteBehavior [ RunTime:0.000000s ]
INFO: [ app_init ] --END-- [ RunTime:0.001000s ]
INFO: [ app_begin ] --START--
INFO: Run Behavior\ReadHtmlCacheBehavior [ RunTime:0.002000s ]
INFO: [ app_begin ] --END-- [ RunTime:0.002000s ]
SQL: SHOW COLUMNS FROM `option` [ RunTime:0.0150s ]
SQL: SELECT `id`,`option_name` FROM `option` WHERE `type` = '1'  [ RunTime:0.0010s ]

[ 2017-12-10T12:19:00+08:00 ] ::1 /itcenter/index.php/Home/Asset/getOptionData/type/3.html
INFO: [ app_init ] --START--
INFO: Run Behavior\BuildLiteBehavior [ RunTime:0.001000s ]
INFO: [ app_init ] --END-- [ RunTime:0.001000s ]
INFO: [ app_begin ] --START--
INFO: Run Behavior\ReadHtmlCacheBehavior [ RunTime:0.002000s ]
INFO: [ app_begin ] --END-- [ RunTime:0.002000s ]
SQL: SHOW COLUMNS FROM `option` [ RunTime:0.0260s ]
SQL: SELECT `id`,`option_name` FROM `option` WHERE `type` = '3'  [ RunTime:0.0000s ]

[ 2017-12-10T12:19:00+08:00 ] ::1 /itcenter/index.php/Home/Asset/getOptionData/type/2.html
INFO: [ app_init ] --START--
INFO: Run Behavior\BuildLiteBehavior [ RunTime:0.000000s ]
INFO: [ app_init ] --END-- [ RunTime:0.001000s ]
INFO: [ app_begin ] --START--
INFO: Run Behavior\ReadHtmlCacheBehavior [ RunTime:0.001000s ]
INFO: [ app_begin ] --END-- [ RunTime:0.002000s ]
SQL: SHOW COLUMNS FROM `option` [ RunTime:0.0040s ]
SQL: SELECT `id`,`option_name` FROM `option` WHERE `type` = '2'  [ RunTime:0.0010s ]

[ 2017-12-10T12:19:00+08:00 ] ::1 /itcenter/index.php/Home/Allocation/getNameData.html
INFO: [ app_init ] --START--
INFO: Run Behavior\BuildLiteBehavior [ RunTime:0.000000s ]
INFO: [ app_init ] --END-- [ RunTime:0.001000s ]
INFO: [ app_begin ] --START--
INFO: Run Behavior\ReadHtmlCacheBehavior [ RunTime:0.001000s ]
INFO: [ app_begin ] --END-- [ RunTime:0.001000s ]
SQL: SHOW COLUMNS FROM `user` [ RunTime:0.0030s ]
SQL: SELECT `id`,`name` FROM `user`  [ RunTime:0.0000s ]

[ 2017-12-10T12:19:00+08:00 ] ::1 /itcenter/index.php/Home/Asset/getOptionData/type/6.html
INFO: [ app_init ] --START--
INFO: Run Behavior\BuildLiteBehavior [ RunTime:0.000000s ]
INFO: [ app_init ] --END-- [ RunTime:0.001000s ]
INFO: [ app_begin ] --START--
INFO: Run Behavior\ReadHtmlCacheBehavior [ RunTime:0.001000s ]
INFO: [ app_begin ] --END-- [ RunTime:0.001000s ]
SQL: SHOW COLUMNS FROM `option` [ RunTime:0.0040s ]
SQL: SELECT `id`,`option_name` FROM `option` WHERE `type` = '6'  [ RunTime:0.0000s ]

[ 2017-12-10T12:19:00+08:00 ] ::1 /itcenter/index.php/Home/Asset/getOptionData/type/4.html
INFO: [ app_init ] --START--
INFO: Run Behavior\BuildLiteBehavior [ RunTime:0.000000s ]
INFO: [ app_init ] --END-- [ RunTime:0.001000s ]
INFO: [ app_begin ] --START--
INFO: Run Behavior\ReadHtmlCacheBehavior [ RunTime:0.001000s ]
INFO: [ app_begin ] --END-- [ RunTime:0.001000s ]
SQL: SHOW COLUMNS FROM `option` [ RunTime:0.0030s ]
SQL: SELECT `id`,`option_name` FROM `option` WHERE `type` = '4'  [ RunTime:0.0000s ]

[ 2017-12-10T12:19:00+08:00 ] ::1 /itcenter/index.php/Home/Asset/getOptionData/type/5.html
INFO: [ app_init ] --START--
INFO: Run Behavior\BuildLiteBehavior [ RunTime:0.000000s ]
INFO: [ app_init ] --END-- [ RunTime:0.000000s ]
INFO: [ app_begin ] --START--
INFO: Run Behavior\ReadHtmlCacheBehavior [ RunTime:0.001000s ]
INFO: [ app_begin ] --END-- [ RunTime:0.001000s ]
SQL: SHOW COLUMNS FROM `option` [ RunTime:0.0040s ]
SQL: SELECT `id`,`option_name` FROM `option` WHERE `type` = '5'  [ RunTime:0.0000s ]

[ 2017-12-10T12:19:00+08:00 ] ::1 /itcenter/index.php/Home/Asset/getOptionData/type/1.html
INFO: [ app_init ] --START--
INFO: Run Behavior\BuildLiteBehavior [ RunTime:0.000000s ]
INFO: [ app_init ] --END-- [ RunTime:0.001000s ]
INFO: [ app_begin ] --START--
INFO: Run Behavior\ReadHtmlCacheBehavior [ RunTime:0.001000s ]
INFO: [ app_begin ] --END-- [ RunTime:0.001000s ]
SQL: SHOW COLUMNS FROM `option` [ RunTime:0.0040s ]
SQL: SELECT `id`,`option_name` FROM `option` WHERE `type` = '1'  [ RunTime:0.0020s ]

[ 2017-12-10T12:19:00+08:00 ] ::1 /itcenter/index.php/Home/Asset/getOptionData/type/2.html
INFO: [ app_init ] --START--
INFO: Run Behavior\BuildLiteBehavior [ RunTime:0.000000s ]
INFO: [ app_init ] --END-- [ RunTime:0.001000s ]
INFO: [ app_begin ] --START--
INFO: Run Behavior\ReadHtmlCacheBehavior [ RunTime:0.001000s ]
INFO: [ app_begin ] --END-- [ RunTime:0.001000s ]
SQL: SHOW COLUMNS FROM `option` [ RunTime:0.0030s ]
SQL: SELECT `id`,`option_name` FROM `option` WHERE `type` = '2'  [ RunTime:0.0000s ]

[ 2017-12-10T12:19:00+08:00 ] ::1 /itcenter/index.php/Home/Asset/getOptionData/type/3.html
INFO: [ app_init ] --START--
INFO: Run Behavior\BuildLiteBehavior [ RunTime:0.000000s ]
INFO: [ app_init ] --END-- [ RunTime:0.001000s ]
INFO: [ app_begin ] --START--
INFO: Run Behavior\ReadHtmlCacheBehavior [ RunTime:0.000000s ]
INFO: [ app_begin ] --END-- [ RunTime:0.002000s ]
SQL: SHOW COLUMNS FROM `option` [ RunTime:0.0030s ]
SQL: SELECT `id`,`option_name` FROM `option` WHERE `type` = '3'  [ RunTime:0.0000s ]

[ 2017-12-10T12:19:00+08:00 ] ::1 /itcenter/index.php/Home/Asset/getOptionData/type/5.html
INFO: [ app_init ] --START--
INFO: Run Behavior\BuildLiteBehavior [ RunTime:0.000000s ]
INFO: [ app_init ] --END-- [ RunTime:0.001000s ]
INFO: [ app_begin ] --START--
INFO: Run Behavior\ReadHtmlCacheBehavior [ RunTime:0.001000s ]
INFO: [ app_begin ] --END-- [ RunTime:0.001000s ]
SQL: SHOW COLUMNS FROM `option` [ RunTime:0.0030s ]
SQL: SELECT `id`,`option_name` FROM `option` WHERE `type` = '5'  [ RunTime:0.0010s ]

[ 2017-12-10T12:19:00+08:00 ] ::1 /itcenter/index.php/Home/Asset/getOptionData/type/4.html
INFO: [ app_init ] --START--
INFO: Run Behavior\BuildLiteBehavior [ RunTime:0.000000s ]
INFO: [ app_init ] --END-- [ RunTime:0.001000s ]
INFO: [ app_begin ] --START--
INFO: Run Behavior\ReadHtmlCacheBehavior [ RunTime:0.001000s ]
INFO: [ app_begin ] --END-- [ RunTime:0.001000s ]
SQL: SHOW COLUMNS FROM `option` [ RunTime:0.0020s ]
SQL: SELECT `id`,`option_name` FROM `option` WHERE `type` = '4'  [ RunTime:0.0000s ]

[ 2017-12-10T12:19:01+08:00 ] ::1 /itcenter/index.php/Home/Allocation/getNameData.html
INFO: [ app_init ] --START--
INFO: Run Behavior\BuildLiteBehavior [ RunTime:0.000000s ]
INFO: [ app_init ] --END-- [ RunTime:0.001000s ]
INFO: [ app_begin ] --START--
INFO: Run Behavior\ReadHtmlCacheBehavior [ RunTime:0.001000s ]
INFO: [ app_begin ] --END-- [ RunTime:0.001000s ]
SQL: SHOW COLUMNS FROM `user` [ RunTime:0.0040s ]
SQL: SELECT `id`,`name` FROM `user`  [ RunTime:0.0010s ]

[ 2017-12-10T12:19:01+08:00 ] ::1 /itcenter/index.php/Home/Asset/getOptionData/type/6.html
INFO: [ app_init ] --START--
INFO: Run Behavior\BuildLiteBehavior [ RunTime:0.000000s ]
INFO: [ app_init ] --END-- [ RunTime:0.001000s ]
INFO: [ app_begin ] --START--
INFO: Run Behavior\ReadHtmlCacheBehavior [ RunTime:0.001000s ]
INFO: [ app_begin ] --END-- [ RunTime:0.001000s ]
SQL: SHOW COLUMNS FROM `option` [ RunTime:0.0020s ]
SQL: SELECT `id`,`option_name` FROM `option` WHERE `type` = '6'  [ RunTime:0.0010s ]

[ 2017-12-10T12:19:01+08:00 ] ::1 /itcenter/index.php/Home/Asset/getOptionData/type/6.html
INFO: [ app_init ] --START--
INFO: Run Behavior\BuildLiteBehavior [ RunTime:0.001000s ]
INFO: [ app_init ] --END-- [ RunTime:0.001000s ]
INFO: [ app_begin ] --START--
INFO: Run Behavior\ReadHtmlCacheBehavior [ RunTime:0.001000s ]
INFO: [ app_begin ] --END-- [ RunTime:0.001000s ]
SQL: SHOW COLUMNS FROM `option` [ RunTime:0.0040s ]
SQL: SELECT `id`,`option_name` FROM `option` WHERE `type` = '6'  [ RunTime:0.0000s ]

[ 2017-12-10T12:19:01+08:00 ] ::1 /itcenter/index.php/Home/Allocation/getAllocatinData.html
INFO: [ app_init ] --START--
INFO: Run Behavior\BuildLiteBehavior [ RunTime:0.000000s ]
INFO: [ app_init ] --END-- [ RunTime:0.001000s ]
INFO: [ app_begin ] --START--
INFO: Run Behavior\ReadHtmlCacheBehavior [ RunTime:0.001000s ]
INFO: [ app_begin ] --END-- [ RunTime:0.001000s ]
SQL: SHOW COLUMNS FROM `option` [ RunTime:0.0030s ]
SQL: SELECT * FROM `option`  [ RunTime:0.0010s ]
NOTIC: [8] Undefined index: sID G:\wamp\www\ITCenter\Application\Home\Controller\AllocationController.class.php 第 18 行.
NOTIC: [8] Undefined index: sType G:\wamp\www\ITCenter\Application\Home\Controller\AllocationController.class.php 第 21 行.
NOTIC: [8] Undefined index: sBrand G:\wamp\www\ITCenter\Application\Home\Controller\AllocationController.class.php 第 24 行.
NOTIC: [8] Undefined index: sModel G:\wamp\www\ITCenter\Application\Home\Controller\AllocationController.class.php 第 27 行.
NOTIC: [8] Undefined index: sNumber G:\wamp\www\ITCenter\Application\Home\Controller\AllocationController.class.php 第 30 行.
NOTIC: [8] Undefined index: sNetWork G:\wamp\www\ITCenter\Application\Home\Controller\AllocationController.class.php 第 33 行.
NOTIC: [8] Undefined index: sSource G:\wamp\www\ITCenter\Application\Home\Controller\AllocationController.class.php 第 36 行.
NOTIC: [8] Undefined index: sPurchaseDateS G:\wamp\www\ITCenter\Application\Home\Controller\AllocationController.class.php 第 40 行.
NOTIC: [8] Undefined index: sUseDateS G:\wamp\www\ITCenter\Application\Home\Controller\AllocationController.class.php 第 47 行.
NOTIC: [8] Undefined index: sName G:\wamp\www\ITCenter\Application\Home\Controller\AllocationController.class.php 第 54 行.
NOTIC: [8] Undefined index: sDepartment G:\wamp\www\ITCenter\Application\Home\Controller\AllocationController.class.php 第 57 行.
NOTIC: [8] Undefined index: sState G:\wamp\www\ITCenter\Application\Home\Controller\AllocationController.class.php 第 60 行.
SQL: SHOW COLUMNS FROM `asset` [ RunTime:0.0020s ]
SQL: SHOW COLUMNS FROM `allocation` [ RunTime:0.0020s ]
SQL: SHOW COLUMNS FROM `user` [ RunTime:0.0020s ]
SQL: SELECT asset.type AS type,asset.brand AS brand,asset.model AS model,asset.number AS number,asset.network AS network,asset.source AS source,asset.purchase_date AS purchase_date,asset.remark AS asset_remark,asset.state AS state,asset.create_date AS asset_create_date,allocation.id AS id,allocation.asset_id AS asset_id,allocation.user_id AS user_id,allocation.use_date AS use_date,allocation.remark AS allocation_remark,allocation.create_date AS allocation_create_date,user.name AS name,user.department AS department,user.job AS job,user.office_phone AS office_phone,user.mobile_phone AS mobile_phone,user.create_date AS user_create_date FROM asset asset RIGHT JOIN allocation allocation ON allocation.asset_id=asset.id LEFT JOIN user user ON allocation.user_id=user.id ORDER BY allocation.create_date desc LIMIT 0,10   [ RunTime:0.0010s ]
NOTIC: [8] Undefined index:  G:\wamp\www\ITCenter\Application\Home\Controller\AllocationController.class.php 第 72 行.
NOTIC: [8] Undefined index:  G:\wamp\www\ITCenter\Application\Home\Controller\AllocationController.class.php 第 73 行.
NOTIC: [8] Undefined index:  G:\wamp\www\ITCenter\Application\Home\Controller\AllocationController.class.php 第 72 行.
NOTIC: [8] Undefined index:  G:\wamp\www\ITCenter\Application\Home\Controller\AllocationController.class.php 第 73 行.

[ 2017-12-10T12:19:05+08:00 ] ::1 /ITCenter/index.php/Home/Allocation/tableExport
INFO: [ app_init ] --START--
INFO: Run Behavior\BuildLiteBehavior [ RunTime:0.000000s ]
INFO: [ app_init ] --END-- [ RunTime:0.001000s ]
INFO: [ app_begin ] --START--
INFO: Run Behavior\ReadHtmlCacheBehavior [ RunTime:0.000000s ]
INFO: [ app_begin ] --END-- [ RunTime:0.001000s ]
SQL: SHOW COLUMNS FROM `option` [ RunTime:0.0130s ]
SQL: SELECT * FROM `option`  [ RunTime:0.0000s ]
SQL: SHOW COLUMNS FROM `asset` [ RunTime:0.0020s ]
SQL: SHOW COLUMNS FROM `allocation` [ RunTime:0.0030s ]
SQL: SHOW COLUMNS FROM `user` [ RunTime:0.0030s ]
SQL: SELECT asset.type AS type,asset.brand AS brand,asset.model AS model,asset.number AS number,asset.network AS network,asset.source AS source,asset.purchase_date AS purchase_date,asset.remark AS asset_remark,asset.state AS state,asset.create_date AS asset_create_date,allocation.id AS id,allocation.asset_id AS asset_id,allocation.user_id AS user_id,allocation.use_date AS use_date,allocation.remark AS allocation_remark,allocation.create_date AS allocation_create_date,user.name AS name,user.department AS department,user.job AS job,user.office_phone AS office_phone,user.mobile_phone AS mobile_phone,user.create_date AS user_create_date FROM asset asset RIGHT JOIN allocation allocation ON allocation.asset_id=asset.id LEFT JOIN user user ON allocation.user_id=user.id ORDER BY allocation.create_date desc  [ RunTime:0.0000s ]
NOTIC: [8] Undefined offset: 4545 G:\wamp\www\ITCenter\Application\Home\Controller\AllocationController.class.php 第 314 行.
NOTIC: [8] Undefined offset: 1221 G:\wamp\www\ITCenter\Application\Home\Controller\AllocationController.class.php 第 314 行.
NOTIC: [8] Undefined offset: 888 G:\wamp\www\ITCenter\Application\Home\Controller\AllocationController.class.php 第 314 行.
NOTIC: [8] Undefined offset: 777 G:\wamp\www\ITCenter\Application\Home\Controller\AllocationController.class.php 第 314 行.
NOTIC: [8] Undefined offset: 666 G:\wamp\www\ITCenter\Application\Home\Controller\AllocationController.class.php 第 314 行.
NOTIC: [8] Undefined offset: 4545 G:\wamp\www\ITCenter\Application\Home\Controller\AllocationController.class.php 第 314 行.

[ 2017-12-10T12:20:21+08:00 ] ::1 /itcenter/index.php/Home/Asset/allocation.html
INFO: [ app_init ] --START--
INFO: Run Behavior\BuildLiteBehavior [ RunTime:0.000000s ]
INFO: [ app_init ] --END-- [ RunTime:0.001000s ]
INFO: [ app_begin ] --START--
INFO: Run Behavior\ReadHtmlCacheBehavior [ RunTime:0.000000s ]
INFO: [ app_begin ] --END-- [ RunTime:0.001000s ]
INFO: [ view_parse ] --START--
INFO: [ template_filter ] --START--
INFO: Run Behavior\ContentReplaceBehavior [ RunTime:0.000000s ]
INFO: [ template_filter ] --END-- [ RunTime:0.000000s ]
INFO: Run Behavior\ParseTemplateBehavior [ RunTime:0.023001s ]
INFO: [ view_parse ] --END-- [ RunTime:0.023001s ]
INFO: [ view_filter ] --START--
INFO: Run Behavior\WriteHtmlCacheBehavior [ RunTime:0.001000s ]
INFO: [ view_filter ] --END-- [ RunTime:0.001000s ]
INFO: [ app_end ] --START--
INFO: Run Behavior\ShowPageTraceBehavior [ RunTime:0.001000s ]
INFO: [ app_end ] --END-- [ RunTime:0.001000s ]

[ 2017-12-10T12:20:21+08:00 ] ::1 /itcenter/index.php/Home/Allocation/getIdData.html
INFO: [ app_init ] --START--
INFO: Run Behavior\BuildLiteBehavior [ RunTime:0.001000s ]
INFO: [ app_init ] --END-- [ RunTime:0.001000s ]
INFO: [ app_begin ] --START--
INFO: Run Behavior\ReadHtmlCacheBehavior [ RunTime:0.001000s ]
INFO: [ app_begin ] --END-- [ RunTime:0.001000s ]
SQL: SHOW COLUMNS FROM `asset` [ RunTime:0.0060s ]
SQL: SELECT `id` FROM `asset`  [ RunTime:0.0010s ]

[ 2017-12-10T12:20:21+08:00 ] ::1 /itcenter/index.php/Home/Asset/getOptionData/type/1.html
INFO: [ app_init ] --START--
INFO: Run Behavior\BuildLiteBehavior [ RunTime:0.001000s ]
INFO: [ app_init ] --END-- [ RunTime:0.001000s ]
INFO: [ app_begin ] --START--
INFO: Run Behavior\ReadHtmlCacheBehavior [ RunTime:0.001000s ]
INFO: [ app_begin ] --END-- [ RunTime:0.001000s ]
SQL: SHOW COLUMNS FROM `option` [ RunTime:0.0030s ]
SQL: SELECT `id`,`option_name` FROM `option` WHERE `type` = '1'  [ RunTime:0.0000s ]

[ 2017-12-10T12:20:21+08:00 ] ::1 /itcenter/index.php/Home/Asset/getOptionData/type/2.html
INFO: [ app_init ] --START--
INFO: Run Behavior\BuildLiteBehavior [ RunTime:0.000000s ]
INFO: [ app_init ] --END-- [ RunTime:0.002000s ]
INFO: [ app_begin ] --START--
INFO: Run Behavior\ReadHtmlCacheBehavior [ RunTime:0.001000s ]
INFO: [ app_begin ] --END-- [ RunTime:0.001000s ]
SQL: SHOW COLUMNS FROM `option` [ RunTime:0.0030s ]
SQL: SELECT `id`,`option_name` FROM `option` WHERE `type` = '2'  [ RunTime:0.0010s ]

[ 2017-12-10T12:20:21+08:00 ] ::1 /itcenter/index.php/Home/Asset/getOptionData/type/3.html
INFO: [ app_init ] --START--
INFO: Run Behavior\BuildLiteBehavior [ RunTime:0.000000s ]
INFO: [ app_init ] --END-- [ RunTime:0.001000s ]
INFO: [ app_begin ] --START--
INFO: Run Behavior\ReadHtmlCacheBehavior [ RunTime:0.001000s ]
INFO: [ app_begin ] --END-- [ RunTime:0.002000s ]
SQL: SHOW COLUMNS FROM `option` [ RunTime:0.0040s ]
SQL: SELECT `id`,`option_name` FROM `option` WHERE `type` = '3'  [ RunTime:0.0000s ]

[ 2017-12-10T12:20:22+08:00 ] ::1 /itcenter/index.php/Home/Allocation/getNameData.html
INFO: [ app_init ] --START--
INFO: Run Behavior\BuildLiteBehavior [ RunTime:0.000000s ]
INFO: [ app_init ] --END-- [ RunTime:0.001000s ]
INFO: [ app_begin ] --START--
INFO: Run Behavior\ReadHtmlCacheBehavior [ RunTime:0.000000s ]
INFO: [ app_begin ] --END-- [ RunTime:0.002000s ]
SQL: SHOW COLUMNS FROM `user` [ RunTime:0.0030s ]
SQL: SELECT `id`,`name` FROM `user`  [ RunTime:0.0010s ]

[ 2017-12-10T12:20:22+08:00 ] ::1 /itcenter/index.php/Home/Asset/getOptionData/type/6.html
INFO: [ app_init ] --START--
INFO: Run Behavior\BuildLiteBehavior [ RunTime:0.000000s ]
INFO: [ app_init ] --END-- [ RunTime:0.001000s ]
INFO: [ app_begin ] --START--
INFO: Run Behavior\ReadHtmlCacheBehavior [ RunTime:0.001000s ]
INFO: [ app_begin ] --END-- [ RunTime:0.002001s ]
SQL: SHOW COLUMNS FROM `option` [ RunTime:0.0040s ]
SQL: SELECT `id`,`option_name` FROM `option` WHERE `type` = '6'  [ RunTime:0.0010s ]

[ 2017-12-10T12:20:22+08:00 ] ::1 /itcenter/index.php/Home/Asset/getOptionData/type/4.html
INFO: [ app_init ] --START--
INFO: Run Behavior\BuildLiteBehavior [ RunTime:0.000000s ]
INFO: [ app_init ] --END-- [ RunTime:0.001000s ]
INFO: [ app_begin ] --START--
INFO: Run Behavior\ReadHtmlCacheBehavior [ RunTime:0.000000s ]
INFO: [ app_begin ] --END-- [ RunTime:0.001000s ]
SQL: SHOW COLUMNS FROM `option` [ RunTime:0.0040s ]
SQL: SELECT `id`,`option_name` FROM `option` WHERE `type` = '4'  [ RunTime:0.0010s ]

[ 2017-12-10T12:20:22+08:00 ] ::1 /itcenter/index.php/Home/Asset/getOptionData/type/5.html
INFO: [ app_init ] --START--
INFO: Run Behavior\BuildLiteBehavior [ RunTime:0.000000s ]
INFO: [ app_init ] --END-- [ RunTime:0.002000s ]
INFO: [ app_begin ] --START--
INFO: Run Behavior\ReadHtmlCacheBehavior [ RunTime:0.001000s ]
INFO: [ app_begin ] --END-- [ RunTime:0.001000s ]
SQL: SHOW COLUMNS FROM `option` [ RunTime:0.0040s ]
SQL: SELECT `id`,`option_name` FROM `option` WHERE `type` = '5'  [ RunTime:0.0000s ]

[ 2017-12-10T12:20:22+08:00 ] ::1 /itcenter/index.php/Home/Asset/getOptionData/type/1.html
INFO: [ app_init ] --START--
INFO: Run Behavior\BuildLiteBehavior [ RunTime:0.000000s ]
INFO: [ app_init ] --END-- [ RunTime:0.001000s ]
INFO: [ app_begin ] --START--
INFO: Run Behavior\ReadHtmlCacheBehavior [ RunTime:0.001000s ]
INFO: [ app_begin ] --END-- [ RunTime:0.002000s ]
SQL: SHOW COLUMNS FROM `option` [ RunTime:0.0030s ]
SQL: SELECT `id`,`option_name` FROM `option` WHERE `type` = '1'  [ RunTime:0.0000s ]

[ 2017-12-10T12:20:22+08:00 ] ::1 /itcenter/index.php/Home/Asset/getOptionData/type/2.html
INFO: [ app_init ] --START--
INFO: Run Behavior\BuildLiteBehavior [ RunTime:0.001000s ]
INFO: [ app_init ] --END-- [ RunTime:0.001000s ]
INFO: [ app_begin ] --START--
INFO: Run Behavior\ReadHtmlCacheBehavior [ RunTime:0.000000s ]
INFO: [ app_begin ] --END-- [ RunTime:0.001000s ]
SQL: SHOW COLUMNS FROM `option` [ RunTime:0.0040s ]
SQL: SELECT `id`,`option_name` FROM `option` WHERE `type` = '2'  [ RunTime:0.0000s ]

[ 2017-12-10T12:20:22+08:00 ] ::1 /itcenter/index.php/Home/Asset/getOptionData/type/3.html
INFO: [ app_init ] --START--
INFO: Run Behavior\BuildLiteBehavior [ RunTime:0.000000s ]
INFO: [ app_init ] --END-- [ RunTime:0.001000s ]
INFO: [ app_begin ] --START--
INFO: Run Behavior\ReadHtmlCacheBehavior [ RunTime:0.001000s ]
INFO: [ app_begin ] --END-- [ RunTime:0.001000s ]
SQL: SHOW COLUMNS FROM `option` [ RunTime:0.0030s ]
SQL: SELECT `id`,`option_name` FROM `option` WHERE `type` = '3'  [ RunTime:0.0010s ]

[ 2017-12-10T12:20:22+08:00 ] ::1 /itcenter/index.php/Home/Asset/getOptionData/type/5.html
INFO: [ app_init ] --START--
INFO: Run Behavior\BuildLiteBehavior [ RunTime:0.000000s ]
INFO: [ app_init ] --END-- [ RunTime:0.001000s ]
INFO: [ app_begin ] --START--
INFO: Run Behavior\ReadHtmlCacheBehavior [ RunTime:0.001000s ]
INFO: [ app_begin ] --END-- [ RunTime:0.001000s ]
SQL: SHOW COLUMNS FROM `option` [ RunTime:0.0040s ]
SQL: SELECT `id`,`option_name` FROM `option` WHERE `type` = '5'  [ RunTime:0.0000s ]

[ 2017-12-10T12:20:22+08:00 ] ::1 /itcenter/index.php/Home/Asset/getOptionData/type/4.html
INFO: [ app_init ] --START--
INFO: Run Behavior\BuildLiteBehavior [ RunTime:0.000000s ]
INFO: [ app_init ] --END-- [ RunTime:0.001000s ]
INFO: [ app_begin ] --START--
INFO: Run Behavior\ReadHtmlCacheBehavior [ RunTime:0.001000s ]
INFO: [ app_begin ] --END-- [ RunTime:0.004000s ]
SQL: SHOW COLUMNS FROM `option` [ RunTime:0.0040s ]
SQL: SELECT `id`,`option_name` FROM `option` WHERE `type` = '4'  [ RunTime:0.0000s ]

[ 2017-12-10T12:20:22+08:00 ] ::1 /itcenter/index.php/Home/Allocation/getNameData.html
INFO: [ app_init ] --START--
INFO: Run Behavior\BuildLiteBehavior [ RunTime:0.000000s ]
INFO: [ app_init ] --END-- [ RunTime:0.000000s ]
INFO: [ app_begin ] --START--
INFO: Run Behavior\ReadHtmlCacheBehavior [ RunTime:0.001000s ]
INFO: [ app_begin ] --END-- [ RunTime:0.001000s ]
SQL: SHOW COLUMNS FROM `user` [ RunTime:0.0040s ]
SQL: SELECT `id`,`name` FROM `user`  [ RunTime:0.0000s ]

[ 2017-12-10T12:20:22+08:00 ] ::1 /itcenter/index.php/Home/Asset/getOptionData/type/6.html
INFO: [ app_init ] --START--
INFO: Run Behavior\BuildLiteBehavior [ RunTime:0.001000s ]
INFO: [ app_init ] --END-- [ RunTime:0.001000s ]
INFO: [ app_begin ] --START--
INFO: Run Behavior\ReadHtmlCacheBehavior [ RunTime:0.001000s ]
INFO: [ app_begin ] --END-- [ RunTime:0.001000s ]
SQL: SHOW COLUMNS FROM `option` [ RunTime:0.0040s ]
SQL: SELECT `id`,`option_name` FROM `option` WHERE `type` = '6'  [ RunTime:0.0010s ]

[ 2017-12-10T12:20:22+08:00 ] ::1 /itcenter/index.php/Home/Asset/getOptionData/type/6.html
INFO: [ app_init ] --START--
INFO: Run Behavior\BuildLiteBehavior [ RunTime:0.000000s ]
INFO: [ app_init ] --END-- [ RunTime:0.000000s ]
INFO: [ app_begin ] --START--
INFO: Run Behavior\ReadHtmlCacheBehavior [ RunTime:0.001000s ]
INFO: [ app_begin ] --END-- [ RunTime:0.001000s ]
SQL: SHOW COLUMNS FROM `option` [ RunTime:0.0040s ]
SQL: SELECT `id`,`option_name` FROM `option` WHERE `type` = '6'  [ RunTime:0.0000s ]

[ 2017-12-10T12:20:22+08:00 ] ::1 /itcenter/index.php/Home/Allocation/getAllocatinData.html
INFO: [ app_init ] --START--
INFO: Run Behavior\BuildLiteBehavior [ RunTime:0.000000s ]
INFO: [ app_init ] --END-- [ RunTime:0.001000s ]
INFO: [ app_begin ] --START--
INFO: Run Behavior\ReadHtmlCacheBehavior [ RunTime:0.001000s ]
INFO: [ app_begin ] --END-- [ RunTime:0.001000s ]
SQL: SHOW COLUMNS FROM `option` [ RunTime:0.0030s ]
SQL: SELECT * FROM `option`  [ RunTime:0.0010s ]
NOTIC: [8] Undefined index: sID G:\wamp\www\ITCenter\Application\Home\Controller\AllocationController.class.php 第 18 行.
NOTIC: [8] Undefined index: sType G:\wamp\www\ITCenter\Application\Home\Controller\AllocationController.class.php 第 21 行.
NOTIC: [8] Undefined index: sBrand G:\wamp\www\ITCenter\Application\Home\Controller\AllocationController.class.php 第 24 行.
NOTIC: [8] Undefined index: sModel G:\wamp\www\ITCenter\Application\Home\Controller\AllocationController.class.php 第 27 行.
NOTIC: [8] Undefined index: sNumber G:\wamp\www\ITCenter\Application\Home\Controller\AllocationController.class.php 第 30 行.
NOTIC: [8] Undefined index: sNetWork G:\wamp\www\ITCenter\Application\Home\Controller\AllocationController.class.php 第 33 行.
NOTIC: [8] Undefined index: sSource G:\wamp\www\ITCenter\Application\Home\Controller\AllocationController.class.php 第 36 行.
NOTIC: [8] Undefined index: sPurchaseDateS G:\wamp\www\ITCenter\Application\Home\Controller\AllocationController.class.php 第 40 行.
NOTIC: [8] Undefined index: sUseDateS G:\wamp\www\ITCenter\Application\Home\Controller\AllocationController.class.php 第 47 行.
NOTIC: [8] Undefined index: sName G:\wamp\www\ITCenter\Application\Home\Controller\AllocationController.class.php 第 54 行.
NOTIC: [8] Undefined index: sDepartment G:\wamp\www\ITCenter\Application\Home\Controller\AllocationController.class.php 第 57 行.
NOTIC: [8] Undefined index: sState G:\wamp\www\ITCenter\Application\Home\Controller\AllocationController.class.php 第 60 行.
SQL: SHOW COLUMNS FROM `asset` [ RunTime:0.0030s ]
SQL: SHOW COLUMNS FROM `allocation` [ RunTime:0.0040s ]
SQL: SHOW COLUMNS FROM `user` [ RunTime:0.0040s ]
SQL: SELECT asset.type AS type,asset.brand AS brand,asset.model AS model,asset.number AS number,asset.network AS network,asset.source AS source,asset.purchase_date AS purchase_date,asset.remark AS asset_remark,asset.state AS state,asset.create_date AS asset_create_date,allocation.id AS id,allocation.asset_id AS asset_id,allocation.user_id AS user_id,allocation.use_date AS use_date,allocation.remark AS allocation_remark,allocation.create_date AS allocation_create_date,user.name AS name,user.department AS department,user.job AS job,user.office_phone AS office_phone,user.mobile_phone AS mobile_phone,user.create_date AS user_create_date FROM asset asset RIGHT JOIN allocation allocation ON allocation.asset_id=asset.id LEFT JOIN user user ON allocation.user_id=user.id ORDER BY allocation.create_date desc LIMIT 0,10   [ RunTime:0.0020s ]
NOTIC: [8] Undefined index:  G:\wamp\www\ITCenter\Application\Home\Controller\AllocationController.class.php 第 72 行.
NOTIC: [8] Undefined index:  G:\wamp\www\ITCenter\Application\Home\Controller\AllocationController.class.php 第 73 行.
NOTIC: [8] Undefined index:  G:\wamp\www\ITCenter\Application\Home\Controller\AllocationController.class.php 第 72 行.
NOTIC: [8] Undefined index:  G:\wamp\www\ITCenter\Application\Home\Controller\AllocationController.class.php 第 73 行.

[ 2017-12-10T12:20:25+08:00 ] ::1 /itcenter/index.php/Home/Asset/allocation.html
INFO: [ app_init ] --START--
INFO: Run Behavior\BuildLiteBehavior [ RunTime:0.000000s ]
INFO: [ app_init ] --END-- [ RunTime:0.001000s ]
INFO: [ app_begin ] --START--
INFO: Run Behavior\ReadHtmlCacheBehavior [ RunTime:0.001000s ]
INFO: [ app_begin ] --END-- [ RunTime:0.001000s ]
INFO: [ view_parse ] --START--
INFO: [ template_filter ] --START--
INFO: Run Behavior\ContentReplaceBehavior [ RunTime:0.000000s ]
INFO: [ template_filter ] --END-- [ RunTime:0.000000s ]
INFO: Run Behavior\ParseTemplateBehavior [ RunTime:0.022001s ]
INFO: [ view_parse ] --END-- [ RunTime:0.022001s ]
INFO: [ view_filter ] --START--
INFO: Run Behavior\WriteHtmlCacheBehavior [ RunTime:0.001000s ]
INFO: [ view_filter ] --END-- [ RunTime:0.001000s ]
INFO: [ app_end ] --START--
INFO: Run Behavior\ShowPageTraceBehavior [ RunTime:0.000000s ]
INFO: [ app_end ] --END-- [ RunTime:0.001000s ]

[ 2017-12-10T12:20:25+08:00 ] ::1 /itcenter/index.php/Home/Allocation/getIdData.html
INFO: [ app_init ] --START--
INFO: Run Behavior\BuildLiteBehavior [ RunTime:0.000000s ]
INFO: [ app_init ] --END-- [ RunTime:0.001000s ]
INFO: [ app_begin ] --START--
INFO: Run Behavior\ReadHtmlCacheBehavior [ RunTime:0.000000s ]
INFO: [ app_begin ] --END-- [ RunTime:0.001000s ]
SQL: SHOW COLUMNS FROM `asset` [ RunTime:0.0040s ]
SQL: SELECT `id` FROM `asset`  [ RunTime:0.0010s ]

[ 2017-12-10T12:20:25+08:00 ] ::1 /itcenter/index.php/Home/Asset/getOptionData/type/1.html
INFO: [ app_init ] --START--
INFO: Run Behavior\BuildLiteBehavior [ RunTime:0.000000s ]
INFO: [ app_init ] --END-- [ RunTime:0.001000s ]
INFO: [ app_begin ] --START--
INFO: Run Behavior\ReadHtmlCacheBehavior [ RunTime:0.001000s ]
INFO: [ app_begin ] --END-- [ RunTime:0.001000s ]
SQL: SHOW COLUMNS FROM `option` [ RunTime:0.0030s ]
SQL: SELECT `id`,`option_name` FROM `option` WHERE `type` = '1'  [ RunTime:0.0010s ]

[ 2017-12-10T12:20:25+08:00 ] ::1 /itcenter/index.php/Home/Asset/getOptionData/type/2.html
INFO: [ app_init ] --START--
INFO: Run Behavior\BuildLiteBehavior [ RunTime:0.000000s ]
INFO: [ app_init ] --END-- [ RunTime:0.001000s ]
INFO: [ app_begin ] --START--
INFO: Run Behavior\ReadHtmlCacheBehavior [ RunTime:0.001000s ]
INFO: [ app_begin ] --END-- [ RunTime:0.001000s ]
SQL: SHOW COLUMNS FROM `option` [ RunTime:0.0030s ]
SQL: SELECT `id`,`option_name` FROM `option` WHERE `type` = '2'  [ RunTime:0.0000s ]

[ 2017-12-10T12:20:25+08:00 ] ::1 /itcenter/index.php/Home/Asset/getOptionData/type/3.html
INFO: [ app_init ] --START--
INFO: Run Behavior\BuildLiteBehavior [ RunTime:0.000000s ]
INFO: [ app_init ] --END-- [ RunTime:0.001000s ]
INFO: [ app_begin ] --START--
INFO: Run Behavior\ReadHtmlCacheBehavior [ RunTime:0.001000s ]
INFO: [ app_begin ] --END-- [ RunTime:0.001000s ]
SQL: SHOW COLUMNS FROM `option` [ RunTime:0.0040s ]
SQL: SELECT `id`,`option_name` FROM `option` WHERE `type` = '3'  [ RunTime:0.0010s ]

[ 2017-12-10T12:20:25+08:00 ] ::1 /itcenter/index.php/Home/Allocation/getNameData.html
INFO: [ app_init ] --START--
INFO: Run Behavior\BuildLiteBehavior [ RunTime:0.000000s ]
INFO: [ app_init ] --END-- [ RunTime:0.001001s ]
INFO: [ app_begin ] --START--
INFO: Run Behavior\ReadHtmlCacheBehavior [ RunTime:0.001000s ]
INFO: [ app_begin ] --END-- [ RunTime:0.001000s ]
SQL: SHOW COLUMNS FROM `user` [ RunTime:0.0050s ]
SQL: SELECT `id`,`name` FROM `user`  [ RunTime:0.0000s ]

[ 2017-12-10T12:20:25+08:00 ] ::1 /itcenter/index.php/Home/Asset/getOptionData/type/6.html
INFO: [ app_init ] --START--
INFO: Run Behavior\BuildLiteBehavior [ RunTime:0.000000s ]
INFO: [ app_init ] --END-- [ RunTime:0.001000s ]
INFO: [ app_begin ] --START--
INFO: Run Behavior\ReadHtmlCacheBehavior [ RunTime:0.001000s ]
INFO: [ app_begin ] --END-- [ RunTime:0.001000s ]
SQL: SHOW COLUMNS FROM `option` [ RunTime:0.0220s ]
SQL: SELECT `id`,`option_name` FROM `option` WHERE `type` = '6'  [ RunTime:0.0000s ]

[ 2017-12-10T12:20:25+08:00 ] ::1 /itcenter/index.php/Home/Asset/getOptionData/type/4.html
INFO: [ app_init ] --START--
INFO: Run Behavior\BuildLiteBehavior [ RunTime:0.000000s ]
INFO: [ app_init ] --END-- [ RunTime:0.000000s ]
INFO: [ app_begin ] --START--
INFO: Run Behavior\ReadHtmlCacheBehavior [ RunTime:0.001000s ]
INFO: [ app_begin ] --END-- [ RunTime:0.001000s ]
SQL: SHOW COLUMNS FROM `option` [ RunTime:0.0030s ]
SQL: SELECT `id`,`option_name` FROM `option` WHERE `type` = '4'  [ RunTime:0.0010s ]

[ 2017-12-10T12:20:25+08:00 ] ::1 /itcenter/index.php/Home/Asset/getOptionData/type/5.html
INFO: [ app_init ] --START--
INFO: Run Behavior\BuildLiteBehavior [ RunTime:0.000000s ]
INFO: [ app_init ] --END-- [ RunTime:0.000000s ]
INFO: [ app_begin ] --START--
INFO: Run Behavior\ReadHtmlCacheBehavior [ RunTime:0.000000s ]
INFO: [ app_begin ] --END-- [ RunTime:0.001000s ]
SQL: SHOW COLUMNS FROM `option` [ RunTime:0.0030s ]
SQL: SELECT `id`,`option_name` FROM `option` WHERE `type` = '5'  [ RunTime:0.0000s ]

[ 2017-12-10T12:20:25+08:00 ] ::1 /itcenter/index.php/Home/Asset/getOptionData/type/1.html
INFO: [ app_init ] --START--
INFO: Run Behavior\BuildLiteBehavior [ RunTime:0.000000s ]
INFO: [ app_init ] --END-- [ RunTime:0.001000s ]
INFO: [ app_begin ] --START--
INFO: Run Behavior\ReadHtmlCacheBehavior [ RunTime:0.001000s ]
INFO: [ app_begin ] --END-- [ RunTime:0.001000s ]
SQL: SHOW COLUMNS FROM `option` [ RunTime:0.0050s ]
SQL: SELECT `id`,`option_name` FROM `option` WHERE `type` = '1'  [ RunTime:0.0010s ]

[ 2017-12-10T12:20:25+08:00 ] ::1 /itcenter/index.php/Home/Asset/getOptionData/type/2.html
INFO: [ app_init ] --START--
INFO: Run Behavior\BuildLiteBehavior [ RunTime:0.001001s ]
INFO: [ app_init ] --END-- [ RunTime:0.001001s ]
INFO: [ app_begin ] --START--
INFO: Run Behavior\ReadHtmlCacheBehavior [ RunTime:0.001000s ]
INFO: [ app_begin ] --END-- [ RunTime:0.001000s ]
SQL: SHOW COLUMNS FROM `option` [ RunTime:0.0030s ]
SQL: SELECT `id`,`option_name` FROM `option` WHERE `type` = '2'  [ RunTime:0.0010s ]

[ 2017-12-10T12:20:25+08:00 ] ::1 /itcenter/index.php/Home/Asset/getOptionData/type/3.html
INFO: [ app_init ] --START--
INFO: Run Behavior\BuildLiteBehavior [ RunTime:0.000000s ]
INFO: [ app_init ] --END-- [ RunTime:0.001000s ]
INFO: [ app_begin ] --START--
INFO: Run Behavior\ReadHtmlCacheBehavior [ RunTime:0.000000s ]
INFO: [ app_begin ] --END-- [ RunTime:0.002001s ]
SQL: SHOW COLUMNS FROM `option` [ RunTime:0.0040s ]
SQL: SELECT `id`,`option_name` FROM `option` WHERE `type` = '3'  [ RunTime:0.0000s ]

[ 2017-12-10T12:20:26+08:00 ] ::1 /itcenter/index.php/Home/Asset/getOptionData/type/5.html
INFO: [ app_init ] --START--
INFO: Run Behavior\BuildLiteBehavior [ RunTime:0.000000s ]
INFO: [ app_init ] --END-- [ RunTime:0.001000s ]
INFO: [ app_begin ] --START--
INFO: Run Behavior\ReadHtmlCacheBehavior [ RunTime:0.001000s ]
INFO: [ app_begin ] --END-- [ RunTime:0.001000s ]
SQL: SHOW COLUMNS FROM `option` [ RunTime:0.0030s ]
SQL: SELECT `id`,`option_name` FROM `option` WHERE `type` = '5'  [ RunTime:0.0000s ]

[ 2017-12-10T12:20:26+08:00 ] ::1 /itcenter/index.php/Home/Asset/getOptionData/type/4.html
INFO: [ app_init ] --START--
INFO: Run Behavior\BuildLiteBehavior [ RunTime:0.000000s ]
INFO: [ app_init ] --END-- [ RunTime:0.001000s ]
INFO: [ app_begin ] --START--
INFO: Run Behavior\ReadHtmlCacheBehavior [ RunTime:0.001000s ]
INFO: [ app_begin ] --END-- [ RunTime:0.001000s ]
SQL: SHOW COLUMNS FROM `option` [ RunTime:0.0030s ]
SQL: SELECT `id`,`option_name` FROM `option` WHERE `type` = '4'  [ RunTime:0.0010s ]

[ 2017-12-10T12:20:26+08:00 ] ::1 /itcenter/index.php/Home/Allocation/getNameData.html
INFO: [ app_init ] --START--
INFO: Run Behavior\BuildLiteBehavior [ RunTime:0.000000s ]
INFO: [ app_init ] --END-- [ RunTime:0.001000s ]
INFO: [ app_begin ] --START--
INFO: Run Behavior\ReadHtmlCacheBehavior [ RunTime:0.001000s ]
INFO: [ app_begin ] --END-- [ RunTime:0.001000s ]
SQL: SHOW COLUMNS FROM `user` [ RunTime:0.0030s ]
SQL: SELECT `id`,`name` FROM `user`  [ RunTime:0.0000s ]

[ 2017-12-10T12:20:26+08:00 ] ::1 /itcenter/index.php/Home/Asset/getOptionData/type/6.html
INFO: [ app_init ] --START--
INFO: Run Behavior\BuildLiteBehavior [ RunTime:0.000000s ]
INFO: [ app_init ] --END-- [ RunTime:0.001000s ]
INFO: [ app_begin ] --START--
INFO: Run Behavior\ReadHtmlCacheBehavior [ RunTime:0.000000s ]
INFO: [ app_begin ] --END-- [ RunTime:0.000000s ]
SQL: SHOW COLUMNS FROM `option` [ RunTime:0.0030s ]
SQL: SELECT `id`,`option_name` FROM `option` WHERE `type` = '6'  [ RunTime:0.0010s ]

[ 2017-12-10T12:20:26+08:00 ] ::1 /itcenter/index.php/Home/Asset/getOptionData/type/6.html
INFO: [ app_init ] --START--
INFO: Run Behavior\BuildLiteBehavior [ RunTime:0.000000s ]
INFO: [ app_init ] --END-- [ RunTime:0.001000s ]
INFO: [ app_begin ] --START--
INFO: Run Behavior\ReadHtmlCacheBehavior [ RunTime:0.000000s ]
INFO: [ app_begin ] --END-- [ RunTime:0.002001s ]
SQL: SHOW COLUMNS FROM `option` [ RunTime:0.0030s ]
SQL: SELECT `id`,`option_name` FROM `option` WHERE `type` = '6'  [ RunTime:0.0000s ]

[ 2017-12-10T12:20:26+08:00 ] ::1 /itcenter/index.php/Home/Allocation/getAllocatinData.html
INFO: [ app_init ] --START--
INFO: Run Behavior\BuildLiteBehavior [ RunTime:0.000000s ]
INFO: [ app_init ] --END-- [ RunTime:0.001000s ]
INFO: [ app_begin ] --START--
INFO: Run Behavior\ReadHtmlCacheBehavior [ RunTime:0.000000s ]
INFO: [ app_begin ] --END-- [ RunTime:0.001001s ]
SQL: SHOW COLUMNS FROM `option` [ RunTime:0.0040s ]
SQL: SELECT * FROM `option`  [ RunTime:0.0000s ]
NOTIC: [8] Undefined index: sID G:\wamp\www\ITCenter\Application\Home\Controller\AllocationController.class.php 第 18 行.
NOTIC: [8] Undefined index: sType G:\wamp\www\ITCenter\Application\Home\Controller\AllocationController.class.php 第 21 行.
NOTIC: [8] Undefined index: sBrand G:\wamp\www\ITCenter\Application\Home\Controller\AllocationController.class.php 第 24 行.
NOTIC: [8] Undefined index: sModel G:\wamp\www\ITCenter\Application\Home\Controller\AllocationController.class.php 第 27 行.
NOTIC: [8] Undefined index: sNumber G:\wamp\www\ITCenter\Application\Home\Controller\AllocationController.class.php 第 30 行.
NOTIC: [8] Undefined index: sNetWork G:\wamp\www\ITCenter\Application\Home\Controller\AllocationController.class.php 第 33 行.
NOTIC: [8] Undefined index: sSource G:\wamp\www\ITCenter\Application\Home\Controller\AllocationController.class.php 第 36 行.
NOTIC: [8] Undefined index: sPurchaseDateS G:\wamp\www\ITCenter\Application\Home\Controller\AllocationController.class.php 第 40 行.
NOTIC: [8] Undefined index: sUseDateS G:\wamp\www\ITCenter\Application\Home\Controller\AllocationController.class.php 第 47 行.
NOTIC: [8] Undefined index: sName G:\wamp\www\ITCenter\Application\Home\Controller\AllocationController.class.php 第 54 行.
NOTIC: [8] Undefined index: sDepartment G:\wamp\www\ITCenter\Application\Home\Controller\AllocationController.class.php 第 57 行.
NOTIC: [8] Undefined index: sState G:\wamp\www\ITCenter\Application\Home\Controller\AllocationController.class.php 第 60 行.
SQL: SHOW COLUMNS FROM `asset` [ RunTime:0.0030s ]
SQL: SHOW COLUMNS FROM `allocation` [ RunTime:0.0030s ]
SQL: SHOW COLUMNS FROM `user` [ RunTime:0.0030s ]
SQL: SELECT asset.type AS type,asset.brand AS brand,asset.model AS model,asset.number AS number,asset.network AS network,asset.source AS source,asset.purchase_date AS purchase_date,asset.remark AS asset_remark,asset.state AS state,asset.create_date AS asset_create_date,allocation.id AS id,allocation.asset_id AS asset_id,allocation.user_id AS user_id,allocation.use_date AS use_date,allocation.remark AS allocation_remark,allocation.create_date AS allocation_create_date,user.name AS name,user.department AS department,user.job AS job,user.office_phone AS office_phone,user.mobile_phone AS mobile_phone,user.create_date AS user_create_date FROM asset asset RIGHT JOIN allocation allocation ON allocation.asset_id=asset.id LEFT JOIN user user ON allocation.user_id=user.id ORDER BY allocation.create_date desc LIMIT 0,10   [ RunTime:0.0010s ]
NOTIC: [8] Undefined index:  G:\wamp\www\ITCenter\Application\Home\Controller\AllocationController.class.php 第 72 行.
NOTIC: [8] Undefined index:  G:\wamp\www\ITCenter\Application\Home\Controller\AllocationController.class.php 第 73 行.
NOTIC: [8] Undefined index:  G:\wamp\www\ITCenter\Application\Home\Controller\AllocationController.class.php 第 72 行.
NOTIC: [8] Undefined index:  G:\wamp\www\ITCenter\Application\Home\Controller\AllocationController.class.php 第 73 行.

[ 2017-12-10T12:20:28+08:00 ] ::1 /ITCenter/index.php/Home/Allocation/tableExport
INFO: [ app_init ] --START--
INFO: Run Behavior\BuildLiteBehavior [ RunTime:0.000000s ]
INFO: [ app_init ] --END-- [ RunTime:0.001000s ]
INFO: [ app_begin ] --START--
INFO: Run Behavior\ReadHtmlCacheBehavior [ RunTime:0.001001s ]
INFO: [ app_begin ] --END-- [ RunTime:0.001001s ]
SQL: SHOW COLUMNS FROM `option` [ RunTime:0.0020s ]
SQL: SELECT * FROM `option`  [ RunTime:0.0010s ]
SQL: SHOW COLUMNS FROM `asset` [ RunTime:0.0020s ]
SQL: SHOW COLUMNS FROM `allocation` [ RunTime:0.0030s ]
SQL: SHOW COLUMNS FROM `user` [ RunTime:0.0020s ]
SQL: SELECT asset.type AS type,asset.brand AS brand,asset.model AS model,asset.number AS number,asset.network AS network,asset.source AS source,asset.purchase_date AS purchase_date,asset.remark AS asset_remark,asset.state AS state,asset.create_date AS asset_create_date,allocation.id AS id,allocation.asset_id AS asset_id,allocation.user_id AS user_id,allocation.use_date AS use_date,allocation.remark AS allocation_remark,allocation.create_date AS allocation_create_date,user.name AS name,user.department AS department,user.job AS job,user.office_phone AS office_phone,user.mobile_phone AS mobile_phone,user.create_date AS user_create_date FROM asset asset RIGHT JOIN allocation allocation ON allocation.asset_id=asset.id LEFT JOIN user user ON allocation.user_id=user.id ORDER BY allocation.create_date desc  [ RunTime:0.0000s ]
NOTIC: [8] Undefined offset: 4545 G:\wamp\www\ITCenter\Application\Home\Controller\AllocationController.class.php 第 314 行.
NOTIC: [8] Undefined index:  G:\wamp\www\ITCenter\Application\Home\Controller\AllocationController.class.php 第 321 行.
NOTIC: [8] Undefined index:  G:\wamp\www\ITCenter\Application\Home\Controller\AllocationController.class.php 第 322 行.
NOTIC: [8] Undefined offset: 1221 G:\wamp\www\ITCenter\Application\Home\Controller\AllocationController.class.php 第 314 行.
NOTIC: [8] Undefined offset: 888 G:\wamp\www\ITCenter\Application\Home\Controller\AllocationController.class.php 第 314 行.
NOTIC: [8] Undefined offset: 777 G:\wamp\www\ITCenter\Application\Home\Controller\AllocationController.class.php 第 314 行.
NOTIC: [8] Undefined offset: 666 G:\wamp\www\ITCenter\Application\Home\Controller\AllocationController.class.php 第 314 行.
NOTIC: [8] Undefined offset: 4545 G:\wamp\www\ITCenter\Application\Home\Controller\AllocationController.class.php 第 314 行.
NOTIC: [8] Undefined index:  G:\wamp\www\ITCenter\Application\Home\Controller\AllocationController.class.php 第 321 行.
NOTIC: [8] Undefined index:  G:\wamp\www\ITCenter\Application\Home\Controller\AllocationController.class.php 第 322 行.

