[ 2017-12-07T16:54:30+08:00 ] ::1 /itcenter/
INFO: [ app_init ] --START--
INFO: Run Behavior\BuildLiteBehavior [ RunTime:0.000000s ]
INFO: [ app_init ] --END-- [ RunTime:0.003001s ]
INFO: [ app_begin ] --START--
INFO: Run Behavior\ReadHtmlCacheBehavior [ RunTime:0.001000s ]
INFO: [ app_begin ] --END-- [ RunTime:0.001000s ]
INFO: [ view_parse ] --START--
INFO: [ template_filter ] --START--
INFO: Run Behavior\ContentReplaceBehavior [ RunTime:0.010001s ]
INFO: [ template_filter ] --END-- [ RunTime:0.011001s ]
INFO: Run Behavior\ParseTemplateBehavior [ RunTime:0.035002s ]
INFO: [ view_parse ] --END-- [ RunTime:0.035002s ]
INFO: [ view_filter ] --START--
INFO: Run Behavior\WriteHtmlCacheBehavior [ RunTime:0.001000s ]
INFO: [ view_filter ] --END-- [ RunTime:0.001000s ]
INFO: [ app_end ] --START--
INFO: Run Behavior\ShowPageTraceBehavior [ RunTime:0.001000s ]
INFO: [ app_end ] --END-- [ RunTime:0.001000s ]

[ 2017-12-07T16:54:33+08:00 ] ::1 /itcenter/index.php/Home/Index/login.html
INFO: [ app_init ] --START--
INFO: Run Behavior\BuildLiteBehavior [ RunTime:0.000000s ]
INFO: [ app_init ] --END-- [ RunTime:0.001000s ]
INFO: [ app_begin ] --START--
INFO: Run Behavior\ReadHtmlCacheBehavior [ RunTime:0.001000s ]
INFO: [ app_begin ] --END-- [ RunTime:0.001000s ]
SQL: SHOW COLUMNS FROM `manager` [ RunTime:0.0290s ]
SQL: SELECT * FROM `manager` WHERE `name` = 'xuyuanfan' LIMIT 1   [ RunTime:0.0010s ]
NOTIC: [8] Undefined variable: userData D:\software\wamp\www\ITCenter\Application\Home\Controller\IndexController.class.php 第 16 行.

[ 2017-12-07T16:54:33+08:00 ] ::1 /itcenter/index.php/Home/Asset/assetList.html
INFO: [ app_init ] --START--
INFO: Run Behavior\BuildLiteBehavior [ RunTime:0.000000s ]
INFO: [ app_init ] --END-- [ RunTime:0.001001s ]
INFO: [ app_begin ] --START--
INFO: Run Behavior\ReadHtmlCacheBehavior [ RunTime:0.001000s ]
INFO: [ app_begin ] --END-- [ RunTime:0.001000s ]
INFO: [ view_parse ] --START--
INFO: [ template_filter ] --START--
INFO: Run Behavior\ContentReplaceBehavior [ RunTime:0.000000s ]
INFO: [ template_filter ] --END-- [ RunTime:0.000000s ]
INFO: Run Behavior\ParseTemplateBehavior [ RunTime:0.068004s ]
INFO: [ view_parse ] --END-- [ RunTime:0.068004s ]
INFO: [ view_filter ] --START--
INFO: Run Behavior\WriteHtmlCacheBehavior [ RunTime:0.001000s ]
INFO: [ view_filter ] --END-- [ RunTime:0.001000s ]
INFO: [ app_end ] --START--
INFO: Run Behavior\ShowPageTraceBehavior [ RunTime:0.001000s ]
INFO: [ app_end ] --END-- [ RunTime:0.001000s ]

[ 2017-12-07T16:54:33+08:00 ] ::1 /itcenter/index.php/Home/Allocation/getIdData.html
INFO: [ app_init ] --START--
INFO: Run Behavior\BuildLiteBehavior [ RunTime:0.000000s ]
INFO: [ app_init ] --END-- [ RunTime:0.001001s ]
INFO: [ app_begin ] --START--
INFO: Run Behavior\ReadHtmlCacheBehavior [ RunTime:0.000000s ]
INFO: [ app_begin ] --END-- [ RunTime:0.001000s ]
SQL: SHOW COLUMNS FROM `asset` [ RunTime:0.0360s ]
SQL: SELECT `id` FROM `asset`  [ RunTime:0.0010s ]

[ 2017-12-07T16:54:33+08:00 ] ::1 /itcenter/index.php/Home/Asset/getOptionData/type/1.html
INFO: [ app_init ] --START--
INFO: Run Behavior\BuildLiteBehavior [ RunTime:0.000000s ]
INFO: [ app_init ] --END-- [ RunTime:0.001000s ]
INFO: [ app_begin ] --START--
INFO: Run Behavior\ReadHtmlCacheBehavior [ RunTime:0.001000s ]
INFO: [ app_begin ] --END-- [ RunTime:0.001000s ]
SQL: SHOW COLUMNS FROM `option` [ RunTime:0.0270s ]
SQL: SELECT `id`,`option_name` FROM `option` WHERE `type` = '1'  [ RunTime:0.0030s ]

[ 2017-12-07T16:54:33+08:00 ] ::1 /itcenter/index.php/Home/Asset/getOptionData/type/2.html
INFO: [ app_init ] --START--
INFO: Run Behavior\BuildLiteBehavior [ RunTime:0.000000s ]
INFO: [ app_init ] --END-- [ RunTime:0.002000s ]
INFO: [ app_begin ] --START--
INFO: Run Behavior\ReadHtmlCacheBehavior [ RunTime:0.002000s ]
INFO: [ app_begin ] --END-- [ RunTime:0.002000s ]
SQL: SHOW COLUMNS FROM `option` [ RunTime:0.0020s ]
SQL: SELECT `id`,`option_name` FROM `option` WHERE `type` = '2'  [ RunTime:0.0000s ]

[ 2017-12-07T16:54:33+08:00 ] ::1 /itcenter/index.php/Home/Asset/getOptionData/type/3.html
INFO: [ app_init ] --START--
INFO: Run Behavior\BuildLiteBehavior [ RunTime:0.000000s ]
INFO: [ app_init ] --END-- [ RunTime:0.001001s ]
INFO: [ app_begin ] --START--
INFO: Run Behavior\ReadHtmlCacheBehavior [ RunTime:0.001000s ]
INFO: [ app_begin ] --END-- [ RunTime:0.001000s ]
SQL: SHOW COLUMNS FROM `option` [ RunTime:0.0020s ]
SQL: SELECT `id`,`option_name` FROM `option` WHERE `type` = '3'  [ RunTime:0.0020s ]

[ 2017-12-07T16:54:33+08:00 ] ::1 /itcenter/index.php/Home/Asset/getOptionData/type/5.html
INFO: [ app_init ] --START--
INFO: Run Behavior\BuildLiteBehavior [ RunTime:0.000000s ]
INFO: [ app_init ] --END-- [ RunTime:0.001000s ]
INFO: [ app_begin ] --START--
INFO: Run Behavior\ReadHtmlCacheBehavior [ RunTime:0.002000s ]
INFO: [ app_begin ] --END-- [ RunTime:0.002000s ]
SQL: SHOW COLUMNS FROM `option` [ RunTime:0.0020s ]
SQL: SELECT `id`,`option_name` FROM `option` WHERE `type` = '5'  [ RunTime:0.0010s ]

[ 2017-12-07T16:54:33+08:00 ] ::1 /itcenter/index.php/Home/Asset/getOptionData/type/4.html
INFO: [ app_init ] --START--
INFO: Run Behavior\BuildLiteBehavior [ RunTime:0.000000s ]
INFO: [ app_init ] --END-- [ RunTime:0.001000s ]
INFO: [ app_begin ] --START--
INFO: Run Behavior\ReadHtmlCacheBehavior [ RunTime:0.002001s ]
INFO: [ app_begin ] --END-- [ RunTime:0.002001s ]
SQL: SHOW COLUMNS FROM `option` [ RunTime:0.0020s ]
SQL: SELECT `id`,`option_name` FROM `option` WHERE `type` = '4'  [ RunTime:0.0010s ]

[ 2017-12-07T16:54:33+08:00 ] ::1 /itcenter/index.php/Home/Asset/getOptionData/type/1.html
INFO: [ app_init ] --START--
INFO: Run Behavior\BuildLiteBehavior [ RunTime:0.000000s ]
INFO: [ app_init ] --END-- [ RunTime:0.001000s ]
INFO: [ app_begin ] --START--
INFO: Run Behavior\ReadHtmlCacheBehavior [ RunTime:0.001000s ]
INFO: [ app_begin ] --END-- [ RunTime:0.001000s ]
SQL: SHOW COLUMNS FROM `option` [ RunTime:0.0020s ]
SQL: SELECT `id`,`option_name` FROM `option` WHERE `type` = '1'  [ RunTime:0.0020s ]

[ 2017-12-07T16:54:33+08:00 ] ::1 /itcenter/index.php/Home/Asset/getOptionData/type/2.html
INFO: [ app_init ] --START--
INFO: Run Behavior\BuildLiteBehavior [ RunTime:0.000000s ]
INFO: [ app_init ] --END-- [ RunTime:0.000000s ]
INFO: [ app_begin ] --START--
INFO: Run Behavior\ReadHtmlCacheBehavior [ RunTime:0.001000s ]
INFO: [ app_begin ] --END-- [ RunTime:0.002000s ]
SQL: SHOW COLUMNS FROM `option` [ RunTime:0.0020s ]
SQL: SELECT `id`,`option_name` FROM `option` WHERE `type` = '2'  [ RunTime:0.0020s ]

[ 2017-12-07T16:54:34+08:00 ] ::1 /itcenter/index.php/Home/Asset/getOptionData/type/3.html
INFO: [ app_init ] --START--
INFO: Run Behavior\BuildLiteBehavior [ RunTime:0.000000s ]
INFO: [ app_init ] --END-- [ RunTime:0.001000s ]
INFO: [ app_begin ] --START--
INFO: Run Behavior\ReadHtmlCacheBehavior [ RunTime:0.001000s ]
INFO: [ app_begin ] --END-- [ RunTime:0.001000s ]
SQL: SHOW COLUMNS FROM `option` [ RunTime:0.0020s ]
SQL: SELECT `id`,`option_name` FROM `option` WHERE `type` = '3'  [ RunTime:0.0010s ]

[ 2017-12-07T16:54:34+08:00 ] ::1 /itcenter/index.php/Home/Asset/getOptionData/type/5.html
INFO: [ app_init ] --START--
INFO: Run Behavior\BuildLiteBehavior [ RunTime:0.001000s ]
INFO: [ app_init ] --END-- [ RunTime:0.001000s ]
INFO: [ app_begin ] --START--
INFO: Run Behavior\ReadHtmlCacheBehavior [ RunTime:0.001000s ]
INFO: [ app_begin ] --END-- [ RunTime:0.001000s ]
SQL: SHOW COLUMNS FROM `option` [ RunTime:0.0020s ]
SQL: SELECT `id`,`option_name` FROM `option` WHERE `type` = '5'  [ RunTime:0.0010s ]

[ 2017-12-07T16:54:34+08:00 ] ::1 /itcenter/index.php/Home/Asset/getOptionData/type/4.html
INFO: [ app_init ] --START--
INFO: Run Behavior\BuildLiteBehavior [ RunTime:0.000000s ]
INFO: [ app_init ] --END-- [ RunTime:0.002000s ]
INFO: [ app_begin ] --START--
INFO: Run Behavior\ReadHtmlCacheBehavior [ RunTime:0.001000s ]
INFO: [ app_begin ] --END-- [ RunTime:0.001000s ]
SQL: SHOW COLUMNS FROM `option` [ RunTime:0.0020s ]
SQL: SELECT `id`,`option_name` FROM `option` WHERE `type` = '4'  [ RunTime:0.0000s ]

[ 2017-12-07T16:54:34+08:00 ] ::1 /itcenter/index.php/Home/Asset/getAssetData.html
INFO: [ app_init ] --START--
INFO: Run Behavior\BuildLiteBehavior [ RunTime:0.000000s ]
INFO: [ app_init ] --END-- [ RunTime:0.001000s ]
INFO: [ app_begin ] --START--
INFO: Run Behavior\ReadHtmlCacheBehavior [ RunTime:0.001000s ]
INFO: [ app_begin ] --END-- [ RunTime:0.002000s ]
SQL: SHOW COLUMNS FROM `option` [ RunTime:0.0030s ]
SQL: SELECT * FROM `option`  [ RunTime:0.0040s ]
SQL: SHOW COLUMNS FROM `asset` [ RunTime:0.0030s ]
NOTIC: [8] Undefined index: sID D:\software\wamp\www\ITCenter\Application\Home\Controller\AssetController.class.php 第 19 行.
NOTIC: [8] Undefined index: sType D:\software\wamp\www\ITCenter\Application\Home\Controller\AssetController.class.php 第 22 行.
NOTIC: [8] Undefined index: sBrand D:\software\wamp\www\ITCenter\Application\Home\Controller\AssetController.class.php 第 25 行.
NOTIC: [8] Undefined index: sModel D:\software\wamp\www\ITCenter\Application\Home\Controller\AssetController.class.php 第 28 行.
NOTIC: [8] Undefined index: sNumber D:\software\wamp\www\ITCenter\Application\Home\Controller\AssetController.class.php 第 31 行.
NOTIC: [8] Undefined index: sNetWork D:\software\wamp\www\ITCenter\Application\Home\Controller\AssetController.class.php 第 34 行.
NOTIC: [8] Undefined index: sSource D:\software\wamp\www\ITCenter\Application\Home\Controller\AssetController.class.php 第 37 行.
NOTIC: [8] Undefined index: sState D:\software\wamp\www\ITCenter\Application\Home\Controller\AssetController.class.php 第 40 行.
NOTIC: [8] Undefined index: sPurchaseDateS D:\software\wamp\www\ITCenter\Application\Home\Controller\AssetController.class.php 第 43 行.
SQL: SELECT * FROM `asset` ORDER BY create_date desc LIMIT 0,20   [ RunTime:0.0060s ]
SQL: SELECT COUNT(*) AS tp_count FROM `asset` LIMIT 1   [ RunTime:0.0010s ]

[ 2017-12-07T16:54:37+08:00 ] ::1 /itcenter/index.php/Home/Asset/userList.html
INFO: [ app_init ] --START--
INFO: Run Behavior\BuildLiteBehavior [ RunTime:0.001000s ]
INFO: [ app_init ] --END-- [ RunTime:0.001000s ]
INFO: [ app_begin ] --START--
INFO: Run Behavior\ReadHtmlCacheBehavior [ RunTime:0.000000s ]
INFO: [ app_begin ] --END-- [ RunTime:0.000000s ]
INFO: [ view_parse ] --START--
INFO: [ template_filter ] --START--
INFO: Run Behavior\ContentReplaceBehavior [ RunTime:0.000000s ]
INFO: [ template_filter ] --END-- [ RunTime:0.001000s ]
INFO: Run Behavior\ParseTemplateBehavior [ RunTime:0.021001s ]
INFO: [ view_parse ] --END-- [ RunTime:0.021001s ]
INFO: [ view_filter ] --START--
INFO: Run Behavior\WriteHtmlCacheBehavior [ RunTime:0.001000s ]
INFO: [ view_filter ] --END-- [ RunTime:0.001000s ]
INFO: [ app_end ] --START--
INFO: Run Behavior\ShowPageTraceBehavior [ RunTime:0.001000s ]
INFO: [ app_end ] --END-- [ RunTime:0.001000s ]

[ 2017-12-07T16:54:37+08:00 ] ::1 /itcenter/index.php/Home/User/getNameData.html
INFO: [ app_init ] --START--
INFO: Run Behavior\BuildLiteBehavior [ RunTime:0.000000s ]
INFO: [ app_init ] --END-- [ RunTime:0.000000s ]
INFO: [ app_begin ] --START--
INFO: Run Behavior\ReadHtmlCacheBehavior [ RunTime:0.001000s ]
INFO: [ app_begin ] --END-- [ RunTime:0.001000s ]
SQL: SHOW COLUMNS FROM `user` [ RunTime:0.0320s ]
SQL: SELECT `id`,`name` FROM `user`  [ RunTime:0.0000s ]

[ 2017-12-07T16:54:37+08:00 ] ::1 /itcenter/index.php/Home/User/getOptionData/type/7.html
INFO: [ app_init ] --START--
INFO: Run Behavior\BuildLiteBehavior [ RunTime:0.000000s ]
INFO: [ app_init ] --END-- [ RunTime:0.002000s ]
INFO: [ app_begin ] --START--
INFO: Run Behavior\ReadHtmlCacheBehavior [ RunTime:0.001000s ]
INFO: [ app_begin ] --END-- [ RunTime:0.001000s ]
SQL: SHOW COLUMNS FROM `option` [ RunTime:0.0020s ]
SQL: SELECT `id`,`option_name` FROM `option` WHERE `type` = '7'  [ RunTime:0.0010s ]

[ 2017-12-07T16:54:37+08:00 ] ::1 /itcenter/index.php/Home/User/getOptionData/type/6.html
INFO: [ app_init ] --START--
INFO: Run Behavior\BuildLiteBehavior [ RunTime:0.000000s ]
INFO: [ app_init ] --END-- [ RunTime:0.001000s ]
INFO: [ app_begin ] --START--
INFO: Run Behavior\ReadHtmlCacheBehavior [ RunTime:0.001000s ]
INFO: [ app_begin ] --END-- [ RunTime:0.001000s ]
SQL: SHOW COLUMNS FROM `option` [ RunTime:0.0020s ]
SQL: SELECT `id`,`option_name` FROM `option` WHERE `type` = '6'  [ RunTime:0.0030s ]

[ 2017-12-07T16:54:37+08:00 ] ::1 /itcenter/index.php/Home/Asset/getOptionData/type/6.html
INFO: [ app_init ] --START--
INFO: Run Behavior\BuildLiteBehavior [ RunTime:0.000000s ]
INFO: [ app_init ] --END-- [ RunTime:0.001000s ]
INFO: [ app_begin ] --START--
INFO: Run Behavior\ReadHtmlCacheBehavior [ RunTime:0.000000s ]
INFO: [ app_begin ] --END-- [ RunTime:0.001000s ]
SQL: SHOW COLUMNS FROM `option` [ RunTime:0.0020s ]
SQL: SELECT `id`,`option_name` FROM `option` WHERE `type` = '6'  [ RunTime:0.0010s ]

[ 2017-12-07T16:54:37+08:00 ] ::1 /itcenter/index.php/Home/Asset/getOptionData/type/7.html
INFO: [ app_init ] --START--
INFO: Run Behavior\BuildLiteBehavior [ RunTime:0.000000s ]
INFO: [ app_init ] --END-- [ RunTime:0.001000s ]
INFO: [ app_begin ] --START--
INFO: Run Behavior\ReadHtmlCacheBehavior [ RunTime:0.001000s ]
INFO: [ app_begin ] --END-- [ RunTime:0.001000s ]
SQL: SHOW COLUMNS FROM `option` [ RunTime:0.0020s ]
SQL: SELECT `id`,`option_name` FROM `option` WHERE `type` = '7'  [ RunTime:0.0010s ]

[ 2017-12-07T16:54:37+08:00 ] ::1 /itcenter/index.php/Home/User/getUserData.html
INFO: [ app_init ] --START--
INFO: Run Behavior\BuildLiteBehavior [ RunTime:0.000000s ]
INFO: [ app_init ] --END-- [ RunTime:0.000000s ]
INFO: [ app_begin ] --START--
INFO: Run Behavior\ReadHtmlCacheBehavior [ RunTime:0.002001s ]
INFO: [ app_begin ] --END-- [ RunTime:0.003001s ]
SQL: SHOW COLUMNS FROM `option` [ RunTime:0.0010s ]
SQL: SELECT * FROM `option`  [ RunTime:0.0000s ]
SQL: SHOW COLUMNS FROM `user` [ RunTime:0.0010s ]
NOTIC: [8] Undefined index: sName D:\software\wamp\www\ITCenter\Application\Home\Controller\UserController.class.php 第 18 行.
NOTIC: [8] Undefined index: sDepartment D:\software\wamp\www\ITCenter\Application\Home\Controller\UserController.class.php 第 21 行.
NOTIC: [8] Undefined index: sJob D:\software\wamp\www\ITCenter\Application\Home\Controller\UserController.class.php 第 24 行.
NOTIC: [8] Undefined index: sOfficePhone D:\software\wamp\www\ITCenter\Application\Home\Controller\UserController.class.php 第 27 行.
NOTIC: [8] Undefined index: sMobilePhone D:\software\wamp\www\ITCenter\Application\Home\Controller\UserController.class.php 第 30 行.
SQL: SELECT * FROM `user` ORDER BY create_date desc LIMIT 0,20   [ RunTime:0.0010s ]
SQL: SELECT COUNT(*) AS tp_count FROM `user` LIMIT 1   [ RunTime:0.0000s ]

[ 2017-12-07T16:54:41+08:00 ] ::1 /ITCenter/index.php/Home/User/tableExport
INFO: [ app_init ] --START--
INFO: Run Behavior\BuildLiteBehavior [ RunTime:0.000000s ]
INFO: [ app_init ] --END-- [ RunTime:0.000000s ]
INFO: [ app_begin ] --START--
INFO: Run Behavior\ReadHtmlCacheBehavior [ RunTime:0.001000s ]
INFO: [ app_begin ] --END-- [ RunTime:0.001000s ]
NOTIC: [8] Undefined index: sName D:\software\wamp\www\ITCenter\Application\Home\Controller\UserController.class.php 第 164 行.
NOTIC: [8] Undefined index: sDepartment D:\software\wamp\www\ITCenter\Application\Home\Controller\UserController.class.php 第 167 行.
NOTIC: [8] Undefined index: sJob D:\software\wamp\www\ITCenter\Application\Home\Controller\UserController.class.php 第 170 行.
NOTIC: [8] Undefined index: sOfficePhone D:\software\wamp\www\ITCenter\Application\Home\Controller\UserController.class.php 第 173 行.
NOTIC: [8] Undefined index: sMobilePhone D:\software\wamp\www\ITCenter\Application\Home\Controller\UserController.class.php 第 176 行.
NOTIC: [8] Undefined variable: user D:\software\wamp\www\ITCenter\Application\Home\Controller\UserController.class.php 第 180 行.

