[ 2018-01-02T18:51:56+08:00 ] ::1 /itcenter/
INFO: [ app_init ] --START--
INFO: Run Behavior\BuildLiteBehavior [ RunTime:0.000000s ]
INFO: [ app_init ] --END-- [ RunTime:0.000000s ]
INFO: [ app_begin ] --START--
INFO: Run Behavior\ReadHtmlCacheBehavior [ RunTime:0.000000s ]
INFO: [ app_begin ] --END-- [ RunTime:0.000000s ]
INFO: [ view_parse ] --START--
INFO: [ template_filter ] --START--
INFO: Run Behavior\ContentReplaceBehavior [ RunTime:0.000000s ]
INFO: [ template_filter ] --END-- [ RunTime:0.000000s ]
INFO: Run Behavior\ParseTemplateBehavior [ RunTime:0.021600s ]
INFO: [ view_parse ] --END-- [ RunTime:0.022601s ]
INFO: [ view_filter ] --START--
INFO: Run Behavior\WriteHtmlCacheBehavior [ RunTime:0.000000s ]
INFO: [ view_filter ] --END-- [ RunTime:0.000000s ]
INFO: [ app_end ] --START--
INFO: Run Behavior\ShowPageTraceBehavior [ RunTime:0.001000s ]
INFO: [ app_end ] --END-- [ RunTime:0.001000s ]

[ 2018-01-02T18:52:03+08:00 ] ::1 /itcenter/index.php/Home/Index/login.html
INFO: [ app_init ] --START--
INFO: Run Behavior\BuildLiteBehavior [ RunTime:0.000000s ]
INFO: [ app_init ] --END-- [ RunTime:0.001000s ]
INFO: [ app_begin ] --START--
INFO: Run Behavior\ReadHtmlCacheBehavior [ RunTime:0.000000s ]
INFO: [ app_begin ] --END-- [ RunTime:0.002000s ]
SQL: SHOW COLUMNS FROM `manager` [ RunTime:0.0270s ]
SQL: SELECT * FROM `manager` WHERE `name` = 'xuyuanfan' LIMIT 1   [ RunTime:0.0010s ]

[ 2018-01-02T18:52:03+08:00 ] ::1 /itcenter/index.php/Home/Allocation/index.html
INFO: [ app_init ] --START--
INFO: Run Behavior\BuildLiteBehavior [ RunTime:0.000000s ]
INFO: [ app_init ] --END-- [ RunTime:0.001000s ]
INFO: [ app_begin ] --START--
INFO: Run Behavior\ReadHtmlCacheBehavior [ RunTime:0.001000s ]
INFO: [ app_begin ] --END-- [ RunTime:0.001000s ]

[ 2018-01-02T18:52:37+08:00 ] ::1 /itcenter/index.php/Home/Allocation/index.html
INFO: [ app_init ] --START--
INFO: Run Behavior\BuildLiteBehavior [ RunTime:0.000000s ]
INFO: [ app_init ] --END-- [ RunTime:0.000000s ]
INFO: [ app_begin ] --START--
INFO: Run Behavior\ReadHtmlCacheBehavior [ RunTime:0.000000s ]
INFO: [ app_begin ] --END-- [ RunTime:0.000000s ]

[ 2018-01-02T18:52:37+08:00 ] ::1 /itcenter/index.php/Home/Asset/allocation.html
INFO: [ app_init ] --START--
INFO: Run Behavior\BuildLiteBehavior [ RunTime:0.000000s ]
INFO: [ app_init ] --END-- [ RunTime:0.000000s ]
INFO: [ app_begin ] --START--
INFO: Run Behavior\ReadHtmlCacheBehavior [ RunTime:0.001000s ]
INFO: [ app_begin ] --END-- [ RunTime:0.001000s ]
INFO: [ view_parse ] --START--
INFO: [ template_filter ] --START--
INFO: Run Behavior\ContentReplaceBehavior [ RunTime:0.000000s ]
INFO: [ template_filter ] --END-- [ RunTime:0.000000s ]
INFO: Run Behavior\ParseTemplateBehavior [ RunTime:0.030001s ]
INFO: [ view_parse ] --END-- [ RunTime:0.030001s ]
INFO: [ view_filter ] --START--
INFO: Run Behavior\WriteHtmlCacheBehavior [ RunTime:0.000000s ]
INFO: [ view_filter ] --END-- [ RunTime:0.001000s ]
INFO: [ app_end ] --START--
INFO: Run Behavior\ShowPageTraceBehavior [ RunTime:0.001000s ]
INFO: [ app_end ] --END-- [ RunTime:0.001000s ]

[ 2018-01-02T18:52:38+08:00 ] ::1 /itcenter/index.php/Home/Allocation/getIdData.html
INFO: [ app_init ] --START--
INFO: Run Behavior\BuildLiteBehavior [ RunTime:0.000000s ]
INFO: [ app_init ] --END-- [ RunTime:0.001000s ]
INFO: [ app_begin ] --START--
INFO: Run Behavior\ReadHtmlCacheBehavior [ RunTime:0.000000s ]
INFO: [ app_begin ] --END-- [ RunTime:0.001000s ]
SQL: SHOW COLUMNS FROM `asset` [ RunTime:0.0410s ]
SQL: SELECT `id` FROM `asset`  [ RunTime:0.0020s ]

[ 2018-01-02T18:52:38+08:00 ] ::1 /itcenter/index.php/Home/Asset/getOptionData/type/1.html
INFO: [ app_init ] --START--
INFO: Run Behavior\BuildLiteBehavior [ RunTime:0.000000s ]
INFO: [ app_init ] --END-- [ RunTime:0.001000s ]
INFO: [ app_begin ] --START--
INFO: Run Behavior\ReadHtmlCacheBehavior [ RunTime:0.001000s ]
INFO: [ app_begin ] --END-- [ RunTime:0.001000s ]
SQL: SHOW COLUMNS FROM `option` [ RunTime:0.0130s ]
SQL: SELECT `id`,`option_name` FROM `option` WHERE `type` = '1'  [ RunTime:0.0010s ]

[ 2018-01-02T18:52:38+08:00 ] ::1 /itcenter/index.php/Home/Asset/getOptionData/type/2.html
INFO: [ app_init ] --START--
INFO: Run Behavior\BuildLiteBehavior [ RunTime:0.000000s ]
INFO: [ app_init ] --END-- [ RunTime:0.002001s ]
INFO: [ app_begin ] --START--
INFO: Run Behavior\ReadHtmlCacheBehavior [ RunTime:0.004000s ]
INFO: [ app_begin ] --END-- [ RunTime:0.004000s ]
SQL: SHOW COLUMNS FROM `option` [ RunTime:0.0010s ]
SQL: SELECT `id`,`option_name` FROM `option` WHERE `type` = '2'  [ RunTime:0.0000s ]

[ 2018-01-02T18:52:38+08:00 ] ::1 /itcenter/index.php/Home/Allocation/getNameData.html
INFO: [ app_init ] --START--
INFO: Run Behavior\BuildLiteBehavior [ RunTime:0.000000s ]
INFO: [ app_init ] --END-- [ RunTime:0.000000s ]
INFO: [ app_begin ] --START--
INFO: Run Behavior\ReadHtmlCacheBehavior [ RunTime:0.000000s ]
INFO: [ app_begin ] --END-- [ RunTime:0.001000s ]
SQL: SHOW COLUMNS FROM `user` [ RunTime:0.0030s ]
SQL: SELECT `id`,`name` FROM `user`  [ RunTime:0.0000s ]

[ 2018-01-02T18:52:38+08:00 ] ::1 /itcenter/index.php/Home/Asset/getOptionData/type/3.html
INFO: [ app_init ] --START--
INFO: Run Behavior\BuildLiteBehavior [ RunTime:0.000000s ]
INFO: [ app_init ] --END-- [ RunTime:0.001000s ]
INFO: [ app_begin ] --START--
INFO: Run Behavior\ReadHtmlCacheBehavior [ RunTime:0.001000s ]
INFO: [ app_begin ] --END-- [ RunTime:0.002000s ]
SQL: SHOW COLUMNS FROM `option` [ RunTime:0.0010s ]
SQL: SELECT `id`,`option_name` FROM `option` WHERE `type` = '3'  [ RunTime:0.0010s ]

[ 2018-01-02T18:52:38+08:00 ] ::1 /itcenter/index.php/Home/Asset/getOptionData/type/6.html
INFO: [ app_init ] --START--
INFO: Run Behavior\BuildLiteBehavior [ RunTime:0.000000s ]
INFO: [ app_init ] --END-- [ RunTime:0.001000s ]
INFO: [ app_begin ] --START--
INFO: Run Behavior\ReadHtmlCacheBehavior [ RunTime:0.002000s ]
INFO: [ app_begin ] --END-- [ RunTime:0.002000s ]
SQL: SHOW COLUMNS FROM `option` [ RunTime:0.0020s ]
SQL: SELECT `id`,`option_name` FROM `option` WHERE `type` = '6'  [ RunTime:0.0010s ]

[ 2018-01-02T18:52:38+08:00 ] ::1 /itcenter/index.php/Home/Asset/getOptionData/type/4.html
INFO: [ app_init ] --START--
INFO: Run Behavior\BuildLiteBehavior [ RunTime:0.000000s ]
INFO: [ app_init ] --END-- [ RunTime:0.002000s ]
INFO: [ app_begin ] --START--
INFO: Run Behavior\ReadHtmlCacheBehavior [ RunTime:0.001000s ]
INFO: [ app_begin ] --END-- [ RunTime:0.001000s ]
SQL: SHOW COLUMNS FROM `option` [ RunTime:0.0020s ]
SQL: SELECT `id`,`option_name` FROM `option` WHERE `type` = '4'  [ RunTime:0.0010s ]

[ 2018-01-02T18:52:38+08:00 ] ::1 /itcenter/index.php/Home/Asset/getOptionData/type/5.html
INFO: [ app_init ] --START--
INFO: Run Behavior\BuildLiteBehavior [ RunTime:0.000000s ]
INFO: [ app_init ] --END-- [ RunTime:0.001000s ]
INFO: [ app_begin ] --START--
INFO: Run Behavior\ReadHtmlCacheBehavior [ RunTime:0.001000s ]
INFO: [ app_begin ] --END-- [ RunTime:0.002000s ]
SQL: SHOW COLUMNS FROM `option` [ RunTime:0.0010s ]
SQL: SELECT `id`,`option_name` FROM `option` WHERE `type` = '5'  [ RunTime:0.0010s ]

[ 2018-01-02T18:52:38+08:00 ] ::1 /itcenter/index.php/Home/Asset/getOptionData/type/1.html
INFO: [ app_init ] --START--
INFO: Run Behavior\BuildLiteBehavior [ RunTime:0.000000s ]
INFO: [ app_init ] --END-- [ RunTime:0.002000s ]
INFO: [ app_begin ] --START--
INFO: Run Behavior\ReadHtmlCacheBehavior [ RunTime:0.001000s ]
INFO: [ app_begin ] --END-- [ RunTime:0.001000s ]
SQL: SHOW COLUMNS FROM `option` [ RunTime:0.0010s ]
SQL: SELECT `id`,`option_name` FROM `option` WHERE `type` = '1'  [ RunTime:0.0000s ]

[ 2018-01-02T18:52:38+08:00 ] ::1 /itcenter/index.php/Home/Asset/getOptionData/type/2.html
INFO: [ app_init ] --START--
INFO: Run Behavior\BuildLiteBehavior [ RunTime:0.000000s ]
INFO: [ app_init ] --END-- [ RunTime:0.002000s ]
INFO: [ app_begin ] --START--
INFO: Run Behavior\ReadHtmlCacheBehavior [ RunTime:0.001001s ]
INFO: [ app_begin ] --END-- [ RunTime:0.001001s ]
SQL: SHOW COLUMNS FROM `option` [ RunTime:0.0010s ]
SQL: SELECT `id`,`option_name` FROM `option` WHERE `type` = '2'  [ RunTime:0.0000s ]

[ 2018-01-02T18:52:38+08:00 ] ::1 /itcenter/index.php/Home/Asset/getOptionData/type/3.html
INFO: [ app_init ] --START--
INFO: Run Behavior\BuildLiteBehavior [ RunTime:0.000000s ]
INFO: [ app_init ] --END-- [ RunTime:0.001000s ]
INFO: [ app_begin ] --START--
INFO: Run Behavior\ReadHtmlCacheBehavior [ RunTime:0.003001s ]
INFO: [ app_begin ] --END-- [ RunTime:0.003001s ]
SQL: SHOW COLUMNS FROM `option` [ RunTime:0.0020s ]
SQL: SELECT `id`,`option_name` FROM `option` WHERE `type` = '3'  [ RunTime:0.0000s ]

[ 2018-01-02T18:52:38+08:00 ] ::1 /itcenter/index.php/Home/Asset/getOptionData/type/5.html
INFO: [ app_init ] --START--
INFO: Run Behavior\BuildLiteBehavior [ RunTime:0.000000s ]
INFO: [ app_init ] --END-- [ RunTime:0.002000s ]
INFO: [ app_begin ] --START--
INFO: Run Behavior\ReadHtmlCacheBehavior [ RunTime:0.001000s ]
INFO: [ app_begin ] --END-- [ RunTime:0.001000s ]
SQL: SHOW COLUMNS FROM `option` [ RunTime:0.0010s ]
SQL: SELECT `id`,`option_name` FROM `option` WHERE `type` = '5'  [ RunTime:0.0000s ]

[ 2018-01-02T18:52:38+08:00 ] ::1 /itcenter/index.php/Home/Asset/getOptionData/type/4.html
INFO: [ app_init ] --START--
INFO: Run Behavior\BuildLiteBehavior [ RunTime:0.000000s ]
INFO: [ app_init ] --END-- [ RunTime:0.002000s ]
INFO: [ app_begin ] --START--
INFO: Run Behavior\ReadHtmlCacheBehavior [ RunTime:0.001000s ]
INFO: [ app_begin ] --END-- [ RunTime:0.002000s ]
SQL: SHOW COLUMNS FROM `option` [ RunTime:0.0010s ]
SQL: SELECT `id`,`option_name` FROM `option` WHERE `type` = '4'  [ RunTime:0.0000s ]

[ 2018-01-02T18:52:38+08:00 ] ::1 /itcenter/index.php/Home/Allocation/getNameData.html
INFO: [ app_init ] --START--
INFO: Run Behavior\BuildLiteBehavior [ RunTime:0.000000s ]
INFO: [ app_init ] --END-- [ RunTime:0.001000s ]
INFO: [ app_begin ] --START--
INFO: Run Behavior\ReadHtmlCacheBehavior [ RunTime:0.001000s ]
INFO: [ app_begin ] --END-- [ RunTime:0.001000s ]
SQL: SHOW COLUMNS FROM `user` [ RunTime:0.0010s ]
SQL: SELECT `id`,`name` FROM `user`  [ RunTime:0.0010s ]

[ 2018-01-02T18:52:38+08:00 ] ::1 /itcenter/index.php/Home/Asset/getOptionData/type/6.html
INFO: [ app_init ] --START--
INFO: Run Behavior\BuildLiteBehavior [ RunTime:0.000000s ]
INFO: [ app_init ] --END-- [ RunTime:0.001000s ]
INFO: [ app_begin ] --START--
INFO: Run Behavior\ReadHtmlCacheBehavior [ RunTime:0.001000s ]
INFO: [ app_begin ] --END-- [ RunTime:0.001000s ]
SQL: SHOW COLUMNS FROM `option` [ RunTime:0.0010s ]
SQL: SELECT `id`,`option_name` FROM `option` WHERE `type` = '6'  [ RunTime:0.0010s ]

[ 2018-01-02T18:52:38+08:00 ] ::1 /itcenter/index.php/Home/Asset/getOptionData/type/6.html
INFO: [ app_init ] --START--
INFO: Run Behavior\BuildLiteBehavior [ RunTime:0.000000s ]
INFO: [ app_init ] --END-- [ RunTime:0.001000s ]
INFO: [ app_begin ] --START--
INFO: Run Behavior\ReadHtmlCacheBehavior [ RunTime:0.001000s ]
INFO: [ app_begin ] --END-- [ RunTime:0.001000s ]
SQL: SHOW COLUMNS FROM `option` [ RunTime:0.0010s ]
SQL: SELECT `id`,`option_name` FROM `option` WHERE `type` = '6'  [ RunTime:0.0010s ]

[ 2018-01-02T18:52:38+08:00 ] ::1 /itcenter/index.php/Home/Allocation/getAllocatinData.html
INFO: [ app_init ] --START--
INFO: Run Behavior\BuildLiteBehavior [ RunTime:0.000000s ]
INFO: [ app_init ] --END-- [ RunTime:0.001000s ]
INFO: [ app_begin ] --START--
INFO: Run Behavior\ReadHtmlCacheBehavior [ RunTime:0.001000s ]
INFO: [ app_begin ] --END-- [ RunTime:0.001000s ]
SQL: SHOW COLUMNS FROM `option` [ RunTime:0.0010s ]
SQL: SELECT * FROM `option`  [ RunTime:0.0010s ]
NOTIC: [8] Undefined index: sID D:\wamp64\www\ITCenter\Application\Home\Controller\AllocationController.class.php 第 22 行.
NOTIC: [8] Undefined index: sType D:\wamp64\www\ITCenter\Application\Home\Controller\AllocationController.class.php 第 25 行.
NOTIC: [8] Undefined index: sBrand D:\wamp64\www\ITCenter\Application\Home\Controller\AllocationController.class.php 第 28 行.
NOTIC: [8] Undefined index: sModel D:\wamp64\www\ITCenter\Application\Home\Controller\AllocationController.class.php 第 31 行.
NOTIC: [8] Undefined index: sNumber D:\wamp64\www\ITCenter\Application\Home\Controller\AllocationController.class.php 第 34 行.
NOTIC: [8] Undefined index: sNetWork D:\wamp64\www\ITCenter\Application\Home\Controller\AllocationController.class.php 第 37 行.
NOTIC: [8] Undefined index: sSource D:\wamp64\www\ITCenter\Application\Home\Controller\AllocationController.class.php 第 40 行.
NOTIC: [8] Undefined index: sPurchaseDateS D:\wamp64\www\ITCenter\Application\Home\Controller\AllocationController.class.php 第 44 行.
NOTIC: [8] Undefined index: sUseDateS D:\wamp64\www\ITCenter\Application\Home\Controller\AllocationController.class.php 第 51 行.
NOTIC: [8] Undefined index: sName D:\wamp64\www\ITCenter\Application\Home\Controller\AllocationController.class.php 第 58 行.
NOTIC: [8] Undefined index: sDepartment D:\wamp64\www\ITCenter\Application\Home\Controller\AllocationController.class.php 第 61 行.
NOTIC: [8] Undefined index: sState D:\wamp64\www\ITCenter\Application\Home\Controller\AllocationController.class.php 第 64 行.
SQL: SHOW COLUMNS FROM `asset` [ RunTime:0.0010s ]
SQL: SHOW COLUMNS FROM `allocation` [ RunTime:0.0160s ]
SQL: SHOW COLUMNS FROM `user` [ RunTime:0.0010s ]
SQL: SELECT asset.type AS type,asset.brand AS brand,asset.model AS model,asset.number AS number,asset.network AS network,asset.source AS source,asset.purchase_date AS purchase_date,asset.remark AS asset_remark,asset.state AS state,asset.create_date AS asset_create_date,allocation.id AS id,allocation.asset_id AS asset_id,allocation.user_id AS user_id,allocation.use_date AS use_date,allocation.remark AS allocation_remark,allocation.create_date AS allocation_create_date,user.name AS name,user.department AS department,user.job AS job,user.office_phone AS office_phone,user.mobile_phone AS mobile_phone,user.create_date AS user_create_date FROM asset asset RIGHT JOIN allocation allocation ON allocation.asset_id=asset.id LEFT JOIN user user ON allocation.user_id=user.id ORDER BY allocation.create_date desc LIMIT 0,10   [ RunTime:0.0010s ]
NOTIC: [8] Undefined index:  D:\wamp64\www\ITCenter\Application\Home\Controller\AllocationController.class.php 第 76 行.
NOTIC: [8] Undefined index:  D:\wamp64\www\ITCenter\Application\Home\Controller\AllocationController.class.php 第 77 行.

[ 2018-01-02T18:52:42+08:00 ] ::1 /itcenter/index.php/Home/User/index.html
INFO: [ app_init ] --START--
INFO: Run Behavior\BuildLiteBehavior [ RunTime:0.000000s ]
INFO: [ app_init ] --END-- [ RunTime:0.001000s ]
INFO: [ app_begin ] --START--
INFO: Run Behavior\ReadHtmlCacheBehavior [ RunTime:0.000000s ]
INFO: [ app_begin ] --END-- [ RunTime:0.000000s ]

[ 2018-01-02T18:52:57+08:00 ] ::1 /itcenter/index.php/Home/User/index.html
INFO: [ app_init ] --START--
INFO: Run Behavior\BuildLiteBehavior [ RunTime:0.000000s ]
INFO: [ app_init ] --END-- [ RunTime:0.000000s ]
INFO: [ app_begin ] --START--
INFO: Run Behavior\ReadHtmlCacheBehavior [ RunTime:0.000000s ]
INFO: [ app_begin ] --END-- [ RunTime:0.000000s ]

[ 2018-01-02T18:52:57+08:00 ] ::1 /itcenter/index.php/Home/Asset/userList.html
INFO: [ app_init ] --START--
INFO: Run Behavior\BuildLiteBehavior [ RunTime:0.000000s ]
INFO: [ app_init ] --END-- [ RunTime:0.001001s ]
INFO: [ app_begin ] --START--
INFO: Run Behavior\ReadHtmlCacheBehavior [ RunTime:0.000000s ]
INFO: [ app_begin ] --END-- [ RunTime:0.000000s ]
INFO: [ view_parse ] --START--
INFO: [ template_filter ] --START--
INFO: Run Behavior\ContentReplaceBehavior [ RunTime:0.000000s ]
INFO: [ template_filter ] --END-- [ RunTime:0.000000s ]
INFO: Run Behavior\ParseTemplateBehavior [ RunTime:0.016001s ]
INFO: [ view_parse ] --END-- [ RunTime:0.016001s ]
INFO: [ view_filter ] --START--
INFO: Run Behavior\WriteHtmlCacheBehavior [ RunTime:0.001000s ]
INFO: [ view_filter ] --END-- [ RunTime:0.001000s ]
INFO: [ app_end ] --START--
INFO: Run Behavior\ShowPageTraceBehavior [ RunTime:0.002000s ]
INFO: [ app_end ] --END-- [ RunTime:0.002000s ]

[ 2018-01-02T18:52:58+08:00 ] ::1 /itcenter/index.php/Home/User/getNameData.html
INFO: [ app_init ] --START--
INFO: Run Behavior\BuildLiteBehavior [ RunTime:0.000000s ]
INFO: [ app_init ] --END-- [ RunTime:0.001000s ]
INFO: [ app_begin ] --START--
INFO: Run Behavior\ReadHtmlCacheBehavior [ RunTime:0.001000s ]
INFO: [ app_begin ] --END-- [ RunTime:0.001000s ]
SQL: SHOW COLUMNS FROM `user` [ RunTime:0.0020s ]
SQL: SELECT `id`,`name` FROM `user`  [ RunTime:0.0010s ]

[ 2018-01-02T18:52:58+08:00 ] ::1 /itcenter/index.php/Home/User/getOptionData/type/6.html
INFO: [ app_init ] --START--
INFO: Run Behavior\BuildLiteBehavior [ RunTime:0.000000s ]
INFO: [ app_init ] --END-- [ RunTime:0.001000s ]
INFO: [ app_begin ] --START--
INFO: Run Behavior\ReadHtmlCacheBehavior [ RunTime:0.001000s ]
INFO: [ app_begin ] --END-- [ RunTime:0.002000s ]
SQL: SHOW COLUMNS FROM `option` [ RunTime:0.0010s ]
SQL: SELECT `id`,`option_name` FROM `option` WHERE `type` = '6'  [ RunTime:0.0010s ]

[ 2018-01-02T18:52:58+08:00 ] ::1 /itcenter/index.php/Home/User/getOptionData/type/7.html
INFO: [ app_init ] --START--
INFO: Run Behavior\BuildLiteBehavior [ RunTime:0.000000s ]
INFO: [ app_init ] --END-- [ RunTime:0.001000s ]
INFO: [ app_begin ] --START--
INFO: Run Behavior\ReadHtmlCacheBehavior [ RunTime:0.001000s ]
INFO: [ app_begin ] --END-- [ RunTime:0.001000s ]
SQL: SHOW COLUMNS FROM `option` [ RunTime:0.0010s ]
SQL: SELECT `id`,`option_name` FROM `option` WHERE `type` = '7'  [ RunTime:0.0000s ]

[ 2018-01-02T18:52:58+08:00 ] ::1 /itcenter/index.php/Home/Asset/getOptionData/type/6.html
INFO: [ app_init ] --START--
INFO: Run Behavior\BuildLiteBehavior [ RunTime:0.000000s ]
INFO: [ app_init ] --END-- [ RunTime:0.001000s ]
INFO: [ app_begin ] --START--
INFO: Run Behavior\ReadHtmlCacheBehavior [ RunTime:0.001000s ]
INFO: [ app_begin ] --END-- [ RunTime:0.001000s ]
SQL: SHOW COLUMNS FROM `option` [ RunTime:0.0010s ]
SQL: SELECT `id`,`option_name` FROM `option` WHERE `type` = '6'  [ RunTime:0.0010s ]

[ 2018-01-02T18:52:58+08:00 ] ::1 /itcenter/index.php/Home/Asset/getOptionData/type/7.html
INFO: [ app_init ] --START--
INFO: Run Behavior\BuildLiteBehavior [ RunTime:0.000000s ]
INFO: [ app_init ] --END-- [ RunTime:0.001000s ]
INFO: [ app_begin ] --START--
INFO: Run Behavior\ReadHtmlCacheBehavior [ RunTime:0.002000s ]
INFO: [ app_begin ] --END-- [ RunTime:0.002000s ]
SQL: SHOW COLUMNS FROM `option` [ RunTime:0.0010s ]
SQL: SELECT `id`,`option_name` FROM `option` WHERE `type` = '7'  [ RunTime:0.0010s ]

[ 2018-01-02T18:52:58+08:00 ] ::1 /itcenter/index.php/Home/User/getUserListData.html
INFO: [ app_init ] --START--
INFO: Run Behavior\BuildLiteBehavior [ RunTime:0.000000s ]
INFO: [ app_init ] --END-- [ RunTime:0.000000s ]
INFO: [ app_begin ] --START--
INFO: Run Behavior\ReadHtmlCacheBehavior [ RunTime:0.000000s ]
INFO: [ app_begin ] --END-- [ RunTime:0.001000s ]
SQL: SHOW COLUMNS FROM `option` [ RunTime:0.0010s ]
SQL: SELECT * FROM `option`  [ RunTime:0.0010s ]
NOTIC: [8] Undefined index: sName D:\wamp64\www\ITCenter\Application\Home\Controller\UserController.class.php 第 12 行.
NOTIC: [8] Undefined index: sDepartment D:\wamp64\www\ITCenter\Application\Home\Controller\UserController.class.php 第 15 行.
NOTIC: [8] Undefined index: sJob D:\wamp64\www\ITCenter\Application\Home\Controller\UserController.class.php 第 18 行.
NOTIC: [8] Undefined index: sOfficePhone D:\wamp64\www\ITCenter\Application\Home\Controller\UserController.class.php 第 21 行.
NOTIC: [8] Undefined index: sMobilePhone D:\wamp64\www\ITCenter\Application\Home\Controller\UserController.class.php 第 24 行.
SQL: SHOW COLUMNS FROM `user` [ RunTime:0.0020s ]
SQL: SELECT * FROM `user` ORDER BY create_date desc LIMIT 0,20   [ RunTime:0.0010s ]

[ 2018-01-02T18:53:00+08:00 ] ::1 /itcenter/index.php/Home/User/index.html
INFO: [ app_init ] --START--
INFO: Run Behavior\BuildLiteBehavior [ RunTime:0.000000s ]
INFO: [ app_init ] --END-- [ RunTime:0.000000s ]
INFO: [ app_begin ] --START--
INFO: Run Behavior\ReadHtmlCacheBehavior [ RunTime:0.001000s ]
INFO: [ app_begin ] --END-- [ RunTime:0.001000s ]

[ 2018-01-02T18:53:00+08:00 ] ::1 /itcenter/index.php/Home/Asset/userList.html
INFO: [ app_init ] --START--
INFO: Run Behavior\BuildLiteBehavior [ RunTime:0.000000s ]
INFO: [ app_init ] --END-- [ RunTime:0.001000s ]
INFO: [ app_begin ] --START--
INFO: Run Behavior\ReadHtmlCacheBehavior [ RunTime:0.001000s ]
INFO: [ app_begin ] --END-- [ RunTime:0.001000s ]
INFO: [ view_parse ] --START--
INFO: [ template_filter ] --START--
INFO: Run Behavior\ContentReplaceBehavior [ RunTime:0.000000s ]
INFO: [ template_filter ] --END-- [ RunTime:0.001000s ]
INFO: Run Behavior\ParseTemplateBehavior [ RunTime:0.015001s ]
INFO: [ view_parse ] --END-- [ RunTime:0.015001s ]
INFO: [ view_filter ] --START--
INFO: Run Behavior\WriteHtmlCacheBehavior [ RunTime:0.001000s ]
INFO: [ view_filter ] --END-- [ RunTime:0.001000s ]
INFO: [ app_end ] --START--
INFO: Run Behavior\ShowPageTraceBehavior [ RunTime:0.003001s ]
INFO: [ app_end ] --END-- [ RunTime:0.003001s ]

[ 2018-01-02T18:53:00+08:00 ] ::1 /itcenter/index.php/Home/User/getNameData.html
INFO: [ app_init ] --START--
INFO: Run Behavior\BuildLiteBehavior [ RunTime:0.000000s ]
INFO: [ app_init ] --END-- [ RunTime:0.001000s ]
INFO: [ app_begin ] --START--
INFO: Run Behavior\ReadHtmlCacheBehavior [ RunTime:0.001000s ]
INFO: [ app_begin ] --END-- [ RunTime:0.002001s ]
SQL: SHOW COLUMNS FROM `user` [ RunTime:0.0020s ]
SQL: SELECT `id`,`name` FROM `user`  [ RunTime:0.0000s ]

[ 2018-01-02T18:53:00+08:00 ] ::1 /itcenter/index.php/Home/User/getOptionData/type/6.html
INFO: [ app_init ] --START--
INFO: Run Behavior\BuildLiteBehavior [ RunTime:0.000000s ]
INFO: [ app_init ] --END-- [ RunTime:0.001000s ]
INFO: [ app_begin ] --START--
INFO: Run Behavior\ReadHtmlCacheBehavior [ RunTime:0.001000s ]
INFO: [ app_begin ] --END-- [ RunTime:0.002000s ]
SQL: SHOW COLUMNS FROM `option` [ RunTime:0.0010s ]
SQL: SELECT `id`,`option_name` FROM `option` WHERE `type` = '6'  [ RunTime:0.0000s ]

[ 2018-01-02T18:53:00+08:00 ] ::1 /itcenter/index.php/Home/User/getOptionData/type/7.html
INFO: [ app_init ] --START--
INFO: Run Behavior\BuildLiteBehavior [ RunTime:0.000000s ]
INFO: [ app_init ] --END-- [ RunTime:0.001000s ]
INFO: [ app_begin ] --START--
INFO: Run Behavior\ReadHtmlCacheBehavior [ RunTime:0.001000s ]
INFO: [ app_begin ] --END-- [ RunTime:0.001000s ]
SQL: SHOW COLUMNS FROM `option` [ RunTime:0.0010s ]
SQL: SELECT `id`,`option_name` FROM `option` WHERE `type` = '7'  [ RunTime:0.0000s ]

[ 2018-01-02T18:53:00+08:00 ] ::1 /itcenter/index.php/Home/Asset/getOptionData/type/6.html
INFO: [ app_init ] --START--
INFO: Run Behavior\BuildLiteBehavior [ RunTime:0.000000s ]
INFO: [ app_init ] --END-- [ RunTime:0.001000s ]
INFO: [ app_begin ] --START--
INFO: Run Behavior\ReadHtmlCacheBehavior [ RunTime:0.001000s ]
INFO: [ app_begin ] --END-- [ RunTime:0.001000s ]
SQL: SHOW COLUMNS FROM `option` [ RunTime:0.0010s ]
SQL: SELECT `id`,`option_name` FROM `option` WHERE `type` = '6'  [ RunTime:0.0010s ]

[ 2018-01-02T18:53:00+08:00 ] ::1 /itcenter/index.php/Home/Asset/getOptionData/type/7.html
INFO: [ app_init ] --START--
INFO: Run Behavior\BuildLiteBehavior [ RunTime:0.000000s ]
INFO: [ app_init ] --END-- [ RunTime:0.001000s ]
INFO: [ app_begin ] --START--
INFO: Run Behavior\ReadHtmlCacheBehavior [ RunTime:0.001000s ]
INFO: [ app_begin ] --END-- [ RunTime:0.003000s ]
SQL: SHOW COLUMNS FROM `option` [ RunTime:0.0010s ]
SQL: SELECT `id`,`option_name` FROM `option` WHERE `type` = '7'  [ RunTime:0.0010s ]

[ 2018-01-02T18:53:00+08:00 ] ::1 /itcenter/index.php/Home/User/getUserListData.html
INFO: [ app_init ] --START--
INFO: Run Behavior\BuildLiteBehavior [ RunTime:0.000000s ]
INFO: [ app_init ] --END-- [ RunTime:0.000000s ]
INFO: [ app_begin ] --START--
INFO: Run Behavior\ReadHtmlCacheBehavior [ RunTime:0.001000s ]
INFO: [ app_begin ] --END-- [ RunTime:0.001000s ]
SQL: SHOW COLUMNS FROM `option` [ RunTime:0.0010s ]
SQL: SELECT * FROM `option`  [ RunTime:0.0010s ]
NOTIC: [8] Undefined index: sName D:\wamp64\www\ITCenter\Application\Home\Controller\UserController.class.php 第 12 行.
NOTIC: [8] Undefined index: sDepartment D:\wamp64\www\ITCenter\Application\Home\Controller\UserController.class.php 第 15 行.
NOTIC: [8] Undefined index: sJob D:\wamp64\www\ITCenter\Application\Home\Controller\UserController.class.php 第 18 行.
NOTIC: [8] Undefined index: sOfficePhone D:\wamp64\www\ITCenter\Application\Home\Controller\UserController.class.php 第 21 行.
NOTIC: [8] Undefined index: sMobilePhone D:\wamp64\www\ITCenter\Application\Home\Controller\UserController.class.php 第 24 行.
SQL: SHOW COLUMNS FROM `user` [ RunTime:0.0010s ]
SQL: SELECT * FROM `user` ORDER BY create_date desc LIMIT 0,20   [ RunTime:0.0010s ]

[ 2018-01-02T18:53:08+08:00 ] ::1 /ITCenter/index.php/Home/User/tableExport
INFO: [ app_init ] --START--
INFO: Run Behavior\BuildLiteBehavior [ RunTime:0.000000s ]
INFO: [ app_init ] --END-- [ RunTime:0.000000s ]
INFO: [ app_begin ] --START--
INFO: Run Behavior\ReadHtmlCacheBehavior [ RunTime:0.000000s ]
INFO: [ app_begin ] --END-- [ RunTime:0.000000s ]
SQL: SHOW COLUMNS FROM `option` [ RunTime:0.0000s ]
SQL: SELECT * FROM `option`  [ RunTime:0.0000s ]
SQL: SHOW COLUMNS FROM `user` [ RunTime:0.0000s ]
SQL: SELECT * FROM `user` ORDER BY create_date desc  [ RunTime:0.0000s ]

[ 2018-01-02T18:53:27+08:00 ] ::1 /ITCenter/index.php/Home/User/userDestroy
INFO: [ app_init ] --START--
INFO: Run Behavior\BuildLiteBehavior [ RunTime:0.000000s ]
INFO: [ app_init ] --END-- [ RunTime:0.000000s ]
INFO: [ app_begin ] --START--
INFO: Run Behavior\ReadHtmlCacheBehavior [ RunTime:0.001001s ]
INFO: [ app_begin ] --END-- [ RunTime:0.002001s ]
SQL: SHOW COLUMNS FROM `user` [ RunTime:0.0010s ]
SQL: SELECT * FROM `user` WHERE `id` = 192 LIMIT 1   [ RunTime:0.0000s ]
SQL: SHOW COLUMNS FROM `log` [ RunTime:0.0110s ]
SQL: INSERT INTO `log` (`type`,`text`,`create_date`) VALUES ('3','删除【人员（哈哈哈）】','2018-01-02 18:53:27') [ RunTime:0.0000s ]
SQL: DELETE FROM `user` WHERE `id` = 192 [ RunTime:0.0000s ]

[ 2018-01-02T18:53:27+08:00 ] ::1 /itcenter/index.php/Home/User/getUserListData.html
INFO: [ app_init ] --START--
INFO: Run Behavior\BuildLiteBehavior [ RunTime:0.000000s ]
INFO: [ app_init ] --END-- [ RunTime:0.001000s ]
INFO: [ app_begin ] --START--
INFO: Run Behavior\ReadHtmlCacheBehavior [ RunTime:0.001001s ]
INFO: [ app_begin ] --END-- [ RunTime:0.001001s ]
SQL: SHOW COLUMNS FROM `option` [ RunTime:0.0010s ]
SQL: SELECT * FROM `option`  [ RunTime:0.0000s ]
NOTIC: [8] Undefined index: sName D:\wamp64\www\ITCenter\Application\Home\Controller\UserController.class.php 第 12 行.
NOTIC: [8] Undefined index: sDepartment D:\wamp64\www\ITCenter\Application\Home\Controller\UserController.class.php 第 15 行.
NOTIC: [8] Undefined index: sJob D:\wamp64\www\ITCenter\Application\Home\Controller\UserController.class.php 第 18 行.
NOTIC: [8] Undefined index: sOfficePhone D:\wamp64\www\ITCenter\Application\Home\Controller\UserController.class.php 第 21 行.
NOTIC: [8] Undefined index: sMobilePhone D:\wamp64\www\ITCenter\Application\Home\Controller\UserController.class.php 第 24 行.
SQL: SHOW COLUMNS FROM `user` [ RunTime:0.0000s ]
SQL: SELECT * FROM `user` ORDER BY create_date desc LIMIT 0,20   [ RunTime:0.0010s ]

[ 2018-01-02T18:53:42+08:00 ] ::1 /ITCenter/index.php/Home/User/tableImport
INFO: [ app_init ] --START--
INFO: Run Behavior\BuildLiteBehavior [ RunTime:0.000000s ]
INFO: [ app_init ] --END-- [ RunTime:0.001000s ]
INFO: [ app_begin ] --START--
INFO: Run Behavior\ReadHtmlCacheBehavior [ RunTime:0.001000s ]
INFO: [ app_begin ] --END-- [ RunTime:0.001000s ]
SQL: SHOW COLUMNS FROM `option` [ RunTime:0.0000s ]
SQL: SELECT * FROM `option`  [ RunTime:0.0000s ]
SQL: SHOW COLUMNS FROM `user` [ RunTime:0.0000s ]
SQL: SELECT * FROM `user` WHERE `name` = '哈哈哈' LIMIT 1   [ RunTime:0.0010s ]
SQL: INSERT INTO `user` (`name`,`department`,`job`,`office_phone`,`mobile_phone`,`create_date`) VALUES ('哈哈哈','54','72','8866727','1234567890','2018-01-02 18:53:42') [ RunTime:0.0010s ]
SQL: SELECT * FROM `user` WHERE `name` = '李军' LIMIT 1   [ RunTime:0.0000s ]
SQL: SELECT * FROM `user` WHERE `name` = '陈瑜' LIMIT 1   [ RunTime:0.0000s ]
SQL: SELECT * FROM `user` WHERE `name` = '许远帆' LIMIT 1   [ RunTime:0.0000s ]
SQL: SELECT * FROM `user` WHERE `name` = '赵士劲' LIMIT 1   [ RunTime:0.0000s ]
SQL: SELECT * FROM `user` WHERE `name` = '黄守超' LIMIT 1   [ RunTime:0.0000s ]
SQL: SELECT * FROM `user` WHERE `name` = '何燕群' LIMIT 1   [ RunTime:0.0010s ]
SQL: SELECT * FROM `user` WHERE `name` = '张麦龙' LIMIT 1   [ RunTime:0.0000s ]
SQL: SELECT * FROM `user` WHERE `name` = '郑小波' LIMIT 1   [ RunTime:0.0010s ]
SQL: SELECT * FROM `user` WHERE `name` = '钟刚' LIMIT 1   [ RunTime:0.0010s ]
SQL: SELECT * FROM `user` WHERE `name` = '黄廉团' LIMIT 1   [ RunTime:0.0010s ]
SQL: SELECT * FROM `user` WHERE `name` = '冯浦' LIMIT 1   [ RunTime:0.0000s ]
SQL: SELECT * FROM `user` WHERE `name` = '何泉章' LIMIT 1   [ RunTime:0.0000s ]
SQL: SELECT * FROM `user` WHERE `name` = '黄晓风' LIMIT 1   [ RunTime:0.0000s ]
SQL: SELECT * FROM `user` WHERE `name` = '叶增潮' LIMIT 1   [ RunTime:0.0010s ]

[ 2018-01-02T18:53:43+08:00 ] ::1 /itcenter/index.php/Home/User/getUserListData.html
INFO: [ app_init ] --START--
INFO: Run Behavior\BuildLiteBehavior [ RunTime:0.000000s ]
INFO: [ app_init ] --END-- [ RunTime:0.000000s ]
INFO: [ app_begin ] --START--
INFO: Run Behavior\ReadHtmlCacheBehavior [ RunTime:0.000000s ]
INFO: [ app_begin ] --END-- [ RunTime:0.000000s ]
SQL: SHOW COLUMNS FROM `option` [ RunTime:0.0000s ]
SQL: SELECT * FROM `option`  [ RunTime:0.0010s ]
NOTIC: [8] Undefined index: sName D:\wamp64\www\ITCenter\Application\Home\Controller\UserController.class.php 第 12 行.
NOTIC: [8] Undefined index: sDepartment D:\wamp64\www\ITCenter\Application\Home\Controller\UserController.class.php 第 15 行.
NOTIC: [8] Undefined index: sJob D:\wamp64\www\ITCenter\Application\Home\Controller\UserController.class.php 第 18 行.
NOTIC: [8] Undefined index: sOfficePhone D:\wamp64\www\ITCenter\Application\Home\Controller\UserController.class.php 第 21 行.
NOTIC: [8] Undefined index: sMobilePhone D:\wamp64\www\ITCenter\Application\Home\Controller\UserController.class.php 第 24 行.
SQL: SHOW COLUMNS FROM `user` [ RunTime:0.0010s ]
SQL: SELECT * FROM `user` ORDER BY create_date desc LIMIT 0,20   [ RunTime:0.0010s ]

[ 2018-01-02T18:54:44+08:00 ] ::1 /ITCenter/index.php/Home/User/userDestroy
INFO: [ app_init ] --START--
INFO: Run Behavior\BuildLiteBehavior [ RunTime:0.000000s ]
INFO: [ app_init ] --END-- [ RunTime:0.001000s ]
INFO: [ app_begin ] --START--
INFO: Run Behavior\ReadHtmlCacheBehavior [ RunTime:0.001000s ]
INFO: [ app_begin ] --END-- [ RunTime:0.001000s ]
SQL: SHOW COLUMNS FROM `user` [ RunTime:0.0010s ]
SQL: SELECT * FROM `user` WHERE `id` = 194 LIMIT 1   [ RunTime:0.0010s ]
SQL: SHOW COLUMNS FROM `log` [ RunTime:0.0010s ]
SQL: INSERT INTO `log` (`type`,`text`,`create_date`) VALUES ('3','删除【人员（哈哈哈）】','2018-01-02 18:54:44') [ RunTime:0.0000s ]
SQL: DELETE FROM `user` WHERE `id` = 194 [ RunTime:0.0010s ]

[ 2018-01-02T18:54:44+08:00 ] ::1 /itcenter/index.php/Home/User/getUserListData.html
INFO: [ app_init ] --START--
INFO: Run Behavior\BuildLiteBehavior [ RunTime:0.000000s ]
INFO: [ app_init ] --END-- [ RunTime:0.001000s ]
INFO: [ app_begin ] --START--
INFO: Run Behavior\ReadHtmlCacheBehavior [ RunTime:0.002000s ]
INFO: [ app_begin ] --END-- [ RunTime:0.002000s ]
SQL: SHOW COLUMNS FROM `option` [ RunTime:0.0010s ]
SQL: SELECT * FROM `option`  [ RunTime:0.0010s ]
NOTIC: [8] Undefined index: sName D:\wamp64\www\ITCenter\Application\Home\Controller\UserController.class.php 第 12 行.
NOTIC: [8] Undefined index: sDepartment D:\wamp64\www\ITCenter\Application\Home\Controller\UserController.class.php 第 15 行.
NOTIC: [8] Undefined index: sJob D:\wamp64\www\ITCenter\Application\Home\Controller\UserController.class.php 第 18 行.
NOTIC: [8] Undefined index: sOfficePhone D:\wamp64\www\ITCenter\Application\Home\Controller\UserController.class.php 第 21 行.
NOTIC: [8] Undefined index: sMobilePhone D:\wamp64\www\ITCenter\Application\Home\Controller\UserController.class.php 第 24 行.
SQL: SHOW COLUMNS FROM `user` [ RunTime:0.0010s ]
SQL: SELECT * FROM `user` ORDER BY create_date desc LIMIT 0,20   [ RunTime:0.0010s ]

[ 2018-01-02T18:54:47+08:00 ] ::1 /itcenter/index.php/Home/Asset/userList.html
INFO: [ app_init ] --START--
INFO: Run Behavior\BuildLiteBehavior [ RunTime:0.000000s ]
INFO: [ app_init ] --END-- [ RunTime:0.001000s ]
INFO: [ app_begin ] --START--
INFO: Run Behavior\ReadHtmlCacheBehavior [ RunTime:0.001000s ]
INFO: [ app_begin ] --END-- [ RunTime:0.001000s ]
INFO: [ view_parse ] --START--
INFO: [ template_filter ] --START--
INFO: Run Behavior\ContentReplaceBehavior [ RunTime:0.000000s ]
INFO: [ template_filter ] --END-- [ RunTime:0.000000s ]
INFO: Run Behavior\ParseTemplateBehavior [ RunTime:0.017001s ]
INFO: [ view_parse ] --END-- [ RunTime:0.017001s ]
INFO: [ view_filter ] --START--
INFO: Run Behavior\WriteHtmlCacheBehavior [ RunTime:0.000000s ]
INFO: [ view_filter ] --END-- [ RunTime:0.001000s ]
INFO: [ app_end ] --START--
INFO: Run Behavior\ShowPageTraceBehavior [ RunTime:0.001001s ]
INFO: [ app_end ] --END-- [ RunTime:0.001001s ]

[ 2018-01-02T18:54:47+08:00 ] ::1 /itcenter/index.php/Home/User/getNameData.html
INFO: [ app_init ] --START--
INFO: Run Behavior\BuildLiteBehavior [ RunTime:0.000000s ]
INFO: [ app_init ] --END-- [ RunTime:0.001000s ]
INFO: [ app_begin ] --START--
INFO: Run Behavior\ReadHtmlCacheBehavior [ RunTime:0.001000s ]
INFO: [ app_begin ] --END-- [ RunTime:0.001000s ]
SQL: SHOW COLUMNS FROM `user` [ RunTime:0.0010s ]
SQL: SELECT `id`,`name` FROM `user`  [ RunTime:0.0010s ]

[ 2018-01-02T18:54:47+08:00 ] ::1 /itcenter/index.php/Home/User/getOptionData/type/6.html
INFO: [ app_init ] --START--
INFO: Run Behavior\BuildLiteBehavior [ RunTime:0.000000s ]
INFO: [ app_init ] --END-- [ RunTime:0.002000s ]
INFO: [ app_begin ] --START--
INFO: Run Behavior\ReadHtmlCacheBehavior [ RunTime:0.001000s ]
INFO: [ app_begin ] --END-- [ RunTime:0.002000s ]
SQL: SHOW COLUMNS FROM `option` [ RunTime:0.0010s ]
SQL: SELECT `id`,`option_name` FROM `option` WHERE `type` = '6'  [ RunTime:0.0010s ]

[ 2018-01-02T18:54:47+08:00 ] ::1 /itcenter/index.php/Home/User/getOptionData/type/7.html
INFO: [ app_init ] --START--
INFO: Run Behavior\BuildLiteBehavior [ RunTime:0.000000s ]
INFO: [ app_init ] --END-- [ RunTime:0.001000s ]
INFO: [ app_begin ] --START--
INFO: Run Behavior\ReadHtmlCacheBehavior [ RunTime:0.001000s ]
INFO: [ app_begin ] --END-- [ RunTime:0.002000s ]
SQL: SHOW COLUMNS FROM `option` [ RunTime:0.0010s ]
SQL: SELECT `id`,`option_name` FROM `option` WHERE `type` = '7'  [ RunTime:0.0000s ]

[ 2018-01-02T18:54:47+08:00 ] ::1 /itcenter/index.php/Home/Asset/getOptionData/type/6.html
INFO: [ app_init ] --START--
INFO: Run Behavior\BuildLiteBehavior [ RunTime:0.000000s ]
INFO: [ app_init ] --END-- [ RunTime:0.001000s ]
INFO: [ app_begin ] --START--
INFO: Run Behavior\ReadHtmlCacheBehavior [ RunTime:0.001000s ]
INFO: [ app_begin ] --END-- [ RunTime:0.001000s ]
SQL: SHOW COLUMNS FROM `option` [ RunTime:0.0010s ]
SQL: SELECT `id`,`option_name` FROM `option` WHERE `type` = '6'  [ RunTime:0.0010s ]

[ 2018-01-02T18:54:47+08:00 ] ::1 /itcenter/index.php/Home/Asset/getOptionData/type/7.html
INFO: [ app_init ] --START--
INFO: Run Behavior\BuildLiteBehavior [ RunTime:0.000000s ]
INFO: [ app_init ] --END-- [ RunTime:0.000000s ]
INFO: [ app_begin ] --START--
INFO: Run Behavior\ReadHtmlCacheBehavior [ RunTime:0.001000s ]
INFO: [ app_begin ] --END-- [ RunTime:0.001000s ]
SQL: SHOW COLUMNS FROM `option` [ RunTime:0.0010s ]
SQL: SELECT `id`,`option_name` FROM `option` WHERE `type` = '7'  [ RunTime:0.0010s ]

[ 2018-01-02T18:54:47+08:00 ] ::1 /itcenter/index.php/Home/User/getUserListData.html
INFO: [ app_init ] --START--
INFO: Run Behavior\BuildLiteBehavior [ RunTime:0.000000s ]
INFO: [ app_init ] --END-- [ RunTime:0.001000s ]
INFO: [ app_begin ] --START--
INFO: Run Behavior\ReadHtmlCacheBehavior [ RunTime:0.000000s ]
INFO: [ app_begin ] --END-- [ RunTime:0.001001s ]
SQL: SHOW COLUMNS FROM `option` [ RunTime:0.0010s ]
SQL: SELECT * FROM `option`  [ RunTime:0.0000s ]
NOTIC: [8] Undefined index: sName D:\wamp64\www\ITCenter\Application\Home\Controller\UserController.class.php 第 12 行.
NOTIC: [8] Undefined index: sDepartment D:\wamp64\www\ITCenter\Application\Home\Controller\UserController.class.php 第 15 行.
NOTIC: [8] Undefined index: sJob D:\wamp64\www\ITCenter\Application\Home\Controller\UserController.class.php 第 18 行.
NOTIC: [8] Undefined index: sOfficePhone D:\wamp64\www\ITCenter\Application\Home\Controller\UserController.class.php 第 21 行.
NOTIC: [8] Undefined index: sMobilePhone D:\wamp64\www\ITCenter\Application\Home\Controller\UserController.class.php 第 24 行.
SQL: SHOW COLUMNS FROM `user` [ RunTime:0.0010s ]
SQL: SELECT * FROM `user` ORDER BY create_date desc LIMIT 0,20   [ RunTime:0.0010s ]

[ 2018-01-02T18:55:00+08:00 ] ::1 /ITCenter/index.php/Home/User/tableImport
INFO: [ app_init ] --START--
INFO: Run Behavior\BuildLiteBehavior [ RunTime:0.000000s ]
INFO: [ app_init ] --END-- [ RunTime:0.001000s ]
INFO: [ app_begin ] --START--
INFO: Run Behavior\ReadHtmlCacheBehavior [ RunTime:0.001000s ]
INFO: [ app_begin ] --END-- [ RunTime:0.001000s ]
SQL: SHOW COLUMNS FROM `option` [ RunTime:0.0010s ]
SQL: SELECT * FROM `option`  [ RunTime:0.0010s ]
SQL: SHOW COLUMNS FROM `user` [ RunTime:0.0010s ]
SQL: SELECT * FROM `user` WHERE `name` = '哈哈哈' LIMIT 1   [ RunTime:0.0000s ]
SQL: INSERT INTO `user` (`name`,`department`,`job`,`office_phone`,`mobile_phone`,`create_date`) VALUES ('哈哈哈','54','72','8866727','1234567890','2018-01-02 18:55:00') [ RunTime:0.0000s ]
SQL: SELECT * FROM `user` WHERE `name` = '李军' LIMIT 1   [ RunTime:0.0000s ]
SQL: SELECT * FROM `user` WHERE `name` = '陈瑜' LIMIT 1   [ RunTime:0.0000s ]
SQL: SELECT * FROM `user` WHERE `name` = '许远帆' LIMIT 1   [ RunTime:0.0010s ]
SQL: SELECT * FROM `user` WHERE `name` = '赵士劲' LIMIT 1   [ RunTime:0.0010s ]
SQL: SELECT * FROM `user` WHERE `name` = '黄守超' LIMIT 1   [ RunTime:0.0000s ]
SQL: SELECT * FROM `user` WHERE `name` = '何燕群' LIMIT 1   [ RunTime:0.0000s ]
SQL: SELECT * FROM `user` WHERE `name` = '张麦龙' LIMIT 1   [ RunTime:0.0000s ]
SQL: SELECT * FROM `user` WHERE `name` = '郑小波' LIMIT 1   [ RunTime:0.0000s ]
SQL: SELECT * FROM `user` WHERE `name` = '钟刚' LIMIT 1   [ RunTime:0.0010s ]
SQL: SELECT * FROM `user` WHERE `name` = '黄廉团' LIMIT 1   [ RunTime:0.0000s ]
SQL: SELECT * FROM `user` WHERE `name` = '冯浦' LIMIT 1   [ RunTime:0.0000s ]
SQL: SELECT * FROM `user` WHERE `name` = '何泉章' LIMIT 1   [ RunTime:0.0000s ]
SQL: SELECT * FROM `user` WHERE `name` = '黄晓风' LIMIT 1   [ RunTime:0.0010s ]
SQL: SELECT * FROM `user` WHERE `name` = '叶增潮' LIMIT 1   [ RunTime:0.0010s ]

[ 2018-01-02T18:55:00+08:00 ] ::1 /itcenter/index.php/Home/User/getUserListData.html
INFO: [ app_init ] --START--
INFO: Run Behavior\BuildLiteBehavior [ RunTime:0.000000s ]
INFO: [ app_init ] --END-- [ RunTime:0.001000s ]
INFO: [ app_begin ] --START--
INFO: Run Behavior\ReadHtmlCacheBehavior [ RunTime:0.002000s ]
INFO: [ app_begin ] --END-- [ RunTime:0.002000s ]
SQL: SHOW COLUMNS FROM `option` [ RunTime:0.0010s ]
SQL: SELECT * FROM `option`  [ RunTime:0.0010s ]
NOTIC: [8] Undefined index: sName D:\wamp64\www\ITCenter\Application\Home\Controller\UserController.class.php 第 12 行.
NOTIC: [8] Undefined index: sDepartment D:\wamp64\www\ITCenter\Application\Home\Controller\UserController.class.php 第 15 行.
NOTIC: [8] Undefined index: sJob D:\wamp64\www\ITCenter\Application\Home\Controller\UserController.class.php 第 18 行.
NOTIC: [8] Undefined index: sOfficePhone D:\wamp64\www\ITCenter\Application\Home\Controller\UserController.class.php 第 21 行.
NOTIC: [8] Undefined index: sMobilePhone D:\wamp64\www\ITCenter\Application\Home\Controller\UserController.class.php 第 24 行.
SQL: SHOW COLUMNS FROM `user` [ RunTime:0.0010s ]
SQL: SELECT * FROM `user` ORDER BY create_date desc LIMIT 0,20   [ RunTime:0.0030s ]

[ 2018-01-02T21:41:17+08:00 ] ::1 /itcenter/index.php/Home/Asset/userList.html
INFO: [ app_init ] --START--
INFO: Run Behavior\BuildLiteBehavior [ RunTime:0.000000s ]
INFO: [ app_init ] --END-- [ RunTime:0.001000s ]
INFO: [ app_begin ] --START--
INFO: Run Behavior\ReadHtmlCacheBehavior [ RunTime:0.001000s ]
INFO: [ app_begin ] --END-- [ RunTime:0.002000s ]
INFO: [ view_parse ] --START--
INFO: [ template_filter ] --START--
INFO: Run Behavior\ContentReplaceBehavior [ RunTime:0.001000s ]
INFO: [ template_filter ] --END-- [ RunTime:0.001000s ]
INFO: Run Behavior\ParseTemplateBehavior [ RunTime:0.016001s ]
INFO: [ view_parse ] --END-- [ RunTime:0.016001s ]
INFO: [ view_filter ] --START--
INFO: Run Behavior\WriteHtmlCacheBehavior [ RunTime:0.000000s ]
INFO: [ view_filter ] --END-- [ RunTime:0.001000s ]
INFO: [ app_end ] --START--
INFO: Run Behavior\ShowPageTraceBehavior [ RunTime:0.002000s ]
INFO: [ app_end ] --END-- [ RunTime:0.002000s ]

[ 2018-01-02T21:41:17+08:00 ] ::1 /itcenter/index.php/Home/User/getNameData.html
INFO: [ app_init ] --START--
INFO: Run Behavior\BuildLiteBehavior [ RunTime:0.000000s ]
INFO: [ app_init ] --END-- [ RunTime:0.002000s ]
INFO: [ app_begin ] --START--
INFO: Run Behavior\ReadHtmlCacheBehavior [ RunTime:0.001000s ]
INFO: [ app_begin ] --END-- [ RunTime:0.001000s ]
SQL: SHOW COLUMNS FROM `user` [ RunTime:0.0010s ]
SQL: SELECT `id`,`name` FROM `user`  [ RunTime:0.0010s ]

[ 2018-01-02T21:41:17+08:00 ] ::1 /itcenter/index.php/Home/User/getOptionData/type/6.html
INFO: [ app_init ] --START--
INFO: Run Behavior\BuildLiteBehavior [ RunTime:0.000000s ]
INFO: [ app_init ] --END-- [ RunTime:0.001000s ]
INFO: [ app_begin ] --START--
INFO: Run Behavior\ReadHtmlCacheBehavior [ RunTime:0.001000s ]
INFO: [ app_begin ] --END-- [ RunTime:0.002000s ]
SQL: SHOW COLUMNS FROM `option` [ RunTime:0.0010s ]
SQL: SELECT `id`,`option_name` FROM `option` WHERE `type` = '6'  [ RunTime:0.0010s ]

[ 2018-01-02T21:41:17+08:00 ] ::1 /itcenter/index.php/Home/User/getOptionData/type/7.html
INFO: [ app_init ] --START--
INFO: Run Behavior\BuildLiteBehavior [ RunTime:0.000000s ]
INFO: [ app_init ] --END-- [ RunTime:0.001000s ]
INFO: [ app_begin ] --START--
INFO: Run Behavior\ReadHtmlCacheBehavior [ RunTime:0.002001s ]
INFO: [ app_begin ] --END-- [ RunTime:0.002001s ]
SQL: SHOW COLUMNS FROM `option` [ RunTime:0.0020s ]
SQL: SELECT `id`,`option_name` FROM `option` WHERE `type` = '7'  [ RunTime:0.0010s ]

[ 2018-01-02T21:41:17+08:00 ] ::1 /itcenter/index.php/Home/Asset/getOptionData/type/6.html
INFO: [ app_init ] --START--
INFO: Run Behavior\BuildLiteBehavior [ RunTime:0.000000s ]
INFO: [ app_init ] --END-- [ RunTime:0.001000s ]
INFO: [ app_begin ] --START--
INFO: Run Behavior\ReadHtmlCacheBehavior [ RunTime:0.001000s ]
INFO: [ app_begin ] --END-- [ RunTime:0.001000s ]
SQL: SHOW COLUMNS FROM `option` [ RunTime:0.0010s ]
SQL: SELECT `id`,`option_name` FROM `option` WHERE `type` = '6'  [ RunTime:0.0010s ]

[ 2018-01-02T21:41:17+08:00 ] ::1 /itcenter/index.php/Home/Asset/getOptionData/type/7.html
INFO: [ app_init ] --START--
INFO: Run Behavior\BuildLiteBehavior [ RunTime:0.000000s ]
INFO: [ app_init ] --END-- [ RunTime:0.001000s ]
INFO: [ app_begin ] --START--
INFO: Run Behavior\ReadHtmlCacheBehavior [ RunTime:0.001000s ]
INFO: [ app_begin ] --END-- [ RunTime:0.001000s ]
SQL: SHOW COLUMNS FROM `option` [ RunTime:0.0000s ]
SQL: SELECT `id`,`option_name` FROM `option` WHERE `type` = '7'  [ RunTime:0.0010s ]

[ 2018-01-02T21:41:17+08:00 ] ::1 /itcenter/index.php/Home/User/getUserListData.html
INFO: [ app_init ] --START--
INFO: Run Behavior\BuildLiteBehavior [ RunTime:0.000000s ]
INFO: [ app_init ] --END-- [ RunTime:0.001000s ]
INFO: [ app_begin ] --START--
INFO: Run Behavior\ReadHtmlCacheBehavior [ RunTime:0.000000s ]
INFO: [ app_begin ] --END-- [ RunTime:0.001000s ]
SQL: SHOW COLUMNS FROM `option` [ RunTime:0.0010s ]
SQL: SELECT * FROM `option`  [ RunTime:0.0010s ]
NOTIC: [8] Undefined index: sName D:\wamp64\www\ITCenter\Application\Home\Controller\UserController.class.php 第 12 行.
NOTIC: [8] Undefined index: sDepartment D:\wamp64\www\ITCenter\Application\Home\Controller\UserController.class.php 第 15 行.
NOTIC: [8] Undefined index: sJob D:\wamp64\www\ITCenter\Application\Home\Controller\UserController.class.php 第 18 行.
NOTIC: [8] Undefined index: sOfficePhone D:\wamp64\www\ITCenter\Application\Home\Controller\UserController.class.php 第 21 行.
NOTIC: [8] Undefined index: sMobilePhone D:\wamp64\www\ITCenter\Application\Home\Controller\UserController.class.php 第 24 行.
SQL: SHOW COLUMNS FROM `user` [ RunTime:0.0000s ]
SQL: SELECT * FROM `user` ORDER BY create_date desc LIMIT 0,20   [ RunTime:0.0000s ]

[ 2018-01-02T21:41:19+08:00 ] ::1 /itcenter/index.php/Home/User/index.html
INFO: [ app_init ] --START--
INFO: Run Behavior\BuildLiteBehavior [ RunTime:0.000000s ]
INFO: [ app_init ] --END-- [ RunTime:0.000000s ]
INFO: [ app_begin ] --START--
INFO: Run Behavior\ReadHtmlCacheBehavior [ RunTime:0.000000s ]
INFO: [ app_begin ] --END-- [ RunTime:0.000000s ]

[ 2018-01-02T21:41:19+08:00 ] ::1 /itcenter/index.php/Home/Asset/userList.html
INFO: [ app_init ] --START--
INFO: Run Behavior\BuildLiteBehavior [ RunTime:0.000000s ]
INFO: [ app_init ] --END-- [ RunTime:0.001001s ]
INFO: [ app_begin ] --START--
INFO: Run Behavior\ReadHtmlCacheBehavior [ RunTime:0.000000s ]
INFO: [ app_begin ] --END-- [ RunTime:0.001000s ]
INFO: [ view_parse ] --START--
INFO: [ template_filter ] --START--
INFO: Run Behavior\ContentReplaceBehavior [ RunTime:0.000000s ]
INFO: [ template_filter ] --END-- [ RunTime:0.000000s ]
INFO: Run Behavior\ParseTemplateBehavior [ RunTime:0.015001s ]
INFO: [ view_parse ] --END-- [ RunTime:0.015001s ]
INFO: [ view_filter ] --START--
INFO: Run Behavior\WriteHtmlCacheBehavior [ RunTime:0.001000s ]
INFO: [ view_filter ] --END-- [ RunTime:0.001000s ]
INFO: [ app_end ] --START--
INFO: Run Behavior\ShowPageTraceBehavior [ RunTime:0.002000s ]
INFO: [ app_end ] --END-- [ RunTime:0.003000s ]

[ 2018-01-02T21:41:19+08:00 ] ::1 /itcenter/index.php/Home/User/getNameData.html
INFO: [ app_init ] --START--
INFO: Run Behavior\BuildLiteBehavior [ RunTime:0.000000s ]
INFO: [ app_init ] --END-- [ RunTime:0.001000s ]
INFO: [ app_begin ] --START--
INFO: Run Behavior\ReadHtmlCacheBehavior [ RunTime:0.001000s ]
INFO: [ app_begin ] --END-- [ RunTime:0.001000s ]
SQL: SHOW COLUMNS FROM `user` [ RunTime:0.0010s ]
SQL: SELECT `id`,`name` FROM `user`  [ RunTime:0.0010s ]

[ 2018-01-02T21:41:19+08:00 ] ::1 /itcenter/index.php/Home/User/getOptionData/type/6.html
INFO: [ app_init ] --START--
INFO: Run Behavior\BuildLiteBehavior [ RunTime:0.000000s ]
INFO: [ app_init ] --END-- [ RunTime:0.002000s ]
INFO: [ app_begin ] --START--
INFO: Run Behavior\ReadHtmlCacheBehavior [ RunTime:0.001000s ]
INFO: [ app_begin ] --END-- [ RunTime:0.001000s ]
SQL: SHOW COLUMNS FROM `option` [ RunTime:0.0010s ]
SQL: SELECT `id`,`option_name` FROM `option` WHERE `type` = '6'  [ RunTime:0.0010s ]

[ 2018-01-02T21:41:19+08:00 ] ::1 /itcenter/index.php/Home/User/getOptionData/type/7.html
INFO: [ app_init ] --START--
INFO: Run Behavior\BuildLiteBehavior [ RunTime:0.000000s ]
INFO: [ app_init ] --END-- [ RunTime:0.001000s ]
INFO: [ app_begin ] --START--
INFO: Run Behavior\ReadHtmlCacheBehavior [ RunTime:0.001000s ]
INFO: [ app_begin ] --END-- [ RunTime:0.001000s ]
SQL: SHOW COLUMNS FROM `option` [ RunTime:0.0010s ]
SQL: SELECT `id`,`option_name` FROM `option` WHERE `type` = '7'  [ RunTime:0.0010s ]

[ 2018-01-02T21:41:19+08:00 ] ::1 /itcenter/index.php/Home/Asset/getOptionData/type/6.html
INFO: [ app_init ] --START--
INFO: Run Behavior\BuildLiteBehavior [ RunTime:0.000000s ]
INFO: [ app_init ] --END-- [ RunTime:0.000000s ]
INFO: [ app_begin ] --START--
INFO: Run Behavior\ReadHtmlCacheBehavior [ RunTime:0.001000s ]
INFO: [ app_begin ] --END-- [ RunTime:0.001000s ]
SQL: SHOW COLUMNS FROM `option` [ RunTime:0.0010s ]
SQL: SELECT `id`,`option_name` FROM `option` WHERE `type` = '6'  [ RunTime:0.0000s ]

[ 2018-01-02T21:41:19+08:00 ] ::1 /itcenter/index.php/Home/Asset/getOptionData/type/7.html
INFO: [ app_init ] --START--
INFO: Run Behavior\BuildLiteBehavior [ RunTime:0.000000s ]
INFO: [ app_init ] --END-- [ RunTime:0.001000s ]
INFO: [ app_begin ] --START--
INFO: Run Behavior\ReadHtmlCacheBehavior [ RunTime:0.001000s ]
INFO: [ app_begin ] --END-- [ RunTime:0.001000s ]
SQL: SHOW COLUMNS FROM `option` [ RunTime:0.0010s ]
SQL: SELECT `id`,`option_name` FROM `option` WHERE `type` = '7'  [ RunTime:0.0010s ]

[ 2018-01-02T21:41:19+08:00 ] ::1 /itcenter/index.php/Home/User/getUserListData.html
INFO: [ app_init ] --START--
INFO: Run Behavior\BuildLiteBehavior [ RunTime:0.000000s ]
INFO: [ app_init ] --END-- [ RunTime:0.001000s ]
INFO: [ app_begin ] --START--
INFO: Run Behavior\ReadHtmlCacheBehavior [ RunTime:0.001000s ]
INFO: [ app_begin ] --END-- [ RunTime:0.002000s ]
SQL: SHOW COLUMNS FROM `option` [ RunTime:0.0000s ]
SQL: SELECT * FROM `option`  [ RunTime:0.0010s ]
NOTIC: [8] Undefined index: sName D:\wamp64\www\ITCenter\Application\Home\Controller\UserController.class.php 第 12 行.
NOTIC: [8] Undefined index: sDepartment D:\wamp64\www\ITCenter\Application\Home\Controller\UserController.class.php 第 15 行.
NOTIC: [8] Undefined index: sJob D:\wamp64\www\ITCenter\Application\Home\Controller\UserController.class.php 第 18 行.
NOTIC: [8] Undefined index: sOfficePhone D:\wamp64\www\ITCenter\Application\Home\Controller\UserController.class.php 第 21 行.
NOTIC: [8] Undefined index: sMobilePhone D:\wamp64\www\ITCenter\Application\Home\Controller\UserController.class.php 第 24 行.
SQL: SHOW COLUMNS FROM `user` [ RunTime:0.0010s ]
SQL: SELECT * FROM `user` ORDER BY create_date desc LIMIT 0,20   [ RunTime:0.0010s ]

[ 2018-01-02T21:41:34+08:00 ] ::1 /ITCenter/index.php/Home/User/userDestroy
INFO: [ app_init ] --START--
INFO: Run Behavior\BuildLiteBehavior [ RunTime:0.000000s ]
INFO: [ app_init ] --END-- [ RunTime:0.000000s ]
INFO: [ app_begin ] --START--
INFO: Run Behavior\ReadHtmlCacheBehavior [ RunTime:0.000000s ]
INFO: [ app_begin ] --END-- [ RunTime:0.000000s ]
SQL: SHOW COLUMNS FROM `user` [ RunTime:0.0000s ]
SQL: SELECT * FROM `user` WHERE `id` = 195 LIMIT 1   [ RunTime:0.0000s ]
SQL: SHOW COLUMNS FROM `log` [ RunTime:0.0000s ]
SQL: INSERT INTO `log` (`type`,`text`,`create_date`) VALUES ('3','删除【人员（哈哈哈）】','2018-01-02 21:41:34') [ RunTime:0.0000s ]
SQL: DELETE FROM `user` WHERE `id` = 195 [ RunTime:0.0000s ]

[ 2018-01-02T21:41:34+08:00 ] ::1 /itcenter/index.php/Home/User/getUserListData.html
INFO: [ app_init ] --START--
INFO: Run Behavior\BuildLiteBehavior [ RunTime:0.000000s ]
INFO: [ app_init ] --END-- [ RunTime:0.001000s ]
INFO: [ app_begin ] --START--
INFO: Run Behavior\ReadHtmlCacheBehavior [ RunTime:0.001000s ]
INFO: [ app_begin ] --END-- [ RunTime:0.001000s ]
SQL: SHOW COLUMNS FROM `option` [ RunTime:0.0010s ]
SQL: SELECT * FROM `option`  [ RunTime:0.0000s ]
NOTIC: [8] Undefined index: sName D:\wamp64\www\ITCenter\Application\Home\Controller\UserController.class.php 第 12 行.
NOTIC: [8] Undefined index: sDepartment D:\wamp64\www\ITCenter\Application\Home\Controller\UserController.class.php 第 15 行.
NOTIC: [8] Undefined index: sJob D:\wamp64\www\ITCenter\Application\Home\Controller\UserController.class.php 第 18 行.
NOTIC: [8] Undefined index: sOfficePhone D:\wamp64\www\ITCenter\Application\Home\Controller\UserController.class.php 第 21 行.
NOTIC: [8] Undefined index: sMobilePhone D:\wamp64\www\ITCenter\Application\Home\Controller\UserController.class.php 第 24 行.
SQL: SHOW COLUMNS FROM `user` [ RunTime:0.0000s ]
SQL: SELECT * FROM `user` ORDER BY create_date desc LIMIT 0,20   [ RunTime:0.0000s ]

[ 2018-01-02T21:41:42+08:00 ] ::1 /ITCenter/index.php/Home/User/tableImport
INFO: [ app_init ] --START--
INFO: Run Behavior\BuildLiteBehavior [ RunTime:0.000000s ]
INFO: [ app_init ] --END-- [ RunTime:0.000000s ]
INFO: [ app_begin ] --START--
INFO: Run Behavior\ReadHtmlCacheBehavior [ RunTime:0.001000s ]
INFO: [ app_begin ] --END-- [ RunTime:0.001000s ]
SQL: SHOW COLUMNS FROM `option` [ RunTime:0.0000s ]
SQL: SELECT * FROM `option`  [ RunTime:0.0010s ]
SQL: SHOW COLUMNS FROM `user` [ RunTime:0.0010s ]
SQL: SELECT * FROM `user` WHERE `name` = '哈哈哈' LIMIT 1   [ RunTime:0.0000s ]
SQL: INSERT INTO `user` (`name`,`department`,`job`,`office_phone`,`mobile_phone`,`create_date`) VALUES ('哈哈哈','54','72','8866727','1234567890','2018-01-02 21:41:42') [ RunTime:0.0000s ]
SQL: SELECT * FROM `user` WHERE `name` = '李军' LIMIT 1   [ RunTime:0.0000s ]
SQL: SELECT * FROM `user` WHERE `name` = '陈瑜' LIMIT 1   [ RunTime:0.0000s ]
SQL: SELECT * FROM `user` WHERE `name` = '许远帆' LIMIT 1   [ RunTime:0.0000s ]
SQL: SELECT * FROM `user` WHERE `name` = '赵士劲' LIMIT 1   [ RunTime:0.0000s ]
SQL: SELECT * FROM `user` WHERE `name` = '黄守超' LIMIT 1   [ RunTime:0.0010s ]
SQL: SELECT * FROM `user` WHERE `name` = '何燕群' LIMIT 1   [ RunTime:0.0000s ]
SQL: SELECT * FROM `user` WHERE `name` = '张麦龙' LIMIT 1   [ RunTime:0.0000s ]
SQL: SELECT * FROM `user` WHERE `name` = '郑小波' LIMIT 1   [ RunTime:0.0000s ]
SQL: SELECT * FROM `user` WHERE `name` = '钟刚' LIMIT 1   [ RunTime:0.0000s ]
SQL: SELECT * FROM `user` WHERE `name` = '黄廉团' LIMIT 1   [ RunTime:0.0010s ]
SQL: SELECT * FROM `user` WHERE `name` = '冯浦' LIMIT 1   [ RunTime:0.0010s ]
SQL: SELECT * FROM `user` WHERE `name` = '何泉章' LIMIT 1   [ RunTime:0.0010s ]
SQL: SELECT * FROM `user` WHERE `name` = '黄晓风' LIMIT 1   [ RunTime:0.0000s ]
SQL: SELECT * FROM `user` WHERE `name` = '叶增潮' LIMIT 1   [ RunTime:0.0010s ]
INFO: [ app_end ] --START--
INFO: Run Behavior\ShowPageTraceBehavior [ RunTime:0.001000s ]
INFO: [ app_end ] --END-- [ RunTime:0.002000s ]

[ 2018-01-02T21:41:43+08:00 ] ::1 /itcenter/index.php/Home/User/getUserListData.html
INFO: [ app_init ] --START--
INFO: Run Behavior\BuildLiteBehavior [ RunTime:0.000000s ]
INFO: [ app_init ] --END-- [ RunTime:0.000000s ]
INFO: [ app_begin ] --START--
INFO: Run Behavior\ReadHtmlCacheBehavior [ RunTime:0.015600s ]
INFO: [ app_begin ] --END-- [ RunTime:0.015600s ]
SQL: SHOW COLUMNS FROM `option` [ RunTime:0.0010s ]
SQL: SELECT * FROM `option`  [ RunTime:0.0010s ]
NOTIC: [8] Undefined index: sName D:\wamp64\www\ITCenter\Application\Home\Controller\UserController.class.php 第 12 行.
NOTIC: [8] Undefined index: sDepartment D:\wamp64\www\ITCenter\Application\Home\Controller\UserController.class.php 第 15 行.
NOTIC: [8] Undefined index: sJob D:\wamp64\www\ITCenter\Application\Home\Controller\UserController.class.php 第 18 行.
NOTIC: [8] Undefined index: sOfficePhone D:\wamp64\www\ITCenter\Application\Home\Controller\UserController.class.php 第 21 行.
NOTIC: [8] Undefined index: sMobilePhone D:\wamp64\www\ITCenter\Application\Home\Controller\UserController.class.php 第 24 行.
SQL: SHOW COLUMNS FROM `user` [ RunTime:0.0000s ]
SQL: SELECT * FROM `user` ORDER BY create_date desc LIMIT 0,20   [ RunTime:0.0010s ]

[ 2018-01-02T21:42:06+08:00 ] ::1 /itcenter/index.php/Home/Asset/userList.html
INFO: [ app_init ] --START--
INFO: Run Behavior\BuildLiteBehavior [ RunTime:0.000000s ]
INFO: [ app_init ] --END-- [ RunTime:0.000000s ]
INFO: [ app_begin ] --START--
INFO: Run Behavior\ReadHtmlCacheBehavior [ RunTime:0.001000s ]
INFO: [ app_begin ] --END-- [ RunTime:0.001000s ]
INFO: [ view_parse ] --START--
INFO: [ template_filter ] --START--
INFO: Run Behavior\ContentReplaceBehavior [ RunTime:0.000000s ]
INFO: [ template_filter ] --END-- [ RunTime:0.001000s ]
INFO: Run Behavior\ParseTemplateBehavior [ RunTime:0.016001s ]
INFO: [ view_parse ] --END-- [ RunTime:0.017001s ]
INFO: [ view_filter ] --START--
INFO: Run Behavior\WriteHtmlCacheBehavior [ RunTime:0.001000s ]
INFO: [ view_filter ] --END-- [ RunTime:0.001000s ]
INFO: [ app_end ] --START--
INFO: Run Behavior\ShowPageTraceBehavior [ RunTime:0.004000s ]
INFO: [ app_end ] --END-- [ RunTime:0.004000s ]

[ 2018-01-02T21:42:06+08:00 ] ::1 /itcenter/index.php/Home/User/getNameData.html
INFO: [ app_init ] --START--
INFO: Run Behavior\BuildLiteBehavior [ RunTime:0.000000s ]
INFO: [ app_init ] --END-- [ RunTime:0.002000s ]
INFO: [ app_begin ] --START--
INFO: Run Behavior\ReadHtmlCacheBehavior [ RunTime:0.001000s ]
INFO: [ app_begin ] --END-- [ RunTime:0.001000s ]
SQL: SHOW COLUMNS FROM `user` [ RunTime:0.0000s ]
SQL: SELECT `id`,`name` FROM `user`  [ RunTime:0.0000s ]

[ 2018-01-02T21:42:06+08:00 ] ::1 /itcenter/index.php/Home/User/getOptionData/type/6.html
INFO: [ app_init ] --START--
INFO: Run Behavior\BuildLiteBehavior [ RunTime:0.000000s ]
INFO: [ app_init ] --END-- [ RunTime:0.001000s ]
INFO: [ app_begin ] --START--
INFO: Run Behavior\ReadHtmlCacheBehavior [ RunTime:0.001000s ]
INFO: [ app_begin ] --END-- [ RunTime:0.002000s ]
SQL: SHOW COLUMNS FROM `option` [ RunTime:0.0010s ]
SQL: SELECT `id`,`option_name` FROM `option` WHERE `type` = '6'  [ RunTime:0.0010s ]

[ 2018-01-02T21:42:06+08:00 ] ::1 /itcenter/index.php/Home/User/getOptionData/type/7.html
INFO: [ app_init ] --START--
INFO: Run Behavior\BuildLiteBehavior [ RunTime:0.000000s ]
INFO: [ app_init ] --END-- [ RunTime:0.001000s ]
INFO: [ app_begin ] --START--
INFO: Run Behavior\ReadHtmlCacheBehavior [ RunTime:0.001000s ]
INFO: [ app_begin ] --END-- [ RunTime:0.003000s ]
SQL: SHOW COLUMNS FROM `option` [ RunTime:0.0010s ]
SQL: SELECT `id`,`option_name` FROM `option` WHERE `type` = '7'  [ RunTime:0.0010s ]

[ 2018-01-02T21:42:06+08:00 ] ::1 /itcenter/index.php/Home/Asset/getOptionData/type/6.html
INFO: [ app_init ] --START--
INFO: Run Behavior\BuildLiteBehavior [ RunTime:0.000000s ]
INFO: [ app_init ] --END-- [ RunTime:0.001000s ]
INFO: [ app_begin ] --START--
INFO: Run Behavior\ReadHtmlCacheBehavior [ RunTime:0.001000s ]
INFO: [ app_begin ] --END-- [ RunTime:0.001000s ]
SQL: SHOW COLUMNS FROM `option` [ RunTime:0.0010s ]
SQL: SELECT `id`,`option_name` FROM `option` WHERE `type` = '6'  [ RunTime:0.0000s ]

[ 2018-01-02T21:42:06+08:00 ] ::1 /itcenter/index.php/Home/Asset/getOptionData/type/7.html
INFO: [ app_init ] --START--
INFO: Run Behavior\BuildLiteBehavior [ RunTime:0.001000s ]
INFO: [ app_init ] --END-- [ RunTime:0.001000s ]
INFO: [ app_begin ] --START--
INFO: Run Behavior\ReadHtmlCacheBehavior [ RunTime:0.002001s ]
INFO: [ app_begin ] --END-- [ RunTime:0.002001s ]
SQL: SHOW COLUMNS FROM `option` [ RunTime:0.0010s ]
SQL: SELECT `id`,`option_name` FROM `option` WHERE `type` = '7'  [ RunTime:0.0000s ]

[ 2018-01-02T21:42:07+08:00 ] ::1 /itcenter/index.php/Home/User/getUserListData.html
INFO: [ app_init ] --START--
INFO: Run Behavior\BuildLiteBehavior [ RunTime:0.000000s ]
INFO: [ app_init ] --END-- [ RunTime:0.001000s ]
INFO: [ app_begin ] --START--
INFO: Run Behavior\ReadHtmlCacheBehavior [ RunTime:0.001000s ]
INFO: [ app_begin ] --END-- [ RunTime:0.001000s ]
SQL: SHOW COLUMNS FROM `option` [ RunTime:0.0010s ]
SQL: SELECT * FROM `option`  [ RunTime:0.0010s ]
NOTIC: [8] Undefined index: sName D:\wamp64\www\ITCenter\Application\Home\Controller\UserController.class.php 第 12 行.
NOTIC: [8] Undefined index: sDepartment D:\wamp64\www\ITCenter\Application\Home\Controller\UserController.class.php 第 15 行.
NOTIC: [8] Undefined index: sJob D:\wamp64\www\ITCenter\Application\Home\Controller\UserController.class.php 第 18 行.
NOTIC: [8] Undefined index: sOfficePhone D:\wamp64\www\ITCenter\Application\Home\Controller\UserController.class.php 第 21 行.
NOTIC: [8] Undefined index: sMobilePhone D:\wamp64\www\ITCenter\Application\Home\Controller\UserController.class.php 第 24 行.
SQL: SHOW COLUMNS FROM `user` [ RunTime:0.0010s ]
SQL: SELECT * FROM `user` ORDER BY create_date desc LIMIT 0,20   [ RunTime:0.0010s ]

[ 2018-01-02T21:42:11+08:00 ] ::1 /ITCenter/index.php/Home/User/userDestroy
INFO: [ app_init ] --START--
INFO: Run Behavior\BuildLiteBehavior [ RunTime:0.000000s ]
INFO: [ app_init ] --END-- [ RunTime:0.001000s ]
INFO: [ app_begin ] --START--
INFO: Run Behavior\ReadHtmlCacheBehavior [ RunTime:0.001000s ]
INFO: [ app_begin ] --END-- [ RunTime:0.001000s ]
SQL: SHOW COLUMNS FROM `user` [ RunTime:0.0010s ]
SQL: SELECT * FROM `user` WHERE `id` = 196 LIMIT 1   [ RunTime:0.0000s ]
SQL: SHOW COLUMNS FROM `log` [ RunTime:0.0010s ]
SQL: INSERT INTO `log` (`type`,`text`,`create_date`) VALUES ('3','删除【人员（哈哈哈）】','2018-01-02 21:42:11') [ RunTime:0.0000s ]
SQL: DELETE FROM `user` WHERE `id` = 196 [ RunTime:0.0000s ]

[ 2018-01-02T21:42:11+08:00 ] ::1 /itcenter/index.php/Home/User/getUserListData.html
INFO: [ app_init ] --START--
INFO: Run Behavior\BuildLiteBehavior [ RunTime:0.000000s ]
INFO: [ app_init ] --END-- [ RunTime:0.000000s ]
INFO: [ app_begin ] --START--
INFO: Run Behavior\ReadHtmlCacheBehavior [ RunTime:0.000000s ]
INFO: [ app_begin ] --END-- [ RunTime:0.000000s ]
SQL: SHOW COLUMNS FROM `option` [ RunTime:0.0010s ]
SQL: SELECT * FROM `option`  [ RunTime:0.0010s ]
NOTIC: [8] Undefined index: sName D:\wamp64\www\ITCenter\Application\Home\Controller\UserController.class.php 第 12 行.
NOTIC: [8] Undefined index: sDepartment D:\wamp64\www\ITCenter\Application\Home\Controller\UserController.class.php 第 15 行.
NOTIC: [8] Undefined index: sJob D:\wamp64\www\ITCenter\Application\Home\Controller\UserController.class.php 第 18 行.
NOTIC: [8] Undefined index: sOfficePhone D:\wamp64\www\ITCenter\Application\Home\Controller\UserController.class.php 第 21 行.
NOTIC: [8] Undefined index: sMobilePhone D:\wamp64\www\ITCenter\Application\Home\Controller\UserController.class.php 第 24 行.
SQL: SHOW COLUMNS FROM `user` [ RunTime:0.0010s ]
SQL: SELECT * FROM `user` ORDER BY create_date desc LIMIT 0,20   [ RunTime:0.0010s ]

[ 2018-01-02T21:42:21+08:00 ] ::1 /ITCenter/index.php/Home/User/tableImport
INFO: [ app_init ] --START--
INFO: Run Behavior\BuildLiteBehavior [ RunTime:0.000000s ]
INFO: [ app_init ] --END-- [ RunTime:0.001000s ]
INFO: [ app_begin ] --START--
INFO: Run Behavior\ReadHtmlCacheBehavior [ RunTime:0.001000s ]
INFO: [ app_begin ] --END-- [ RunTime:0.001000s ]
SQL: SHOW COLUMNS FROM `option` [ RunTime:0.0000s ]
SQL: SELECT * FROM `option`  [ RunTime:0.0010s ]
SQL: SHOW COLUMNS FROM `user` [ RunTime:0.0010s ]
SQL: SELECT * FROM `user` WHERE `name` = '哈哈哈' LIMIT 1   [ RunTime:0.0010s ]
SQL: INSERT INTO `user` (`name`,`department`,`job`,`office_phone`,`mobile_phone`,`create_date`) VALUES ('哈哈哈','54','72','8866727','1234567890','2018-01-02 21:42:21') [ RunTime:0.0000s ]
SQL: SELECT * FROM `user` WHERE `name` = '李军' LIMIT 1   [ RunTime:0.0010s ]
SQL: SELECT * FROM `user` WHERE `name` = '陈瑜' LIMIT 1   [ RunTime:0.0000s ]
SQL: SELECT * FROM `user` WHERE `name` = '许远帆' LIMIT 1   [ RunTime:0.0000s ]
SQL: SELECT * FROM `user` WHERE `name` = '赵士劲' LIMIT 1   [ RunTime:0.0000s ]
SQL: SELECT * FROM `user` WHERE `name` = '黄守超' LIMIT 1   [ RunTime:0.0000s ]
SQL: SELECT * FROM `user` WHERE `name` = '何燕群' LIMIT 1   [ RunTime:0.0010s ]
SQL: SELECT * FROM `user` WHERE `name` = '张麦龙' LIMIT 1   [ RunTime:0.0000s ]
SQL: SELECT * FROM `user` WHERE `name` = '郑小波' LIMIT 1   [ RunTime:0.0000s ]
SQL: SELECT * FROM `user` WHERE `name` = '钟刚' LIMIT 1   [ RunTime:0.0000s ]
SQL: SELECT * FROM `user` WHERE `name` = '黄廉团' LIMIT 1   [ RunTime:0.0010s ]
SQL: SELECT * FROM `user` WHERE `name` = '冯浦' LIMIT 1   [ RunTime:0.0000s ]
SQL: SELECT * FROM `user` WHERE `name` = '何泉章' LIMIT 1   [ RunTime:0.0000s ]
SQL: SELECT * FROM `user` WHERE `name` = '黄晓风' LIMIT 1   [ RunTime:0.0000s ]
SQL: SELECT * FROM `user` WHERE `name` = '叶增潮' LIMIT 1   [ RunTime:0.0000s ]

[ 2018-01-02T21:42:21+08:00 ] ::1 /itcenter/index.php/Home/User/getUserListData.html
INFO: [ app_init ] --START--
INFO: Run Behavior\BuildLiteBehavior [ RunTime:0.000000s ]
INFO: [ app_init ] --END-- [ RunTime:0.001000s ]
INFO: [ app_begin ] --START--
INFO: Run Behavior\ReadHtmlCacheBehavior [ RunTime:0.002000s ]
INFO: [ app_begin ] --END-- [ RunTime:0.002000s ]
SQL: SHOW COLUMNS FROM `option` [ RunTime:0.0020s ]
SQL: SELECT * FROM `option`  [ RunTime:0.0000s ]
NOTIC: [8] Undefined index: sName D:\wamp64\www\ITCenter\Application\Home\Controller\UserController.class.php 第 12 行.
NOTIC: [8] Undefined index: sDepartment D:\wamp64\www\ITCenter\Application\Home\Controller\UserController.class.php 第 15 行.
NOTIC: [8] Undefined index: sJob D:\wamp64\www\ITCenter\Application\Home\Controller\UserController.class.php 第 18 行.
NOTIC: [8] Undefined index: sOfficePhone D:\wamp64\www\ITCenter\Application\Home\Controller\UserController.class.php 第 21 行.
NOTIC: [8] Undefined index: sMobilePhone D:\wamp64\www\ITCenter\Application\Home\Controller\UserController.class.php 第 24 行.
SQL: SHOW COLUMNS FROM `user` [ RunTime:0.0020s ]
SQL: SELECT * FROM `user` ORDER BY create_date desc LIMIT 0,20   [ RunTime:0.0010s ]

